[0.017s] Invoking command in '/home/king/Research/Research4/mmwave_ti_ros/ros2_driver/build/ti_mmwave_rospkg_msgs': CMAKE_PREFIX_PATH=${CMAKE_PREFIX_PATH}:/opt/ros/humble /usr/bin/cmake --build /home/king/Research/Research4/mmwave_ti_ros/ros2_driver/build/ti_mmwave_rospkg_msgs -- -j2 -l2
[0.082s] [35m[1mConsolidate compiler generated dependencies of target ti_mmwave_rospkg_msgs__rosidl_generator_c[0m
[0.088s] [  0%] Built target ti_mmwave_rospkg_msgs__cpp
[0.099s] [ 12%] Built target ti_mmwave_rospkg_msgs__rosidl_generator_c
[0.122s] [35m[1mConsolidate compiler generated dependencies of target ti_mmwave_rospkg_msgs__rosidl_typesupport_cpp[0m
[0.171s] [ 12%] Built target ament_cmake_python_copy_ti_mmwave_rospkg_msgs
[0.191s] [ 24%] Built target ti_mmwave_rospkg_msgs__rosidl_typesupport_cpp
[0.193s] [35m[1mConsolidate compiler generated dependencies of target ti_mmwave_rospkg_msgs__rosidl_typesupport_fastrtps_c[0m
[0.222s] [35m[1mConsolidate compiler generated dependencies of target ti_mmwave_rospkg_msgs__rosidl_typesupport_introspection_c[0m
[0.225s] [ 36%] Built target ti_mmwave_rospkg_msgs__rosidl_typesupport_fastrtps_c
[0.241s] [ 48%] Built target ti_mmwave_rospkg_msgs__rosidl_typesupport_introspection_c
[0.245s] [35m[1mConsolidate compiler generated dependencies of target ti_mmwave_rospkg_msgs__rosidl_typesupport_c[0m
[0.259s] [35m[1mConsolidate compiler generated dependencies of target ti_mmwave_rospkg_msgs__rosidl_typesupport_fastrtps_cpp[0m
[0.272s] [ 60%] Built target ti_mmwave_rospkg_msgs__rosidl_typesupport_c
[0.286s] [ 71%] Built target ti_mmwave_rospkg_msgs__rosidl_typesupport_fastrtps_cpp
[0.289s] [35m[1mConsolidate compiler generated dependencies of target ti_mmwave_rospkg_msgs__rosidl_typesupport_introspection_cpp[0m
[0.311s] [ 83%] Built target ti_mmwave_rospkg_msgs__rosidl_typesupport_introspection_cpp
[0.335s] [ 83%] Built target ti_mmwave_rospkg_msgs
[0.359s] [ 84%] Built target ti_mmwave_rospkg_msgs__py
[0.372s] [35m[1mConsolidate compiler generated dependencies of target ti_mmwave_rospkg_msgs__rosidl_generator_py[0m
[0.407s] [ 95%] Built target ti_mmwave_rospkg_msgs__rosidl_generator_py
[0.428s] [35m[1mConsolidate compiler generated dependencies of target ti_mmwave_rospkg_msgs__rosidl_typesupport_fastrtps_c__pyext[0m
[0.465s] [ 97%] Built target ti_mmwave_rospkg_msgs__rosidl_typesupport_fastrtps_c__pyext
[0.485s] [35m[1mConsolidate compiler generated dependencies of target ti_mmwave_rospkg_msgs__rosidl_typesupport_introspection_c__pyext[0m
[0.486s] running egg_info
[0.488s] writing ti_mmwave_rospkg_msgs.egg-info/PKG-INFO
[0.488s] writing dependency_links to ti_mmwave_rospkg_msgs.egg-info/dependency_links.txt
[0.498s] writing top-level names to ti_mmwave_rospkg_msgs.egg-info/top_level.txt
[0.499s] reading manifest file 'ti_mmwave_rospkg_msgs.egg-info/SOURCES.txt'
[0.499s] writing manifest file 'ti_mmwave_rospkg_msgs.egg-info/SOURCES.txt'
[0.524s] [ 99%] Built target ti_mmwave_rospkg_msgs__rosidl_typesupport_introspection_c__pyext
[0.563s] [35m[1mConsolidate compiler generated dependencies of target ti_mmwave_rospkg_msgs__rosidl_typesupport_c__pyext[0m
[0.567s] [ 99%] Built target ament_cmake_python_build_ti_mmwave_rospkg_msgs_egg
[0.587s] [100%] Built target ti_mmwave_rospkg_msgs__rosidl_typesupport_c__pyext
[0.601s] Invoked command in '/home/king/Research/Research4/mmwave_ti_ros/ros2_driver/build/ti_mmwave_rospkg_msgs' returned '0': CMAKE_PREFIX_PATH=${CMAKE_PREFIX_PATH}:/opt/ros/humble /usr/bin/cmake --build /home/king/Research/Research4/mmwave_ti_ros/ros2_driver/build/ti_mmwave_rospkg_msgs -- -j2 -l2
[0.601s] Invoking command in '/home/king/Research/Research4/mmwave_ti_ros/ros2_driver/build/ti_mmwave_rospkg_msgs': CMAKE_PREFIX_PATH=${CMAKE_PREFIX_PATH}:/opt/ros/humble /usr/bin/cmake --install /home/king/Research/Research4/mmwave_ti_ros/ros2_driver/build/ti_mmwave_rospkg_msgs
[0.610s] -- Install configuration: ""
[0.610s] -- Up-to-date: /home/king/Research/Research4/mmwave_ti_ros/ros2_driver/install/ti_mmwave_rospkg_msgs/share/ament_index/resource_index/rosidl_interfaces/ti_mmwave_rospkg_msgs
[0.610s] -- Up-to-date: /home/king/Research/Research4/mmwave_ti_ros/ros2_driver/install/ti_mmwave_rospkg_msgs/include/ti_mmwave_rospkg_msgs/ti_mmwave_rospkg_msgs
[0.611s] -- Up-to-date: /home/king/Research/Research4/mmwave_ti_ros/ros2_driver/install/ti_mmwave_rospkg_msgs/include/ti_mmwave_rospkg_msgs/ti_mmwave_rospkg_msgs/srv
[0.611s] -- Up-to-date: /home/king/Research/Research4/mmwave_ti_ros/ros2_driver/install/ti_mmwave_rospkg_msgs/include/ti_mmwave_rospkg_msgs/ti_mmwave_rospkg_msgs/srv/mmwave_cli.h
[0.611s] -- Up-to-date: /home/king/Research/Research4/mmwave_ti_ros/ros2_driver/install/ti_mmwave_rospkg_msgs/include/ti_mmwave_rospkg_msgs/ti_mmwave_rospkg_msgs/srv/detail
[0.611s] -- Up-to-date: /home/king/Research/Research4/mmwave_ti_ros/ros2_driver/install/ti_mmwave_rospkg_msgs/include/ti_mmwave_rospkg_msgs/ti_mmwave_rospkg_msgs/srv/detail/mmwave_cli__type_support.h
[0.611s] -- Up-to-date: /home/king/Research/Research4/mmwave_ti_ros/ros2_driver/install/ti_mmwave_rospkg_msgs/include/ti_mmwave_rospkg_msgs/ti_mmwave_rospkg_msgs/srv/detail/mmwave_cli__struct.h
[0.613s] -- Up-to-date: /home/king/Research/Research4/mmwave_ti_ros/ros2_driver/install/ti_mmwave_rospkg_msgs/include/ti_mmwave_rospkg_msgs/ti_mmwave_rospkg_msgs/srv/detail/mmwave_cli__functions.c
[0.613s] -- Up-to-date: /home/king/Research/Research4/mmwave_ti_ros/ros2_driver/install/ti_mmwave_rospkg_msgs/include/ti_mmwave_rospkg_msgs/ti_mmwave_rospkg_msgs/srv/detail/mmwave_cli__functions.h
[0.613s] -- Up-to-date: /home/king/Research/Research4/mmwave_ti_ros/ros2_driver/install/ti_mmwave_rospkg_msgs/include/ti_mmwave_rospkg_msgs/ti_mmwave_rospkg_msgs/msg
[0.614s] -- Up-to-date: /home/king/Research/Research4/mmwave_ti_ros/ros2_driver/install/ti_mmwave_rospkg_msgs/include/ti_mmwave_rospkg_msgs/ti_mmwave_rospkg_msgs/msg/radar_track_contents.h
[0.614s] -- Up-to-date: /home/king/Research/Research4/mmwave_ti_ros/ros2_driver/install/ti_mmwave_rospkg_msgs/include/ti_mmwave_rospkg_msgs/ti_mmwave_rospkg_msgs/msg/radar_occupancy.h
[0.614s] -- Up-to-date: /home/king/Research/Research4/mmwave_ti_ros/ros2_driver/install/ti_mmwave_rospkg_msgs/include/ti_mmwave_rospkg_msgs/ti_mmwave_rospkg_msgs/msg/radar_track_array.h
[0.614s] -- Up-to-date: /home/king/Research/Research4/mmwave_ti_ros/ros2_driver/install/ti_mmwave_rospkg_msgs/include/ti_mmwave_rospkg_msgs/ti_mmwave_rospkg_msgs/msg/radar_micro_doppler_data_contents.h
[0.614s] -- Up-to-date: /home/king/Research/Research4/mmwave_ti_ros/ros2_driver/install/ti_mmwave_rospkg_msgs/include/ti_mmwave_rospkg_msgs/ti_mmwave_rospkg_msgs/msg/radar_point_track_id.h
[0.615s] -- Up-to-date: /home/king/Research/Research4/mmwave_ti_ros/ros2_driver/install/ti_mmwave_rospkg_msgs/include/ti_mmwave_rospkg_msgs/ti_mmwave_rospkg_msgs/msg/radar_micro_doppler_feature_contents.h
[0.616s] -- Up-to-date: /home/king/Research/Research4/mmwave_ti_ros/ros2_driver/install/ti_mmwave_rospkg_msgs/include/ti_mmwave_rospkg_msgs/ti_mmwave_rospkg_msgs/msg/radar_classifier.h
[0.616s] -- Up-to-date: /home/king/Research/Research4/mmwave_ti_ros/ros2_driver/install/ti_mmwave_rospkg_msgs/include/ti_mmwave_rospkg_msgs/ti_mmwave_rospkg_msgs/msg/radar_micro_doppler_feature_array.h
[0.616s] -- Up-to-date: /home/king/Research/Research4/mmwave_ti_ros/ros2_driver/install/ti_mmwave_rospkg_msgs/include/ti_mmwave_rospkg_msgs/ti_mmwave_rospkg_msgs/msg/radar_micro_doppler_data_array.h
[0.616s] -- Up-to-date: /home/king/Research/Research4/mmwave_ti_ros/ros2_driver/install/ti_mmwave_rospkg_msgs/include/ti_mmwave_rospkg_msgs/ti_mmwave_rospkg_msgs/msg/radar_scan.h
[0.616s] -- Up-to-date: /home/king/Research/Research4/mmwave_ti_ros/ros2_driver/install/ti_mmwave_rospkg_msgs/include/ti_mmwave_rospkg_msgs/ti_mmwave_rospkg_msgs/msg/rosidl_generator_c__visibility_control.h
[0.616s] -- Up-to-date: /home/king/Research/Research4/mmwave_ti_ros/ros2_driver/install/ti_mmwave_rospkg_msgs/include/ti_mmwave_rospkg_msgs/ti_mmwave_rospkg_msgs/msg/detail
[0.616s] -- Up-to-date: /home/king/Research/Research4/mmwave_ti_ros/ros2_driver/install/ti_mmwave_rospkg_msgs/include/ti_mmwave_rospkg_msgs/ti_mmwave_rospkg_msgs/msg/detail/radar_micro_doppler_data_contents__type_support.h
[0.616s] -- Up-to-date: /home/king/Research/Research4/mmwave_ti_ros/ros2_driver/install/ti_mmwave_rospkg_msgs/include/ti_mmwave_rospkg_msgs/ti_mmwave_rospkg_msgs/msg/detail/radar_micro_doppler_data_contents__struct.h
[0.616s] -- Up-to-date: /home/king/Research/Research4/mmwave_ti_ros/ros2_driver/install/ti_mmwave_rospkg_msgs/include/ti_mmwave_rospkg_msgs/ti_mmwave_rospkg_msgs/msg/detail/radar_micro_doppler_data_array__type_support.h
[0.616s] -- Up-to-date: /home/king/Research/Research4/mmwave_ti_ros/ros2_driver/install/ti_mmwave_rospkg_msgs/include/ti_mmwave_rospkg_msgs/ti_mmwave_rospkg_msgs/msg/detail/radar_track_contents__struct.h
[0.616s] -- Up-to-date: /home/king/Research/Research4/mmwave_ti_ros/ros2_driver/install/ti_mmwave_rospkg_msgs/include/ti_mmwave_rospkg_msgs/ti_mmwave_rospkg_msgs/msg/detail/radar_micro_doppler_feature_contents__functions.h
[0.616s] -- Up-to-date: /home/king/Research/Research4/mmwave_ti_ros/ros2_driver/install/ti_mmwave_rospkg_msgs/include/ti_mmwave_rospkg_msgs/ti_mmwave_rospkg_msgs/msg/detail/radar_micro_doppler_data_array__functions.c
[0.616s] -- Up-to-date: /home/king/Research/Research4/mmwave_ti_ros/ros2_driver/install/ti_mmwave_rospkg_msgs/include/ti_mmwave_rospkg_msgs/ti_mmwave_rospkg_msgs/msg/detail/radar_track_contents__type_support.h
[0.616s] -- Up-to-date: /home/king/Research/Research4/mmwave_ti_ros/ros2_driver/install/ti_mmwave_rospkg_msgs/include/ti_mmwave_rospkg_msgs/ti_mmwave_rospkg_msgs/msg/detail/radar_track_array__functions.c
[0.616s] -- Up-to-date: /home/king/Research/Research4/mmwave_ti_ros/ros2_driver/install/ti_mmwave_rospkg_msgs/include/ti_mmwave_rospkg_msgs/ti_mmwave_rospkg_msgs/msg/detail/radar_point_track_id__struct.h
[0.616s] -- Up-to-date: /home/king/Research/Research4/mmwave_ti_ros/ros2_driver/install/ti_mmwave_rospkg_msgs/include/ti_mmwave_rospkg_msgs/ti_mmwave_rospkg_msgs/msg/detail/radar_track_contents__functions.h
[0.616s] -- Up-to-date: /home/king/Research/Research4/mmwave_ti_ros/ros2_driver/install/ti_mmwave_rospkg_msgs/include/ti_mmwave_rospkg_msgs/ti_mmwave_rospkg_msgs/msg/detail/radar_point_track_id__type_support.h
[0.616s] -- Up-to-date: /home/king/Research/Research4/mmwave_ti_ros/ros2_driver/install/ti_mmwave_rospkg_msgs/include/ti_mmwave_rospkg_msgs/ti_mmwave_rospkg_msgs/msg/detail/radar_track_array__struct.h
[0.616s] -- Up-to-date: /home/king/Research/Research4/mmwave_ti_ros/ros2_driver/install/ti_mmwave_rospkg_msgs/include/ti_mmwave_rospkg_msgs/ti_mmwave_rospkg_msgs/msg/detail/radar_micro_doppler_data_contents__functions.c
[0.617s] -- Up-to-date: /home/king/Research/Research4/mmwave_ti_ros/ros2_driver/install/ti_mmwave_rospkg_msgs/include/ti_mmwave_rospkg_msgs/ti_mmwave_rospkg_msgs/msg/detail/radar_scan__functions.h
[0.617s] -- Up-to-date: /home/king/Research/Research4/mmwave_ti_ros/ros2_driver/install/ti_mmwave_rospkg_msgs/include/ti_mmwave_rospkg_msgs/ti_mmwave_rospkg_msgs/msg/detail/radar_micro_doppler_data_array__functions.h
[0.617s] -- Up-to-date: /home/king/Research/Research4/mmwave_ti_ros/ros2_driver/install/ti_mmwave_rospkg_msgs/include/ti_mmwave_rospkg_msgs/ti_mmwave_rospkg_msgs/msg/detail/radar_point_track_id__functions.h
[0.617s] -- Up-to-date: /home/king/Research/Research4/mmwave_ti_ros/ros2_driver/install/ti_mmwave_rospkg_msgs/include/ti_mmwave_rospkg_msgs/ti_mmwave_rospkg_msgs/msg/detail/radar_classifier__type_support.h
[0.617s] -- Up-to-date: /home/king/Research/Research4/mmwave_ti_ros/ros2_driver/install/ti_mmwave_rospkg_msgs/include/ti_mmwave_rospkg_msgs/ti_mmwave_rospkg_msgs/msg/detail/radar_track_contents__functions.c
[0.617s] -- Up-to-date: /home/king/Research/Research4/mmwave_ti_ros/ros2_driver/install/ti_mmwave_rospkg_msgs/include/ti_mmwave_rospkg_msgs/ti_mmwave_rospkg_msgs/msg/detail/radar_scan__functions.c
[0.617s] -- Up-to-date: /home/king/Research/Research4/mmwave_ti_ros/ros2_driver/install/ti_mmwave_rospkg_msgs/include/ti_mmwave_rospkg_msgs/ti_mmwave_rospkg_msgs/msg/detail/radar_micro_doppler_feature_array__struct.h
[0.617s] -- Up-to-date: /home/king/Research/Research4/mmwave_ti_ros/ros2_driver/install/ti_mmwave_rospkg_msgs/include/ti_mmwave_rospkg_msgs/ti_mmwave_rospkg_msgs/msg/detail/radar_track_array__functions.h
[0.617s] -- Up-to-date: /home/king/Research/Research4/mmwave_ti_ros/ros2_driver/install/ti_mmwave_rospkg_msgs/include/ti_mmwave_rospkg_msgs/ti_mmwave_rospkg_msgs/msg/detail/radar_micro_doppler_feature_contents__struct.h
[0.617s] -- Up-to-date: /home/king/Research/Research4/mmwave_ti_ros/ros2_driver/install/ti_mmwave_rospkg_msgs/include/ti_mmwave_rospkg_msgs/ti_mmwave_rospkg_msgs/msg/detail/radar_track_array__type_support.h
[0.617s] -- Up-to-date: /home/king/Research/Research4/mmwave_ti_ros/ros2_driver/install/ti_mmwave_rospkg_msgs/include/ti_mmwave_rospkg_msgs/ti_mmwave_rospkg_msgs/msg/detail/radar_classifier__struct.h
[0.617s] -- Up-to-date: /home/king/Research/Research4/mmwave_ti_ros/ros2_driver/install/ti_mmwave_rospkg_msgs/include/ti_mmwave_rospkg_msgs/ti_mmwave_rospkg_msgs/msg/detail/radar_micro_doppler_feature_contents__type_support.h
[0.617s] -- Up-to-date: /home/king/Research/Research4/mmwave_ti_ros/ros2_driver/install/ti_mmwave_rospkg_msgs/include/ti_mmwave_rospkg_msgs/ti_mmwave_rospkg_msgs/msg/detail/radar_point_track_id__functions.c
[0.617s] -- Up-to-date: /home/king/Research/Research4/mmwave_ti_ros/ros2_driver/install/ti_mmwave_rospkg_msgs/include/ti_mmwave_rospkg_msgs/ti_mmwave_rospkg_msgs/msg/detail/radar_occupancy__functions.h
[0.617s] -- Up-to-date: /home/king/Research/Research4/mmwave_ti_ros/ros2_driver/install/ti_mmwave_rospkg_msgs/include/ti_mmwave_rospkg_msgs/ti_mmwave_rospkg_msgs/msg/detail/radar_micro_doppler_feature_array__functions.h
[0.617s] -- Up-to-date: /home/king/Research/Research4/mmwave_ti_ros/ros2_driver/install/ti_mmwave_rospkg_msgs/include/ti_mmwave_rospkg_msgs/ti_mmwave_rospkg_msgs/msg/detail/radar_scan__type_support.h
[0.617s] -- Up-to-date: /home/king/Research/Research4/mmwave_ti_ros/ros2_driver/install/ti_mmwave_rospkg_msgs/include/ti_mmwave_rospkg_msgs/ti_mmwave_rospkg_msgs/msg/detail/radar_micro_doppler_data_contents__functions.h
[0.617s] -- Up-to-date: /home/king/Research/Research4/mmwave_ti_ros/ros2_driver/install/ti_mmwave_rospkg_msgs/include/ti_mmwave_rospkg_msgs/ti_mmwave_rospkg_msgs/msg/detail/radar_micro_doppler_feature_array__type_support.h
[0.617s] -- Up-to-date: /home/king/Research/Research4/mmwave_ti_ros/ros2_driver/install/ti_mmwave_rospkg_msgs/include/ti_mmwave_rospkg_msgs/ti_mmwave_rospkg_msgs/msg/detail/radar_occupancy__functions.c
[0.617s] -- Up-to-date: /home/king/Research/Research4/mmwave_ti_ros/ros2_driver/install/ti_mmwave_rospkg_msgs/include/ti_mmwave_rospkg_msgs/ti_mmwave_rospkg_msgs/msg/detail/radar_occupancy__type_support.h
[0.617s] -- Up-to-date: /home/king/Research/Research4/mmwave_ti_ros/ros2_driver/install/ti_mmwave_rospkg_msgs/include/ti_mmwave_rospkg_msgs/ti_mmwave_rospkg_msgs/msg/detail/radar_micro_doppler_feature_array__functions.c
[0.617s] -- Up-to-date: /home/king/Research/Research4/mmwave_ti_ros/ros2_driver/install/ti_mmwave_rospkg_msgs/include/ti_mmwave_rospkg_msgs/ti_mmwave_rospkg_msgs/msg/detail/radar_classifier__functions.h
[0.617s] -- Up-to-date: /home/king/Research/Research4/mmwave_ti_ros/ros2_driver/install/ti_mmwave_rospkg_msgs/include/ti_mmwave_rospkg_msgs/ti_mmwave_rospkg_msgs/msg/detail/radar_classifier__functions.c
[0.617s] -- Up-to-date: /home/king/Research/Research4/mmwave_ti_ros/ros2_driver/install/ti_mmwave_rospkg_msgs/include/ti_mmwave_rospkg_msgs/ti_mmwave_rospkg_msgs/msg/detail/radar_micro_doppler_data_array__struct.h
[0.617s] -- Up-to-date: /home/king/Research/Research4/mmwave_ti_ros/ros2_driver/install/ti_mmwave_rospkg_msgs/include/ti_mmwave_rospkg_msgs/ti_mmwave_rospkg_msgs/msg/detail/radar_micro_doppler_feature_contents__functions.c
[0.617s] -- Up-to-date: /home/king/Research/Research4/mmwave_ti_ros/ros2_driver/install/ti_mmwave_rospkg_msgs/include/ti_mmwave_rospkg_msgs/ti_mmwave_rospkg_msgs/msg/detail/radar_scan__struct.h
[0.617s] -- Up-to-date: /home/king/Research/Research4/mmwave_ti_ros/ros2_driver/install/ti_mmwave_rospkg_msgs/include/ti_mmwave_rospkg_msgs/ti_mmwave_rospkg_msgs/msg/detail/radar_occupancy__struct.h
[0.617s] -- Up-to-date: /home/king/Research/Research4/mmwave_ti_ros/ros2_driver/install/ti_mmwave_rospkg_msgs/share/ti_mmwave_rospkg_msgs/environment/library_path.sh
[0.617s] -- Up-to-date: /home/king/Research/Research4/mmwave_ti_ros/ros2_driver/install/ti_mmwave_rospkg_msgs/share/ti_mmwave_rospkg_msgs/environment/library_path.dsv
[0.617s] -- Up-to-date: /home/king/Research/Research4/mmwave_ti_ros/ros2_driver/install/ti_mmwave_rospkg_msgs/lib/libti_mmwave_rospkg_msgs__rosidl_generator_c.so
[0.617s] -- Up-to-date: /home/king/Research/Research4/mmwave_ti_ros/ros2_driver/install/ti_mmwave_rospkg_msgs/include/ti_mmwave_rospkg_msgs/ti_mmwave_rospkg_msgs
[0.617s] -- Up-to-date: /home/king/Research/Research4/mmwave_ti_ros/ros2_driver/install/ti_mmwave_rospkg_msgs/include/ti_mmwave_rospkg_msgs/ti_mmwave_rospkg_msgs/srv
[0.617s] -- Up-to-date: /home/king/Research/Research4/mmwave_ti_ros/ros2_driver/install/ti_mmwave_rospkg_msgs/include/ti_mmwave_rospkg_msgs/ti_mmwave_rospkg_msgs/srv/detail
[0.618s] -- Up-to-date: /home/king/Research/Research4/mmwave_ti_ros/ros2_driver/install/ti_mmwave_rospkg_msgs/include/ti_mmwave_rospkg_msgs/ti_mmwave_rospkg_msgs/srv/detail/mmwave_cli__rosidl_typesupport_fastrtps_c.h
[0.618s] -- Up-to-date: /home/king/Research/Research4/mmwave_ti_ros/ros2_driver/install/ti_mmwave_rospkg_msgs/include/ti_mmwave_rospkg_msgs/ti_mmwave_rospkg_msgs/msg
[0.618s] -- Up-to-date: /home/king/Research/Research4/mmwave_ti_ros/ros2_driver/install/ti_mmwave_rospkg_msgs/include/ti_mmwave_rospkg_msgs/ti_mmwave_rospkg_msgs/msg/rosidl_typesupport_fastrtps_c__visibility_control.h
[0.618s] -- Up-to-date: /home/king/Research/Research4/mmwave_ti_ros/ros2_driver/install/ti_mmwave_rospkg_msgs/include/ti_mmwave_rospkg_msgs/ti_mmwave_rospkg_msgs/msg/detail
[0.618s] -- Up-to-date: /home/king/Research/Research4/mmwave_ti_ros/ros2_driver/install/ti_mmwave_rospkg_msgs/include/ti_mmwave_rospkg_msgs/ti_mmwave_rospkg_msgs/msg/detail/radar_scan__rosidl_typesupport_fastrtps_c.h
[0.618s] -- Up-to-date: /home/king/Research/Research4/mmwave_ti_ros/ros2_driver/install/ti_mmwave_rospkg_msgs/include/ti_mmwave_rospkg_msgs/ti_mmwave_rospkg_msgs/msg/detail/radar_micro_doppler_data_array__rosidl_typesupport_fastrtps_c.h
[0.618s] -- Up-to-date: /home/king/Research/Research4/mmwave_ti_ros/ros2_driver/install/ti_mmwave_rospkg_msgs/include/ti_mmwave_rospkg_msgs/ti_mmwave_rospkg_msgs/msg/detail/radar_classifier__rosidl_typesupport_fastrtps_c.h
[0.618s] -- Up-to-date: /home/king/Research/Research4/mmwave_ti_ros/ros2_driver/install/ti_mmwave_rospkg_msgs/include/ti_mmwave_rospkg_msgs/ti_mmwave_rospkg_msgs/msg/detail/radar_track_contents__rosidl_typesupport_fastrtps_c.h
[0.618s] -- Up-to-date: /home/king/Research/Research4/mmwave_ti_ros/ros2_driver/install/ti_mmwave_rospkg_msgs/include/ti_mmwave_rospkg_msgs/ti_mmwave_rospkg_msgs/msg/detail/radar_point_track_id__rosidl_typesupport_fastrtps_c.h
[0.618s] -- Up-to-date: /home/king/Research/Research4/mmwave_ti_ros/ros2_driver/install/ti_mmwave_rospkg_msgs/include/ti_mmwave_rospkg_msgs/ti_mmwave_rospkg_msgs/msg/detail/radar_track_array__rosidl_typesupport_fastrtps_c.h
[0.618s] -- Up-to-date: /home/king/Research/Research4/mmwave_ti_ros/ros2_driver/install/ti_mmwave_rospkg_msgs/include/ti_mmwave_rospkg_msgs/ti_mmwave_rospkg_msgs/msg/detail/radar_occupancy__rosidl_typesupport_fastrtps_c.h
[0.618s] -- Up-to-date: /home/king/Research/Research4/mmwave_ti_ros/ros2_driver/install/ti_mmwave_rospkg_msgs/include/ti_mmwave_rospkg_msgs/ti_mmwave_rospkg_msgs/msg/detail/radar_micro_doppler_feature_contents__rosidl_typesupport_fastrtps_c.h
[0.618s] -- Up-to-date: /home/king/Research/Research4/mmwave_ti_ros/ros2_driver/install/ti_mmwave_rospkg_msgs/include/ti_mmwave_rospkg_msgs/ti_mmwave_rospkg_msgs/msg/detail/radar_micro_doppler_feature_array__rosidl_typesupport_fastrtps_c.h
[0.618s] -- Up-to-date: /home/king/Research/Research4/mmwave_ti_ros/ros2_driver/install/ti_mmwave_rospkg_msgs/include/ti_mmwave_rospkg_msgs/ti_mmwave_rospkg_msgs/msg/detail/radar_micro_doppler_data_contents__rosidl_typesupport_fastrtps_c.h
[0.618s] -- Up-to-date: /home/king/Research/Research4/mmwave_ti_ros/ros2_driver/install/ti_mmwave_rospkg_msgs/lib/libti_mmwave_rospkg_msgs__rosidl_typesupport_fastrtps_c.so
[0.618s] -- Up-to-date: /home/king/Research/Research4/mmwave_ti_ros/ros2_driver/install/ti_mmwave_rospkg_msgs/include/ti_mmwave_rospkg_msgs/ti_mmwave_rospkg_msgs
[0.620s] -- Up-to-date: /home/king/Research/Research4/mmwave_ti_ros/ros2_driver/install/ti_mmwave_rospkg_msgs/include/ti_mmwave_rospkg_msgs/ti_mmwave_rospkg_msgs/srv
[0.621s] -- Up-to-date: /home/king/Research/Research4/mmwave_ti_ros/ros2_driver/install/ti_mmwave_rospkg_msgs/include/ti_mmwave_rospkg_msgs/ti_mmwave_rospkg_msgs/srv/detail
[0.621s] -- Up-to-date: /home/king/Research/Research4/mmwave_ti_ros/ros2_driver/install/ti_mmwave_rospkg_msgs/include/ti_mmwave_rospkg_msgs/ti_mmwave_rospkg_msgs/srv/detail/mmwave_cli__rosidl_typesupport_introspection_c.h
[0.621s] -- Up-to-date: /home/king/Research/Research4/mmwave_ti_ros/ros2_driver/install/ti_mmwave_rospkg_msgs/include/ti_mmwave_rospkg_msgs/ti_mmwave_rospkg_msgs/srv/detail/mmwave_cli__type_support.c
[0.621s] -- Up-to-date: /home/king/Research/Research4/mmwave_ti_ros/ros2_driver/install/ti_mmwave_rospkg_msgs/include/ti_mmwave_rospkg_msgs/ti_mmwave_rospkg_msgs/msg
[0.621s] -- Up-to-date: /home/king/Research/Research4/mmwave_ti_ros/ros2_driver/install/ti_mmwave_rospkg_msgs/include/ti_mmwave_rospkg_msgs/ti_mmwave_rospkg_msgs/msg/rosidl_typesupport_introspection_c__visibility_control.h
[0.621s] -- Up-to-date: /home/king/Research/Research4/mmwave_ti_ros/ros2_driver/install/ti_mmwave_rospkg_msgs/include/ti_mmwave_rospkg_msgs/ti_mmwave_rospkg_msgs/msg/detail
[0.621s] -- Up-to-date: /home/king/Research/Research4/mmwave_ti_ros/ros2_driver/install/ti_mmwave_rospkg_msgs/include/ti_mmwave_rospkg_msgs/ti_mmwave_rospkg_msgs/msg/detail/radar_classifier__type_support.c
[0.621s] -- Up-to-date: /home/king/Research/Research4/mmwave_ti_ros/ros2_driver/install/ti_mmwave_rospkg_msgs/include/ti_mmwave_rospkg_msgs/ti_mmwave_rospkg_msgs/msg/detail/radar_point_track_id__type_support.c
[0.622s] -- Up-to-date: /home/king/Research/Research4/mmwave_ti_ros/ros2_driver/install/ti_mmwave_rospkg_msgs/include/ti_mmwave_rospkg_msgs/ti_mmwave_rospkg_msgs/msg/detail/radar_track_contents__rosidl_typesupport_introspection_c.h
[0.622s] -- Up-to-date: /home/king/Research/Research4/mmwave_ti_ros/ros2_driver/install/ti_mmwave_rospkg_msgs/include/ti_mmwave_rospkg_msgs/ti_mmwave_rospkg_msgs/msg/detail/radar_micro_doppler_feature_array__type_support.c
[0.622s] -- Up-to-date: /home/king/Research/Research4/mmwave_ti_ros/ros2_driver/install/ti_mmwave_rospkg_msgs/include/ti_mmwave_rospkg_msgs/ti_mmwave_rospkg_msgs/msg/detail/radar_track_array__type_support.c
[0.622s] -- Up-to-date: /home/king/Research/Research4/mmwave_ti_ros/ros2_driver/install/ti_mmwave_rospkg_msgs/include/ti_mmwave_rospkg_msgs/ti_mmwave_rospkg_msgs/msg/detail/radar_micro_doppler_feature_contents__rosidl_typesupport_introspection_c.h
[0.622s] -- Up-to-date: /home/king/Research/Research4/mmwave_ti_ros/ros2_driver/install/ti_mmwave_rospkg_msgs/include/ti_mmwave_rospkg_msgs/ti_mmwave_rospkg_msgs/msg/detail/radar_point_track_id__rosidl_typesupport_introspection_c.h
[0.622s] -- Up-to-date: /home/king/Research/Research4/mmwave_ti_ros/ros2_driver/install/ti_mmwave_rospkg_msgs/include/ti_mmwave_rospkg_msgs/ti_mmwave_rospkg_msgs/msg/detail/radar_occupancy__rosidl_typesupport_introspection_c.h
[0.622s] -- Up-to-date: /home/king/Research/Research4/mmwave_ti_ros/ros2_driver/install/ti_mmwave_rospkg_msgs/include/ti_mmwave_rospkg_msgs/ti_mmwave_rospkg_msgs/msg/detail/radar_track_contents__type_support.c
[0.622s] -- Up-to-date: /home/king/Research/Research4/mmwave_ti_ros/ros2_driver/install/ti_mmwave_rospkg_msgs/include/ti_mmwave_rospkg_msgs/ti_mmwave_rospkg_msgs/msg/detail/radar_micro_doppler_data_array__type_support.c
[0.622s] -- Up-to-date: /home/king/Research/Research4/mmwave_ti_ros/ros2_driver/install/ti_mmwave_rospkg_msgs/include/ti_mmwave_rospkg_msgs/ti_mmwave_rospkg_msgs/msg/detail/radar_micro_doppler_feature_array__rosidl_typesupport_introspection_c.h
[0.622s] -- Up-to-date: /home/king/Research/Research4/mmwave_ti_ros/ros2_driver/install/ti_mmwave_rospkg_msgs/include/ti_mmwave_rospkg_msgs/ti_mmwave_rospkg_msgs/msg/detail/radar_micro_doppler_data_contents__rosidl_typesupport_introspection_c.h
[0.622s] -- Up-to-date: /home/king/Research/Research4/mmwave_ti_ros/ros2_driver/install/ti_mmwave_rospkg_msgs/include/ti_mmwave_rospkg_msgs/ti_mmwave_rospkg_msgs/msg/detail/radar_micro_doppler_data_array__rosidl_typesupport_introspection_c.h
[0.622s] -- Up-to-date: /home/king/Research/Research4/mmwave_ti_ros/ros2_driver/install/ti_mmwave_rospkg_msgs/include/ti_mmwave_rospkg_msgs/ti_mmwave_rospkg_msgs/msg/detail/radar_track_array__rosidl_typesupport_introspection_c.h
[0.622s] -- Up-to-date: /home/king/Research/Research4/mmwave_ti_ros/ros2_driver/install/ti_mmwave_rospkg_msgs/include/ti_mmwave_rospkg_msgs/ti_mmwave_rospkg_msgs/msg/detail/radar_scan__rosidl_typesupport_introspection_c.h
[0.622s] -- Up-to-date: /home/king/Research/Research4/mmwave_ti_ros/ros2_driver/install/ti_mmwave_rospkg_msgs/include/ti_mmwave_rospkg_msgs/ti_mmwave_rospkg_msgs/msg/detail/radar_scan__type_support.c
[0.622s] -- Up-to-date: /home/king/Research/Research4/mmwave_ti_ros/ros2_driver/install/ti_mmwave_rospkg_msgs/include/ti_mmwave_rospkg_msgs/ti_mmwave_rospkg_msgs/msg/detail/radar_occupancy__type_support.c
[0.622s] -- Up-to-date: /home/king/Research/Research4/mmwave_ti_ros/ros2_driver/install/ti_mmwave_rospkg_msgs/include/ti_mmwave_rospkg_msgs/ti_mmwave_rospkg_msgs/msg/detail/radar_classifier__rosidl_typesupport_introspection_c.h
[0.622s] -- Up-to-date: /home/king/Research/Research4/mmwave_ti_ros/ros2_driver/install/ti_mmwave_rospkg_msgs/include/ti_mmwave_rospkg_msgs/ti_mmwave_rospkg_msgs/msg/detail/radar_micro_doppler_feature_contents__type_support.c
[0.622s] -- Up-to-date: /home/king/Research/Research4/mmwave_ti_ros/ros2_driver/install/ti_mmwave_rospkg_msgs/include/ti_mmwave_rospkg_msgs/ti_mmwave_rospkg_msgs/msg/detail/radar_micro_doppler_data_contents__type_support.c
[0.622s] -- Up-to-date: /home/king/Research/Research4/mmwave_ti_ros/ros2_driver/install/ti_mmwave_rospkg_msgs/lib/libti_mmwave_rospkg_msgs__rosidl_typesupport_introspection_c.so
[0.622s] -- Up-to-date: /home/king/Research/Research4/mmwave_ti_ros/ros2_driver/install/ti_mmwave_rospkg_msgs/lib/libti_mmwave_rospkg_msgs__rosidl_typesupport_c.so
[0.622s] -- Up-to-date: /home/king/Research/Research4/mmwave_ti_ros/ros2_driver/install/ti_mmwave_rospkg_msgs/include/ti_mmwave_rospkg_msgs/ti_mmwave_rospkg_msgs
[0.622s] -- Up-to-date: /home/king/Research/Research4/mmwave_ti_ros/ros2_driver/install/ti_mmwave_rospkg_msgs/include/ti_mmwave_rospkg_msgs/ti_mmwave_rospkg_msgs/srv
[0.622s] -- Up-to-date: /home/king/Research/Research4/mmwave_ti_ros/ros2_driver/install/ti_mmwave_rospkg_msgs/include/ti_mmwave_rospkg_msgs/ti_mmwave_rospkg_msgs/srv/mmwave_cli.hpp
[0.622s] -- Up-to-date: /home/king/Research/Research4/mmwave_ti_ros/ros2_driver/install/ti_mmwave_rospkg_msgs/include/ti_mmwave_rospkg_msgs/ti_mmwave_rospkg_msgs/srv/detail
[0.622s] -- Up-to-date: /home/king/Research/Research4/mmwave_ti_ros/ros2_driver/install/ti_mmwave_rospkg_msgs/include/ti_mmwave_rospkg_msgs/ti_mmwave_rospkg_msgs/srv/detail/mmwave_cli__struct.hpp
[0.622s] -- Up-to-date: /home/king/Research/Research4/mmwave_ti_ros/ros2_driver/install/ti_mmwave_rospkg_msgs/include/ti_mmwave_rospkg_msgs/ti_mmwave_rospkg_msgs/srv/detail/mmwave_cli__type_support.hpp
[0.622s] -- Up-to-date: /home/king/Research/Research4/mmwave_ti_ros/ros2_driver/install/ti_mmwave_rospkg_msgs/include/ti_mmwave_rospkg_msgs/ti_mmwave_rospkg_msgs/srv/detail/mmwave_cli__traits.hpp
[0.622s] -- Up-to-date: /home/king/Research/Research4/mmwave_ti_ros/ros2_driver/install/ti_mmwave_rospkg_msgs/include/ti_mmwave_rospkg_msgs/ti_mmwave_rospkg_msgs/srv/detail/mmwave_cli__builder.hpp
[0.622s] -- Up-to-date: /home/king/Research/Research4/mmwave_ti_ros/ros2_driver/install/ti_mmwave_rospkg_msgs/include/ti_mmwave_rospkg_msgs/ti_mmwave_rospkg_msgs/msg
[0.622s] -- Up-to-date: /home/king/Research/Research4/mmwave_ti_ros/ros2_driver/install/ti_mmwave_rospkg_msgs/include/ti_mmwave_rospkg_msgs/ti_mmwave_rospkg_msgs/msg/radar_micro_doppler_feature_contents.hpp
[0.622s] -- Up-to-date: /home/king/Research/Research4/mmwave_ti_ros/ros2_driver/install/ti_mmwave_rospkg_msgs/include/ti_mmwave_rospkg_msgs/ti_mmwave_rospkg_msgs/msg/radar_micro_doppler_data_array.hpp
[0.622s] -- Up-to-date: /home/king/Research/Research4/mmwave_ti_ros/ros2_driver/install/ti_mmwave_rospkg_msgs/include/ti_mmwave_rospkg_msgs/ti_mmwave_rospkg_msgs/msg/radar_occupancy.hpp
[0.623s] -- Up-to-date: /home/king/Research/Research4/mmwave_ti_ros/ros2_driver/install/ti_mmwave_rospkg_msgs/include/ti_mmwave_rospkg_msgs/ti_mmwave_rospkg_msgs/msg/radar_micro_doppler_data_contents.hpp
[0.623s] -- Up-to-date: /home/king/Research/Research4/mmwave_ti_ros/ros2_driver/install/ti_mmwave_rospkg_msgs/include/ti_mmwave_rospkg_msgs/ti_mmwave_rospkg_msgs/msg/radar_micro_doppler_feature_array.hpp
[0.623s] -- Up-to-date: /home/king/Research/Research4/mmwave_ti_ros/ros2_driver/install/ti_mmwave_rospkg_msgs/include/ti_mmwave_rospkg_msgs/ti_mmwave_rospkg_msgs/msg/radar_track_array.hpp
[0.623s] -- Up-to-date: /home/king/Research/Research4/mmwave_ti_ros/ros2_driver/install/ti_mmwave_rospkg_msgs/include/ti_mmwave_rospkg_msgs/ti_mmwave_rospkg_msgs/msg/radar_point_track_id.hpp
[0.623s] -- Up-to-date: /home/king/Research/Research4/mmwave_ti_ros/ros2_driver/install/ti_mmwave_rospkg_msgs/include/ti_mmwave_rospkg_msgs/ti_mmwave_rospkg_msgs/msg/radar_scan.hpp
[0.623s] -- Up-to-date: /home/king/Research/Research4/mmwave_ti_ros/ros2_driver/install/ti_mmwave_rospkg_msgs/include/ti_mmwave_rospkg_msgs/ti_mmwave_rospkg_msgs/msg/radar_classifier.hpp
[0.623s] -- Up-to-date: /home/king/Research/Research4/mmwave_ti_ros/ros2_driver/install/ti_mmwave_rospkg_msgs/include/ti_mmwave_rospkg_msgs/ti_mmwave_rospkg_msgs/msg/radar_track_contents.hpp
[0.623s] -- Up-to-date: /home/king/Research/Research4/mmwave_ti_ros/ros2_driver/install/ti_mmwave_rospkg_msgs/include/ti_mmwave_rospkg_msgs/ti_mmwave_rospkg_msgs/msg/rosidl_generator_cpp__visibility_control.hpp
[0.625s] -- Up-to-date: /home/king/Research/Research4/mmwave_ti_ros/ros2_driver/install/ti_mmwave_rospkg_msgs/include/ti_mmwave_rospkg_msgs/ti_mmwave_rospkg_msgs/msg/detail
[0.625s] -- Up-to-date: /home/king/Research/Research4/mmwave_ti_ros/ros2_driver/install/ti_mmwave_rospkg_msgs/include/ti_mmwave_rospkg_msgs/ti_mmwave_rospkg_msgs/msg/detail/radar_micro_doppler_data_contents__builder.hpp
[0.626s] -- Up-to-date: /home/king/Research/Research4/mmwave_ti_ros/ros2_driver/install/ti_mmwave_rospkg_msgs/include/ti_mmwave_rospkg_msgs/ti_mmwave_rospkg_msgs/msg/detail/radar_scan__builder.hpp
[0.626s] -- Up-to-date: /home/king/Research/Research4/mmwave_ti_ros/ros2_driver/install/ti_mmwave_rospkg_msgs/include/ti_mmwave_rospkg_msgs/ti_mmwave_rospkg_msgs/msg/detail/radar_classifier__traits.hpp
[0.626s] -- Up-to-date: /home/king/Research/Research4/mmwave_ti_ros/ros2_driver/install/ti_mmwave_rospkg_msgs/include/ti_mmwave_rospkg_msgs/ti_mmwave_rospkg_msgs/msg/detail/radar_micro_doppler_data_contents__struct.hpp
[0.626s] -- Up-to-date: /home/king/Research/Research4/mmwave_ti_ros/ros2_driver/install/ti_mmwave_rospkg_msgs/include/ti_mmwave_rospkg_msgs/ti_mmwave_rospkg_msgs/msg/detail/radar_micro_doppler_feature_contents__traits.hpp
[0.626s] -- Up-to-date: /home/king/Research/Research4/mmwave_ti_ros/ros2_driver/install/ti_mmwave_rospkg_msgs/include/ti_mmwave_rospkg_msgs/ti_mmwave_rospkg_msgs/msg/detail/radar_point_track_id__builder.hpp
[0.626s] -- Up-to-date: /home/king/Research/Research4/mmwave_ti_ros/ros2_driver/install/ti_mmwave_rospkg_msgs/include/ti_mmwave_rospkg_msgs/ti_mmwave_rospkg_msgs/msg/detail/radar_micro_doppler_feature_array__builder.hpp
[0.626s] -- Up-to-date: /home/king/Research/Research4/mmwave_ti_ros/ros2_driver/install/ti_mmwave_rospkg_msgs/include/ti_mmwave_rospkg_msgs/ti_mmwave_rospkg_msgs/msg/detail/radar_track_array__struct.hpp
[0.626s] -- Up-to-date: /home/king/Research/Research4/mmwave_ti_ros/ros2_driver/install/ti_mmwave_rospkg_msgs/include/ti_mmwave_rospkg_msgs/ti_mmwave_rospkg_msgs/msg/detail/radar_track_contents__traits.hpp
[0.626s] -- Up-to-date: /home/king/Research/Research4/mmwave_ti_ros/ros2_driver/install/ti_mmwave_rospkg_msgs/include/ti_mmwave_rospkg_msgs/ti_mmwave_rospkg_msgs/msg/detail/radar_micro_doppler_data_contents__type_support.hpp
[0.626s] -- Up-to-date: /home/king/Research/Research4/mmwave_ti_ros/ros2_driver/install/ti_mmwave_rospkg_msgs/include/ti_mmwave_rospkg_msgs/ti_mmwave_rospkg_msgs/msg/detail/radar_track_array__type_support.hpp
[0.626s] -- Up-to-date: /home/king/Research/Research4/mmwave_ti_ros/ros2_driver/install/ti_mmwave_rospkg_msgs/include/ti_mmwave_rospkg_msgs/ti_mmwave_rospkg_msgs/msg/detail/radar_micro_doppler_data_array__type_support.hpp
[0.626s] -- Up-to-date: /home/king/Research/Research4/mmwave_ti_ros/ros2_driver/install/ti_mmwave_rospkg_msgs/include/ti_mmwave_rospkg_msgs/ti_mmwave_rospkg_msgs/msg/detail/radar_point_track_id__type_support.hpp
[0.626s] -- Up-to-date: /home/king/Research/Research4/mmwave_ti_ros/ros2_driver/install/ti_mmwave_rospkg_msgs/include/ti_mmwave_rospkg_msgs/ti_mmwave_rospkg_msgs/msg/detail/radar_micro_doppler_feature_array__type_support.hpp
[0.626s] -- Up-to-date: /home/king/Research/Research4/mmwave_ti_ros/ros2_driver/install/ti_mmwave_rospkg_msgs/include/ti_mmwave_rospkg_msgs/ti_mmwave_rospkg_msgs/msg/detail/radar_occupancy__type_support.hpp
[0.626s] -- Up-to-date: /home/king/Research/Research4/mmwave_ti_ros/ros2_driver/install/ti_mmwave_rospkg_msgs/include/ti_mmwave_rospkg_msgs/ti_mmwave_rospkg_msgs/msg/detail/radar_micro_doppler_feature_contents__builder.hpp
[0.626s] -- Up-to-date: /home/king/Research/Research4/mmwave_ti_ros/ros2_driver/install/ti_mmwave_rospkg_msgs/include/ti_mmwave_rospkg_msgs/ti_mmwave_rospkg_msgs/msg/detail/radar_track_contents__builder.hpp
[0.626s] -- Up-to-date: /home/king/Research/Research4/mmwave_ti_ros/ros2_driver/install/ti_mmwave_rospkg_msgs/include/ti_mmwave_rospkg_msgs/ti_mmwave_rospkg_msgs/msg/detail/radar_track_array__builder.hpp
[0.626s] -- Up-to-date: /home/king/Research/Research4/mmwave_ti_ros/ros2_driver/install/ti_mmwave_rospkg_msgs/include/ti_mmwave_rospkg_msgs/ti_mmwave_rospkg_msgs/msg/detail/radar_micro_doppler_feature_array__traits.hpp
[0.626s] -- Up-to-date: /home/king/Research/Research4/mmwave_ti_ros/ros2_driver/install/ti_mmwave_rospkg_msgs/include/ti_mmwave_rospkg_msgs/ti_mmwave_rospkg_msgs/msg/detail/radar_micro_doppler_data_array__traits.hpp
[0.626s] -- Up-to-date: /home/king/Research/Research4/mmwave_ti_ros/ros2_driver/install/ti_mmwave_rospkg_msgs/include/ti_mmwave_rospkg_msgs/ti_mmwave_rospkg_msgs/msg/detail/radar_micro_doppler_feature_contents__type_support.hpp
[0.626s] -- Up-to-date: /home/king/Research/Research4/mmwave_ti_ros/ros2_driver/install/ti_mmwave_rospkg_msgs/include/ti_mmwave_rospkg_msgs/ti_mmwave_rospkg_msgs/msg/detail/radar_classifier__builder.hpp
[0.627s] -- Up-to-date: /home/king/Research/Research4/mmwave_ti_ros/ros2_driver/install/ti_mmwave_rospkg_msgs/include/ti_mmwave_rospkg_msgs/ti_mmwave_rospkg_msgs/msg/detail/radar_occupancy__traits.hpp
[0.627s] -- Up-to-date: /home/king/Research/Research4/mmwave_ti_ros/ros2_driver/install/ti_mmwave_rospkg_msgs/include/ti_mmwave_rospkg_msgs/ti_mmwave_rospkg_msgs/msg/detail/radar_micro_doppler_data_array__struct.hpp
[0.627s] -- Up-to-date: /home/king/Research/Research4/mmwave_ti_ros/ros2_driver/install/ti_mmwave_rospkg_msgs/include/ti_mmwave_rospkg_msgs/ti_mmwave_rospkg_msgs/msg/detail/radar_point_track_id__traits.hpp
[0.627s] -- Up-to-date: /home/king/Research/Research4/mmwave_ti_ros/ros2_driver/install/ti_mmwave_rospkg_msgs/include/ti_mmwave_rospkg_msgs/ti_mmwave_rospkg_msgs/msg/detail/radar_micro_doppler_data_array__builder.hpp
[0.627s] -- Up-to-date: /home/king/Research/Research4/mmwave_ti_ros/ros2_driver/install/ti_mmwave_rospkg_msgs/include/ti_mmwave_rospkg_msgs/ti_mmwave_rospkg_msgs/msg/detail/radar_scan__type_support.hpp
[0.627s] -- Up-to-date: /home/king/Research/Research4/mmwave_ti_ros/ros2_driver/install/ti_mmwave_rospkg_msgs/include/ti_mmwave_rospkg_msgs/ti_mmwave_rospkg_msgs/msg/detail/radar_track_array__traits.hpp
[0.627s] -- Up-to-date: /home/king/Research/Research4/mmwave_ti_ros/ros2_driver/install/ti_mmwave_rospkg_msgs/include/ti_mmwave_rospkg_msgs/ti_mmwave_rospkg_msgs/msg/detail/radar_scan__traits.hpp
[0.627s] -- Up-to-date: /home/king/Research/Research4/mmwave_ti_ros/ros2_driver/install/ti_mmwave_rospkg_msgs/include/ti_mmwave_rospkg_msgs/ti_mmwave_rospkg_msgs/msg/detail/radar_micro_doppler_data_contents__traits.hpp
[0.627s] -- Up-to-date: /home/king/Research/Research4/mmwave_ti_ros/ros2_driver/install/ti_mmwave_rospkg_msgs/include/ti_mmwave_rospkg_msgs/ti_mmwave_rospkg_msgs/msg/detail/radar_micro_doppler_feature_contents__struct.hpp
[0.627s] -- Up-to-date: /home/king/Research/Research4/mmwave_ti_ros/ros2_driver/install/ti_mmwave_rospkg_msgs/include/ti_mmwave_rospkg_msgs/ti_mmwave_rospkg_msgs/msg/detail/radar_classifier__type_support.hpp
[0.627s] -- Up-to-date: /home/king/Research/Research4/mmwave_ti_ros/ros2_driver/install/ti_mmwave_rospkg_msgs/include/ti_mmwave_rospkg_msgs/ti_mmwave_rospkg_msgs/msg/detail/radar_point_track_id__struct.hpp
[0.627s] -- Up-to-date: /home/king/Research/Research4/mmwave_ti_ros/ros2_driver/install/ti_mmwave_rospkg_msgs/include/ti_mmwave_rospkg_msgs/ti_mmwave_rospkg_msgs/msg/detail/radar_occupancy__builder.hpp
[0.627s] -- Up-to-date: /home/king/Research/Research4/mmwave_ti_ros/ros2_driver/install/ti_mmwave_rospkg_msgs/include/ti_mmwave_rospkg_msgs/ti_mmwave_rospkg_msgs/msg/detail/radar_track_contents__struct.hpp
[0.627s] -- Up-to-date: /home/king/Research/Research4/mmwave_ti_ros/ros2_driver/install/ti_mmwave_rospkg_msgs/include/ti_mmwave_rospkg_msgs/ti_mmwave_rospkg_msgs/msg/detail/radar_occupancy__struct.hpp
[0.627s] -- Up-to-date: /home/king/Research/Research4/mmwave_ti_ros/ros2_driver/install/ti_mmwave_rospkg_msgs/include/ti_mmwave_rospkg_msgs/ti_mmwave_rospkg_msgs/msg/detail/radar_scan__struct.hpp
[0.627s] -- Up-to-date: /home/king/Research/Research4/mmwave_ti_ros/ros2_driver/install/ti_mmwave_rospkg_msgs/include/ti_mmwave_rospkg_msgs/ti_mmwave_rospkg_msgs/msg/detail/radar_micro_doppler_feature_array__struct.hpp
[0.627s] -- Up-to-date: /home/king/Research/Research4/mmwave_ti_ros/ros2_driver/install/ti_mmwave_rospkg_msgs/include/ti_mmwave_rospkg_msgs/ti_mmwave_rospkg_msgs/msg/detail/radar_classifier__struct.hpp
[0.627s] -- Up-to-date: /home/king/Research/Research4/mmwave_ti_ros/ros2_driver/install/ti_mmwave_rospkg_msgs/include/ti_mmwave_rospkg_msgs/ti_mmwave_rospkg_msgs/msg/detail/radar_track_contents__type_support.hpp
[0.627s] -- Up-to-date: /home/king/Research/Research4/mmwave_ti_ros/ros2_driver/install/ti_mmwave_rospkg_msgs/include/ti_mmwave_rospkg_msgs/ti_mmwave_rospkg_msgs
[0.627s] -- Up-to-date: /home/king/Research/Research4/mmwave_ti_ros/ros2_driver/install/ti_mmwave_rospkg_msgs/include/ti_mmwave_rospkg_msgs/ti_mmwave_rospkg_msgs/srv
[0.627s] -- Up-to-date: /home/king/Research/Research4/mmwave_ti_ros/ros2_driver/install/ti_mmwave_rospkg_msgs/include/ti_mmwave_rospkg_msgs/ti_mmwave_rospkg_msgs/srv/detail
[0.627s] -- Up-to-date: /home/king/Research/Research4/mmwave_ti_ros/ros2_driver/install/ti_mmwave_rospkg_msgs/include/ti_mmwave_rospkg_msgs/ti_mmwave_rospkg_msgs/srv/detail/mmwave_cli__rosidl_typesupport_fastrtps_cpp.hpp
[0.627s] -- Up-to-date: /home/king/Research/Research4/mmwave_ti_ros/ros2_driver/install/ti_mmwave_rospkg_msgs/include/ti_mmwave_rospkg_msgs/ti_mmwave_rospkg_msgs/srv/detail/dds_fastrtps
[0.627s] -- Up-to-date: /home/king/Research/Research4/mmwave_ti_ros/ros2_driver/install/ti_mmwave_rospkg_msgs/include/ti_mmwave_rospkg_msgs/ti_mmwave_rospkg_msgs/msg
[0.627s] -- Up-to-date: /home/king/Research/Research4/mmwave_ti_ros/ros2_driver/install/ti_mmwave_rospkg_msgs/include/ti_mmwave_rospkg_msgs/ti_mmwave_rospkg_msgs/msg/rosidl_typesupport_fastrtps_cpp__visibility_control.h
[0.627s] -- Up-to-date: /home/king/Research/Research4/mmwave_ti_ros/ros2_driver/install/ti_mmwave_rospkg_msgs/include/ti_mmwave_rospkg_msgs/ti_mmwave_rospkg_msgs/msg/detail
[0.627s] -- Up-to-date: /home/king/Research/Research4/mmwave_ti_ros/ros2_driver/install/ti_mmwave_rospkg_msgs/include/ti_mmwave_rospkg_msgs/ti_mmwave_rospkg_msgs/msg/detail/radar_classifier__rosidl_typesupport_fastrtps_cpp.hpp
[0.627s] -- Up-to-date: /home/king/Research/Research4/mmwave_ti_ros/ros2_driver/install/ti_mmwave_rospkg_msgs/include/ti_mmwave_rospkg_msgs/ti_mmwave_rospkg_msgs/msg/detail/radar_micro_doppler_data_contents__rosidl_typesupport_fastrtps_cpp.hpp
[0.627s] -- Up-to-date: /home/king/Research/Research4/mmwave_ti_ros/ros2_driver/install/ti_mmwave_rospkg_msgs/include/ti_mmwave_rospkg_msgs/ti_mmwave_rospkg_msgs/msg/detail/radar_scan__rosidl_typesupport_fastrtps_cpp.hpp
[0.627s] -- Up-to-date: /home/king/Research/Research4/mmwave_ti_ros/ros2_driver/install/ti_mmwave_rospkg_msgs/include/ti_mmwave_rospkg_msgs/ti_mmwave_rospkg_msgs/msg/detail/radar_occupancy__rosidl_typesupport_fastrtps_cpp.hpp
[0.628s] -- Up-to-date: /home/king/Research/Research4/mmwave_ti_ros/ros2_driver/install/ti_mmwave_rospkg_msgs/include/ti_mmwave_rospkg_msgs/ti_mmwave_rospkg_msgs/msg/detail/radar_track_contents__rosidl_typesupport_fastrtps_cpp.hpp
[0.628s] -- Up-to-date: /home/king/Research/Research4/mmwave_ti_ros/ros2_driver/install/ti_mmwave_rospkg_msgs/include/ti_mmwave_rospkg_msgs/ti_mmwave_rospkg_msgs/msg/detail/dds_fastrtps
[0.628s] -- Up-to-date: /home/king/Research/Research4/mmwave_ti_ros/ros2_driver/install/ti_mmwave_rospkg_msgs/include/ti_mmwave_rospkg_msgs/ti_mmwave_rospkg_msgs/msg/detail/radar_track_array__rosidl_typesupport_fastrtps_cpp.hpp
[0.628s] -- Up-to-date: /home/king/Research/Research4/mmwave_ti_ros/ros2_driver/install/ti_mmwave_rospkg_msgs/include/ti_mmwave_rospkg_msgs/ti_mmwave_rospkg_msgs/msg/detail/radar_point_track_id__rosidl_typesupport_fastrtps_cpp.hpp
[0.628s] -- Up-to-date: /home/king/Research/Research4/mmwave_ti_ros/ros2_driver/install/ti_mmwave_rospkg_msgs/include/ti_mmwave_rospkg_msgs/ti_mmwave_rospkg_msgs/msg/detail/radar_micro_doppler_feature_contents__rosidl_typesupport_fastrtps_cpp.hpp
[0.628s] -- Up-to-date: /home/king/Research/Research4/mmwave_ti_ros/ros2_driver/install/ti_mmwave_rospkg_msgs/include/ti_mmwave_rospkg_msgs/ti_mmwave_rospkg_msgs/msg/detail/radar_micro_doppler_data_array__rosidl_typesupport_fastrtps_cpp.hpp
[0.628s] -- Up-to-date: /home/king/Research/Research4/mmwave_ti_ros/ros2_driver/install/ti_mmwave_rospkg_msgs/include/ti_mmwave_rospkg_msgs/ti_mmwave_rospkg_msgs/msg/detail/radar_micro_doppler_feature_array__rosidl_typesupport_fastrtps_cpp.hpp
[0.628s] -- Up-to-date: /home/king/Research/Research4/mmwave_ti_ros/ros2_driver/install/ti_mmwave_rospkg_msgs/lib/libti_mmwave_rospkg_msgs__rosidl_typesupport_fastrtps_cpp.so
[0.628s] -- Up-to-date: /home/king/Research/Research4/mmwave_ti_ros/ros2_driver/install/ti_mmwave_rospkg_msgs/include/ti_mmwave_rospkg_msgs/ti_mmwave_rospkg_msgs
[0.628s] -- Up-to-date: /home/king/Research/Research4/mmwave_ti_ros/ros2_driver/install/ti_mmwave_rospkg_msgs/include/ti_mmwave_rospkg_msgs/ti_mmwave_rospkg_msgs/srv
[0.628s] -- Up-to-date: /home/king/Research/Research4/mmwave_ti_ros/ros2_driver/install/ti_mmwave_rospkg_msgs/include/ti_mmwave_rospkg_msgs/ti_mmwave_rospkg_msgs/srv/detail
[0.628s] -- Up-to-date: /home/king/Research/Research4/mmwave_ti_ros/ros2_driver/install/ti_mmwave_rospkg_msgs/include/ti_mmwave_rospkg_msgs/ti_mmwave_rospkg_msgs/srv/detail/mmwave_cli__type_support.cpp
[0.628s] -- Up-to-date: /home/king/Research/Research4/mmwave_ti_ros/ros2_driver/install/ti_mmwave_rospkg_msgs/include/ti_mmwave_rospkg_msgs/ti_mmwave_rospkg_msgs/srv/detail/mmwave_cli__rosidl_typesupport_introspection_cpp.hpp
[0.628s] -- Up-to-date: /home/king/Research/Research4/mmwave_ti_ros/ros2_driver/install/ti_mmwave_rospkg_msgs/include/ti_mmwave_rospkg_msgs/ti_mmwave_rospkg_msgs/msg
[0.630s] -- Up-to-date: /home/king/Research/Research4/mmwave_ti_ros/ros2_driver/install/ti_mmwave_rospkg_msgs/include/ti_mmwave_rospkg_msgs/ti_mmwave_rospkg_msgs/msg/detail
[0.631s] -- Up-to-date: /home/king/Research/Research4/mmwave_ti_ros/ros2_driver/install/ti_mmwave_rospkg_msgs/include/ti_mmwave_rospkg_msgs/ti_mmwave_rospkg_msgs/msg/detail/radar_scan__type_support.cpp
[0.631s] -- Up-to-date: /home/king/Research/Research4/mmwave_ti_ros/ros2_driver/install/ti_mmwave_rospkg_msgs/include/ti_mmwave_rospkg_msgs/ti_mmwave_rospkg_msgs/msg/detail/radar_track_array__type_support.cpp
[0.631s] -- Up-to-date: /home/king/Research/Research4/mmwave_ti_ros/ros2_driver/install/ti_mmwave_rospkg_msgs/include/ti_mmwave_rospkg_msgs/ti_mmwave_rospkg_msgs/msg/detail/radar_occupancy__rosidl_typesupport_introspection_cpp.hpp
[0.631s] -- Up-to-date: /home/king/Research/Research4/mmwave_ti_ros/ros2_driver/install/ti_mmwave_rospkg_msgs/include/ti_mmwave_rospkg_msgs/ti_mmwave_rospkg_msgs/msg/detail/radar_micro_doppler_data_array__rosidl_typesupport_introspection_cpp.hpp
[0.631s] -- Up-to-date: /home/king/Research/Research4/mmwave_ti_ros/ros2_driver/install/ti_mmwave_rospkg_msgs/include/ti_mmwave_rospkg_msgs/ti_mmwave_rospkg_msgs/msg/detail/radar_micro_doppler_feature_contents__rosidl_typesupport_introspection_cpp.hpp
[0.631s] -- Up-to-date: /home/king/Research/Research4/mmwave_ti_ros/ros2_driver/install/ti_mmwave_rospkg_msgs/include/ti_mmwave_rospkg_msgs/ti_mmwave_rospkg_msgs/msg/detail/radar_micro_doppler_data_contents__rosidl_typesupport_introspection_cpp.hpp
[0.631s] -- Up-to-date: /home/king/Research/Research4/mmwave_ti_ros/ros2_driver/install/ti_mmwave_rospkg_msgs/include/ti_mmwave_rospkg_msgs/ti_mmwave_rospkg_msgs/msg/detail/radar_track_contents__type_support.cpp
[0.631s] -- Up-to-date: /home/king/Research/Research4/mmwave_ti_ros/ros2_driver/install/ti_mmwave_rospkg_msgs/include/ti_mmwave_rospkg_msgs/ti_mmwave_rospkg_msgs/msg/detail/radar_track_array__rosidl_typesupport_introspection_cpp.hpp
[0.631s] -- Up-to-date: /home/king/Research/Research4/mmwave_ti_ros/ros2_driver/install/ti_mmwave_rospkg_msgs/include/ti_mmwave_rospkg_msgs/ti_mmwave_rospkg_msgs/msg/detail/radar_micro_doppler_feature_array__rosidl_typesupport_introspection_cpp.hpp
[0.631s] -- Up-to-date: /home/king/Research/Research4/mmwave_ti_ros/ros2_driver/install/ti_mmwave_rospkg_msgs/include/ti_mmwave_rospkg_msgs/ti_mmwave_rospkg_msgs/msg/detail/radar_micro_doppler_data_contents__type_support.cpp
[0.631s] -- Up-to-date: /home/king/Research/Research4/mmwave_ti_ros/ros2_driver/install/ti_mmwave_rospkg_msgs/include/ti_mmwave_rospkg_msgs/ti_mmwave_rospkg_msgs/msg/detail/radar_classifier__type_support.cpp
[0.631s] -- Up-to-date: /home/king/Research/Research4/mmwave_ti_ros/ros2_driver/install/ti_mmwave_rospkg_msgs/include/ti_mmwave_rospkg_msgs/ti_mmwave_rospkg_msgs/msg/detail/radar_track_contents__rosidl_typesupport_introspection_cpp.hpp
[0.631s] -- Up-to-date: /home/king/Research/Research4/mmwave_ti_ros/ros2_driver/install/ti_mmwave_rospkg_msgs/include/ti_mmwave_rospkg_msgs/ti_mmwave_rospkg_msgs/msg/detail/radar_point_track_id__rosidl_typesupport_introspection_cpp.hpp
[0.631s] -- Up-to-date: /home/king/Research/Research4/mmwave_ti_ros/ros2_driver/install/ti_mmwave_rospkg_msgs/include/ti_mmwave_rospkg_msgs/ti_mmwave_rospkg_msgs/msg/detail/radar_occupancy__type_support.cpp
[0.631s] -- Up-to-date: /home/king/Research/Research4/mmwave_ti_ros/ros2_driver/install/ti_mmwave_rospkg_msgs/include/ti_mmwave_rospkg_msgs/ti_mmwave_rospkg_msgs/msg/detail/radar_classifier__rosidl_typesupport_introspection_cpp.hpp
[0.631s] -- Up-to-date: /home/king/Research/Research4/mmwave_ti_ros/ros2_driver/install/ti_mmwave_rospkg_msgs/include/ti_mmwave_rospkg_msgs/ti_mmwave_rospkg_msgs/msg/detail/radar_point_track_id__type_support.cpp
[0.631s] -- Up-to-date: /home/king/Research/Research4/mmwave_ti_ros/ros2_driver/install/ti_mmwave_rospkg_msgs/include/ti_mmwave_rospkg_msgs/ti_mmwave_rospkg_msgs/msg/detail/radar_micro_doppler_feature_contents__type_support.cpp
[0.631s] -- Up-to-date: /home/king/Research/Research4/mmwave_ti_ros/ros2_driver/install/ti_mmwave_rospkg_msgs/include/ti_mmwave_rospkg_msgs/ti_mmwave_rospkg_msgs/msg/detail/radar_micro_doppler_feature_array__type_support.cpp
[0.631s] -- Up-to-date: /home/king/Research/Research4/mmwave_ti_ros/ros2_driver/install/ti_mmwave_rospkg_msgs/include/ti_mmwave_rospkg_msgs/ti_mmwave_rospkg_msgs/msg/detail/radar_scan__rosidl_typesupport_introspection_cpp.hpp
[0.631s] -- Up-to-date: /home/king/Research/Research4/mmwave_ti_ros/ros2_driver/install/ti_mmwave_rospkg_msgs/include/ti_mmwave_rospkg_msgs/ti_mmwave_rospkg_msgs/msg/detail/radar_micro_doppler_data_array__type_support.cpp
[0.631s] -- Up-to-date: /home/king/Research/Research4/mmwave_ti_ros/ros2_driver/install/ti_mmwave_rospkg_msgs/lib/libti_mmwave_rospkg_msgs__rosidl_typesupport_introspection_cpp.so
[0.631s] -- Up-to-date: /home/king/Research/Research4/mmwave_ti_ros/ros2_driver/install/ti_mmwave_rospkg_msgs/lib/libti_mmwave_rospkg_msgs__rosidl_typesupport_cpp.so
[0.631s] -- Up-to-date: /home/king/Research/Research4/mmwave_ti_ros/ros2_driver/install/ti_mmwave_rospkg_msgs/share/ti_mmwave_rospkg_msgs/environment/pythonpath.sh
[0.631s] -- Up-to-date: /home/king/Research/Research4/mmwave_ti_ros/ros2_driver/install/ti_mmwave_rospkg_msgs/share/ti_mmwave_rospkg_msgs/environment/pythonpath.dsv
[0.631s] -- Up-to-date: /home/king/Research/Research4/mmwave_ti_ros/ros2_driver/install/ti_mmwave_rospkg_msgs/local/lib/python3.10/dist-packages/ti_mmwave_rospkg_msgs-1.0.0-py3.10.egg-info
[0.631s] -- Installing: /home/king/Research/Research4/mmwave_ti_ros/ros2_driver/install/ti_mmwave_rospkg_msgs/local/lib/python3.10/dist-packages/ti_mmwave_rospkg_msgs-1.0.0-py3.10.egg-info/SOURCES.txt
[0.631s] -- Installing: /home/king/Research/Research4/mmwave_ti_ros/ros2_driver/install/ti_mmwave_rospkg_msgs/local/lib/python3.10/dist-packages/ti_mmwave_rospkg_msgs-1.0.0-py3.10.egg-info/top_level.txt
[0.632s] -- Installing: /home/king/Research/Research4/mmwave_ti_ros/ros2_driver/install/ti_mmwave_rospkg_msgs/local/lib/python3.10/dist-packages/ti_mmwave_rospkg_msgs-1.0.0-py3.10.egg-info/dependency_links.txt
[0.632s] -- Installing: /home/king/Research/Research4/mmwave_ti_ros/ros2_driver/install/ti_mmwave_rospkg_msgs/local/lib/python3.10/dist-packages/ti_mmwave_rospkg_msgs-1.0.0-py3.10.egg-info/PKG-INFO
[0.632s] -- Up-to-date: /home/king/Research/Research4/mmwave_ti_ros/ros2_driver/install/ti_mmwave_rospkg_msgs/local/lib/python3.10/dist-packages/ti_mmwave_rospkg_msgs
[0.632s] -- Up-to-date: /home/king/Research/Research4/mmwave_ti_ros/ros2_driver/install/ti_mmwave_rospkg_msgs/local/lib/python3.10/dist-packages/ti_mmwave_rospkg_msgs/srv
[0.632s] -- Up-to-date: /home/king/Research/Research4/mmwave_ti_ros/ros2_driver/install/ti_mmwave_rospkg_msgs/local/lib/python3.10/dist-packages/ti_mmwave_rospkg_msgs/srv/__init__.py
[0.632s] -- Up-to-date: /home/king/Research/Research4/mmwave_ti_ros/ros2_driver/install/ti_mmwave_rospkg_msgs/local/lib/python3.10/dist-packages/ti_mmwave_rospkg_msgs/srv/_mmwave_cli.py
[0.632s] -- Up-to-date: /home/king/Research/Research4/mmwave_ti_ros/ros2_driver/install/ti_mmwave_rospkg_msgs/local/lib/python3.10/dist-packages/ti_mmwave_rospkg_msgs/srv/_mmwave_cli_s.c
[0.632s] -- Up-to-date: /home/king/Research/Research4/mmwave_ti_ros/ros2_driver/install/ti_mmwave_rospkg_msgs/local/lib/python3.10/dist-packages/ti_mmwave_rospkg_msgs/msg
[0.632s] -- Up-to-date: /home/king/Research/Research4/mmwave_ti_ros/ros2_driver/install/ti_mmwave_rospkg_msgs/local/lib/python3.10/dist-packages/ti_mmwave_rospkg_msgs/msg/_radar_track_contents.py
[0.632s] -- Up-to-date: /home/king/Research/Research4/mmwave_ti_ros/ros2_driver/install/ti_mmwave_rospkg_msgs/local/lib/python3.10/dist-packages/ti_mmwave_rospkg_msgs/msg/_radar_micro_doppler_feature_array_s.c
[0.632s] -- Up-to-date: /home/king/Research/Research4/mmwave_ti_ros/ros2_driver/install/ti_mmwave_rospkg_msgs/local/lib/python3.10/dist-packages/ti_mmwave_rospkg_msgs/msg/_radar_point_track_id_s.c
[0.632s] -- Up-to-date: /home/king/Research/Research4/mmwave_ti_ros/ros2_driver/install/ti_mmwave_rospkg_msgs/local/lib/python3.10/dist-packages/ti_mmwave_rospkg_msgs/msg/_radar_micro_doppler_data_array.py
[0.632s] -- Up-to-date: /home/king/Research/Research4/mmwave_ti_ros/ros2_driver/install/ti_mmwave_rospkg_msgs/local/lib/python3.10/dist-packages/ti_mmwave_rospkg_msgs/msg/_radar_micro_doppler_data_array_s.c
[0.632s] -- Up-to-date: /home/king/Research/Research4/mmwave_ti_ros/ros2_driver/install/ti_mmwave_rospkg_msgs/local/lib/python3.10/dist-packages/ti_mmwave_rospkg_msgs/msg/_radar_scan.py
[0.632s] -- Up-to-date: /home/king/Research/Research4/mmwave_ti_ros/ros2_driver/install/ti_mmwave_rospkg_msgs/local/lib/python3.10/dist-packages/ti_mmwave_rospkg_msgs/msg/_radar_micro_doppler_feature_contents.py
[0.632s] -- Up-to-date: /home/king/Research/Research4/mmwave_ti_ros/ros2_driver/install/ti_mmwave_rospkg_msgs/local/lib/python3.10/dist-packages/ti_mmwave_rospkg_msgs/msg/_radar_track_array.py
[0.632s] -- Up-to-date: /home/king/Research/Research4/mmwave_ti_ros/ros2_driver/install/ti_mmwave_rospkg_msgs/local/lib/python3.10/dist-packages/ti_mmwave_rospkg_msgs/msg/_radar_track_array_s.c
[0.632s] -- Up-to-date: /home/king/Research/Research4/mmwave_ti_ros/ros2_driver/install/ti_mmwave_rospkg_msgs/local/lib/python3.10/dist-packages/ti_mmwave_rospkg_msgs/msg/_radar_classifier.py
[0.632s] -- Up-to-date: /home/king/Research/Research4/mmwave_ti_ros/ros2_driver/install/ti_mmwave_rospkg_msgs/local/lib/python3.10/dist-packages/ti_mmwave_rospkg_msgs/msg/_radar_micro_doppler_data_contents_s.c
[0.632s] -- Up-to-date: /home/king/Research/Research4/mmwave_ti_ros/ros2_driver/install/ti_mmwave_rospkg_msgs/local/lib/python3.10/dist-packages/ti_mmwave_rospkg_msgs/msg/__init__.py
[0.632s] -- Up-to-date: /home/king/Research/Research4/mmwave_ti_ros/ros2_driver/install/ti_mmwave_rospkg_msgs/local/lib/python3.10/dist-packages/ti_mmwave_rospkg_msgs/msg/_radar_micro_doppler_data_contents.py
[0.632s] -- Up-to-date: /home/king/Research/Research4/mmwave_ti_ros/ros2_driver/install/ti_mmwave_rospkg_msgs/local/lib/python3.10/dist-packages/ti_mmwave_rospkg_msgs/msg/_radar_occupancy.py
[0.632s] -- Up-to-date: /home/king/Research/Research4/mmwave_ti_ros/ros2_driver/install/ti_mmwave_rospkg_msgs/local/lib/python3.10/dist-packages/ti_mmwave_rospkg_msgs/msg/_radar_track_contents_s.c
[0.632s] -- Up-to-date: /home/king/Research/Research4/mmwave_ti_ros/ros2_driver/install/ti_mmwave_rospkg_msgs/local/lib/python3.10/dist-packages/ti_mmwave_rospkg_msgs/msg/_radar_occupancy_s.c
[0.632s] -- Up-to-date: /home/king/Research/Research4/mmwave_ti_ros/ros2_driver/install/ti_mmwave_rospkg_msgs/local/lib/python3.10/dist-packages/ti_mmwave_rospkg_msgs/msg/_radar_scan_s.c
[0.632s] -- Up-to-date: /home/king/Research/Research4/mmwave_ti_ros/ros2_driver/install/ti_mmwave_rospkg_msgs/local/lib/python3.10/dist-packages/ti_mmwave_rospkg_msgs/msg/_radar_classifier_s.c
[0.633s] -- Up-to-date: /home/king/Research/Research4/mmwave_ti_ros/ros2_driver/install/ti_mmwave_rospkg_msgs/local/lib/python3.10/dist-packages/ti_mmwave_rospkg_msgs/msg/_radar_micro_doppler_feature_array.py
[0.633s] -- Up-to-date: /home/king/Research/Research4/mmwave_ti_ros/ros2_driver/install/ti_mmwave_rospkg_msgs/local/lib/python3.10/dist-packages/ti_mmwave_rospkg_msgs/msg/_radar_point_track_id.py
[0.633s] -- Up-to-date: /home/king/Research/Research4/mmwave_ti_ros/ros2_driver/install/ti_mmwave_rospkg_msgs/local/lib/python3.10/dist-packages/ti_mmwave_rospkg_msgs/msg/_radar_micro_doppler_feature_contents_s.c
[0.633s] -- Up-to-date: /home/king/Research/Research4/mmwave_ti_ros/ros2_driver/install/ti_mmwave_rospkg_msgs/local/lib/python3.10/dist-packages/ti_mmwave_rospkg_msgs/libti_mmwave_rospkg_msgs__rosidl_generator_py.so
[0.633s] -- Up-to-date: /home/king/Research/Research4/mmwave_ti_ros/ros2_driver/install/ti_mmwave_rospkg_msgs/local/lib/python3.10/dist-packages/ti_mmwave_rospkg_msgs/_ti_mmwave_rospkg_msgs_s.ep.rosidl_typesupport_c.c
[0.633s] -- Up-to-date: /home/king/Research/Research4/mmwave_ti_ros/ros2_driver/install/ti_mmwave_rospkg_msgs/local/lib/python3.10/dist-packages/ti_mmwave_rospkg_msgs/__init__.py
[0.633s] -- Up-to-date: /home/king/Research/Research4/mmwave_ti_ros/ros2_driver/install/ti_mmwave_rospkg_msgs/local/lib/python3.10/dist-packages/ti_mmwave_rospkg_msgs/_ti_mmwave_rospkg_msgs_s.ep.rosidl_typesupport_introspection_c.c
[0.633s] -- Up-to-date: /home/king/Research/Research4/mmwave_ti_ros/ros2_driver/install/ti_mmwave_rospkg_msgs/local/lib/python3.10/dist-packages/ti_mmwave_rospkg_msgs/_ti_mmwave_rospkg_msgs_s.ep.rosidl_typesupport_fastrtps_c.c
[0.633s] -- Up-to-date: /home/king/Research/Research4/mmwave_ti_ros/ros2_driver/install/ti_mmwave_rospkg_msgs/local/lib/python3.10/dist-packages/ti_mmwave_rospkg_msgs/ti_mmwave_rospkg_msgs_s__rosidl_typesupport_c.cpython-310-x86_64-linux-gnu.so
[0.633s] -- Up-to-date: /home/king/Research/Research4/mmwave_ti_ros/ros2_driver/install/ti_mmwave_rospkg_msgs/local/lib/python3.10/dist-packages/ti_mmwave_rospkg_msgs/ti_mmwave_rospkg_msgs_s__rosidl_typesupport_introspection_c.cpython-310-x86_64-linux-gnu.so
[0.633s] -- Up-to-date: /home/king/Research/Research4/mmwave_ti_ros/ros2_driver/install/ti_mmwave_rospkg_msgs/local/lib/python3.10/dist-packages/ti_mmwave_rospkg_msgs/ti_mmwave_rospkg_msgs_s__rosidl_typesupport_fastrtps_c.cpython-310-x86_64-linux-gnu.so
[0.661s] Listing '/home/king/Research/Research4/mmwave_ti_ros/ros2_driver/install/ti_mmwave_rospkg_msgs/local/lib/python3.10/dist-packages/ti_mmwave_rospkg_msgs'...
[0.661s] Listing '/home/king/Research/Research4/mmwave_ti_ros/ros2_driver/install/ti_mmwave_rospkg_msgs/local/lib/python3.10/dist-packages/ti_mmwave_rospkg_msgs/msg'...
[0.661s] Listing '/home/king/Research/Research4/mmwave_ti_ros/ros2_driver/install/ti_mmwave_rospkg_msgs/local/lib/python3.10/dist-packages/ti_mmwave_rospkg_msgs/srv'...
[0.661s] -- Up-to-date: /home/king/Research/Research4/mmwave_ti_ros/ros2_driver/install/ti_mmwave_rospkg_msgs/local/lib/python3.10/dist-packages/ti_mmwave_rospkg_msgs/ti_mmwave_rospkg_msgs_s__rosidl_typesupport_fastrtps_c.cpython-310-x86_64-linux-gnu.so
[0.661s] -- Up-to-date: /home/king/Research/Research4/mmwave_ti_ros/ros2_driver/install/ti_mmwave_rospkg_msgs/local/lib/python3.10/dist-packages/ti_mmwave_rospkg_msgs/ti_mmwave_rospkg_msgs_s__rosidl_typesupport_introspection_c.cpython-310-x86_64-linux-gnu.so
[0.661s] -- Up-to-date: /home/king/Research/Research4/mmwave_ti_ros/ros2_driver/install/ti_mmwave_rospkg_msgs/local/lib/python3.10/dist-packages/ti_mmwave_rospkg_msgs/ti_mmwave_rospkg_msgs_s__rosidl_typesupport_c.cpython-310-x86_64-linux-gnu.so
[0.661s] -- Up-to-date: /home/king/Research/Research4/mmwave_ti_ros/ros2_driver/install/ti_mmwave_rospkg_msgs/lib/libti_mmwave_rospkg_msgs__rosidl_generator_py.so
[0.661s] -- Up-to-date: /home/king/Research/Research4/mmwave_ti_ros/ros2_driver/install/ti_mmwave_rospkg_msgs/share/ti_mmwave_rospkg_msgs/msg/RadarScan.idl
[0.661s] -- Up-to-date: /home/king/Research/Research4/mmwave_ti_ros/ros2_driver/install/ti_mmwave_rospkg_msgs/share/ti_mmwave_rospkg_msgs/msg/RadarOccupancy.idl
[0.661s] -- Up-to-date: /home/king/Research/Research4/mmwave_ti_ros/ros2_driver/install/ti_mmwave_rospkg_msgs/share/ti_mmwave_rospkg_msgs/msg/RadarClassifier.idl
[0.662s] -- Up-to-date: /home/king/Research/Research4/mmwave_ti_ros/ros2_driver/install/ti_mmwave_rospkg_msgs/share/ti_mmwave_rospkg_msgs/msg/RadarTrackArray.idl
[0.662s] -- Up-to-date: /home/king/Research/Research4/mmwave_ti_ros/ros2_driver/install/ti_mmwave_rospkg_msgs/share/ti_mmwave_rospkg_msgs/msg/RadarTrackContents.idl
[0.662s] -- Up-to-date: /home/king/Research/Research4/mmwave_ti_ros/ros2_driver/install/ti_mmwave_rospkg_msgs/share/ti_mmwave_rospkg_msgs/msg/RadarPointTrackID.idl
[0.662s] -- Up-to-date: /home/king/Research/Research4/mmwave_ti_ros/ros2_driver/install/ti_mmwave_rospkg_msgs/share/ti_mmwave_rospkg_msgs/msg/RadarMicroDopplerDataArray.idl
[0.663s] -- Up-to-date: /home/king/Research/Research4/mmwave_ti_ros/ros2_driver/install/ti_mmwave_rospkg_msgs/share/ti_mmwave_rospkg_msgs/msg/RadarMicroDopplerDataContents.idl
[0.663s] -- Up-to-date: /home/king/Research/Research4/mmwave_ti_ros/ros2_driver/install/ti_mmwave_rospkg_msgs/share/ti_mmwave_rospkg_msgs/msg/RadarMicroDopplerFeatureArray.idl
[0.663s] -- Up-to-date: /home/king/Research/Research4/mmwave_ti_ros/ros2_driver/install/ti_mmwave_rospkg_msgs/share/ti_mmwave_rospkg_msgs/msg/RadarMicroDopplerFeatureContents.idl
[0.664s] -- Up-to-date: /home/king/Research/Research4/mmwave_ti_ros/ros2_driver/install/ti_mmwave_rospkg_msgs/share/ti_mmwave_rospkg_msgs/srv/MmwaveCli.idl
[0.664s] -- Up-to-date: /home/king/Research/Research4/mmwave_ti_ros/ros2_driver/install/ti_mmwave_rospkg_msgs/share/ti_mmwave_rospkg_msgs/msg/RadarScan.msg
[0.664s] -- Up-to-date: /home/king/Research/Research4/mmwave_ti_ros/ros2_driver/install/ti_mmwave_rospkg_msgs/share/ti_mmwave_rospkg_msgs/msg/RadarOccupancy.msg
[0.664s] -- Up-to-date: /home/king/Research/Research4/mmwave_ti_ros/ros2_driver/install/ti_mmwave_rospkg_msgs/share/ti_mmwave_rospkg_msgs/msg/RadarClassifier.msg
[0.664s] -- Up-to-date: /home/king/Research/Research4/mmwave_ti_ros/ros2_driver/install/ti_mmwave_rospkg_msgs/share/ti_mmwave_rospkg_msgs/msg/RadarTrackArray.msg
[0.664s] -- Up-to-date: /home/king/Research/Research4/mmwave_ti_ros/ros2_driver/install/ti_mmwave_rospkg_msgs/share/ti_mmwave_rospkg_msgs/msg/RadarTrackContents.msg
[0.664s] -- Up-to-date: /home/king/Research/Research4/mmwave_ti_ros/ros2_driver/install/ti_mmwave_rospkg_msgs/share/ti_mmwave_rospkg_msgs/msg/RadarPointTrackID.msg
[0.664s] -- Up-to-date: /home/king/Research/Research4/mmwave_ti_ros/ros2_driver/install/ti_mmwave_rospkg_msgs/share/ti_mmwave_rospkg_msgs/msg/RadarMicroDopplerDataArray.msg
[0.664s] -- Up-to-date: /home/king/Research/Research4/mmwave_ti_ros/ros2_driver/install/ti_mmwave_rospkg_msgs/share/ti_mmwave_rospkg_msgs/msg/RadarMicroDopplerDataContents.msg
[0.664s] -- Up-to-date: /home/king/Research/Research4/mmwave_ti_ros/ros2_driver/install/ti_mmwave_rospkg_msgs/share/ti_mmwave_rospkg_msgs/msg/RadarMicroDopplerFeatureArray.msg
[0.664s] -- Up-to-date: /home/king/Research/Research4/mmwave_ti_ros/ros2_driver/install/ti_mmwave_rospkg_msgs/share/ti_mmwave_rospkg_msgs/msg/RadarMicroDopplerFeatureContents.msg
[0.664s] -- Up-to-date: /home/king/Research/Research4/mmwave_ti_ros/ros2_driver/install/ti_mmwave_rospkg_msgs/share/ti_mmwave_rospkg_msgs/srv/MmwaveCli.srv
[0.665s] -- Up-to-date: /home/king/Research/Research4/mmwave_ti_ros/ros2_driver/install/ti_mmwave_rospkg_msgs/share/ti_mmwave_rospkg_msgs/srv/MmwaveCli_Request.msg
[0.666s] -- Up-to-date: /home/king/Research/Research4/mmwave_ti_ros/ros2_driver/install/ti_mmwave_rospkg_msgs/share/ti_mmwave_rospkg_msgs/srv/MmwaveCli_Response.msg
[0.666s] -- Up-to-date: /home/king/Research/Research4/mmwave_ti_ros/ros2_driver/install/ti_mmwave_rospkg_msgs/share/ament_index/resource_index/package_run_dependencies/ti_mmwave_rospkg_msgs
[0.666s] -- Up-to-date: /home/king/Research/Research4/mmwave_ti_ros/ros2_driver/install/ti_mmwave_rospkg_msgs/share/ament_index/resource_index/parent_prefix_path/ti_mmwave_rospkg_msgs
[0.666s] -- Up-to-date: /home/king/Research/Research4/mmwave_ti_ros/ros2_driver/install/ti_mmwave_rospkg_msgs/share/ti_mmwave_rospkg_msgs/environment/ament_prefix_path.sh
[0.666s] -- Up-to-date: /home/king/Research/Research4/mmwave_ti_ros/ros2_driver/install/ti_mmwave_rospkg_msgs/share/ti_mmwave_rospkg_msgs/environment/ament_prefix_path.dsv
[0.666s] -- Up-to-date: /home/king/Research/Research4/mmwave_ti_ros/ros2_driver/install/ti_mmwave_rospkg_msgs/share/ti_mmwave_rospkg_msgs/environment/path.sh
[0.666s] -- Up-to-date: /home/king/Research/Research4/mmwave_ti_ros/ros2_driver/install/ti_mmwave_rospkg_msgs/share/ti_mmwave_rospkg_msgs/environment/path.dsv
[0.669s] -- Up-to-date: /home/king/Research/Research4/mmwave_ti_ros/ros2_driver/install/ti_mmwave_rospkg_msgs/share/ti_mmwave_rospkg_msgs/local_setup.bash
[0.669s] -- Up-to-date: /home/king/Research/Research4/mmwave_ti_ros/ros2_driver/install/ti_mmwave_rospkg_msgs/share/ti_mmwave_rospkg_msgs/local_setup.sh
[0.669s] -- Up-to-date: /home/king/Research/Research4/mmwave_ti_ros/ros2_driver/install/ti_mmwave_rospkg_msgs/share/ti_mmwave_rospkg_msgs/local_setup.zsh
[0.669s] -- Up-to-date: /home/king/Research/Research4/mmwave_ti_ros/ros2_driver/install/ti_mmwave_rospkg_msgs/share/ti_mmwave_rospkg_msgs/local_setup.dsv
[0.669s] -- Installing: /home/king/Research/Research4/mmwave_ti_ros/ros2_driver/install/ti_mmwave_rospkg_msgs/share/ti_mmwave_rospkg_msgs/package.dsv
[0.669s] -- Up-to-date: /home/king/Research/Research4/mmwave_ti_ros/ros2_driver/install/ti_mmwave_rospkg_msgs/share/ament_index/resource_index/packages/ti_mmwave_rospkg_msgs
[0.669s] -- Up-to-date: /home/king/Research/Research4/mmwave_ti_ros/ros2_driver/install/ti_mmwave_rospkg_msgs/share/ti_mmwave_rospkg_msgs/cmake/export_ti_mmwave_rospkg_msgs__rosidl_generator_cExport.cmake
[0.669s] -- Up-to-date: /home/king/Research/Research4/mmwave_ti_ros/ros2_driver/install/ti_mmwave_rospkg_msgs/share/ti_mmwave_rospkg_msgs/cmake/export_ti_mmwave_rospkg_msgs__rosidl_generator_cExport-noconfig.cmake
[0.669s] -- Up-to-date: /home/king/Research/Research4/mmwave_ti_ros/ros2_driver/install/ti_mmwave_rospkg_msgs/share/ti_mmwave_rospkg_msgs/cmake/export_ti_mmwave_rospkg_msgs__rosidl_typesupport_fastrtps_cExport.cmake
[0.669s] -- Up-to-date: /home/king/Research/Research4/mmwave_ti_ros/ros2_driver/install/ti_mmwave_rospkg_msgs/share/ti_mmwave_rospkg_msgs/cmake/export_ti_mmwave_rospkg_msgs__rosidl_typesupport_fastrtps_cExport-noconfig.cmake
[0.669s] -- Up-to-date: /home/king/Research/Research4/mmwave_ti_ros/ros2_driver/install/ti_mmwave_rospkg_msgs/share/ti_mmwave_rospkg_msgs/cmake/ti_mmwave_rospkg_msgs__rosidl_typesupport_introspection_cExport.cmake
[0.669s] -- Up-to-date: /home/king/Research/Research4/mmwave_ti_ros/ros2_driver/install/ti_mmwave_rospkg_msgs/share/ti_mmwave_rospkg_msgs/cmake/ti_mmwave_rospkg_msgs__rosidl_typesupport_introspection_cExport-noconfig.cmake
[0.669s] -- Up-to-date: /home/king/Research/Research4/mmwave_ti_ros/ros2_driver/install/ti_mmwave_rospkg_msgs/share/ti_mmwave_rospkg_msgs/cmake/ti_mmwave_rospkg_msgs__rosidl_typesupport_cExport.cmake
[0.669s] -- Up-to-date: /home/king/Research/Research4/mmwave_ti_ros/ros2_driver/install/ti_mmwave_rospkg_msgs/share/ti_mmwave_rospkg_msgs/cmake/ti_mmwave_rospkg_msgs__rosidl_typesupport_cExport-noconfig.cmake
[0.669s] -- Up-to-date: /home/king/Research/Research4/mmwave_ti_ros/ros2_driver/install/ti_mmwave_rospkg_msgs/share/ti_mmwave_rospkg_msgs/cmake/export_ti_mmwave_rospkg_msgs__rosidl_generator_cppExport.cmake
[0.669s] -- Up-to-date: /home/king/Research/Research4/mmwave_ti_ros/ros2_driver/install/ti_mmwave_rospkg_msgs/share/ti_mmwave_rospkg_msgs/cmake/export_ti_mmwave_rospkg_msgs__rosidl_typesupport_fastrtps_cppExport.cmake
[0.669s] -- Up-to-date: /home/king/Research/Research4/mmwave_ti_ros/ros2_driver/install/ti_mmwave_rospkg_msgs/share/ti_mmwave_rospkg_msgs/cmake/export_ti_mmwave_rospkg_msgs__rosidl_typesupport_fastrtps_cppExport-noconfig.cmake
[0.669s] -- Up-to-date: /home/king/Research/Research4/mmwave_ti_ros/ros2_driver/install/ti_mmwave_rospkg_msgs/share/ti_mmwave_rospkg_msgs/cmake/ti_mmwave_rospkg_msgs__rosidl_typesupport_introspection_cppExport.cmake
[0.669s] -- Up-to-date: /home/king/Research/Research4/mmwave_ti_ros/ros2_driver/install/ti_mmwave_rospkg_msgs/share/ti_mmwave_rospkg_msgs/cmake/ti_mmwave_rospkg_msgs__rosidl_typesupport_introspection_cppExport-noconfig.cmake
[0.669s] -- Up-to-date: /home/king/Research/Research4/mmwave_ti_ros/ros2_driver/install/ti_mmwave_rospkg_msgs/share/ti_mmwave_rospkg_msgs/cmake/ti_mmwave_rospkg_msgs__rosidl_typesupport_cppExport.cmake
[0.669s] -- Up-to-date: /home/king/Research/Research4/mmwave_ti_ros/ros2_driver/install/ti_mmwave_rospkg_msgs/share/ti_mmwave_rospkg_msgs/cmake/ti_mmwave_rospkg_msgs__rosidl_typesupport_cppExport-noconfig.cmake
[0.669s] -- Up-to-date: /home/king/Research/Research4/mmwave_ti_ros/ros2_driver/install/ti_mmwave_rospkg_msgs/share/ti_mmwave_rospkg_msgs/cmake/export_ti_mmwave_rospkg_msgs__rosidl_generator_pyExport.cmake
[0.669s] -- Up-to-date: /home/king/Research/Research4/mmwave_ti_ros/ros2_driver/install/ti_mmwave_rospkg_msgs/share/ti_mmwave_rospkg_msgs/cmake/export_ti_mmwave_rospkg_msgs__rosidl_generator_pyExport-noconfig.cmake
[0.669s] -- Up-to-date: /home/king/Research/Research4/mmwave_ti_ros/ros2_driver/install/ti_mmwave_rospkg_msgs/share/ti_mmwave_rospkg_msgs/cmake/rosidl_cmake-extras.cmake
[0.669s] -- Up-to-date: /home/king/Research/Research4/mmwave_ti_ros/ros2_driver/install/ti_mmwave_rospkg_msgs/share/ti_mmwave_rospkg_msgs/cmake/ament_cmake_export_dependencies-extras.cmake
[0.669s] -- Up-to-date: /home/king/Research/Research4/mmwave_ti_ros/ros2_driver/install/ti_mmwave_rospkg_msgs/share/ti_mmwave_rospkg_msgs/cmake/ament_cmake_export_include_directories-extras.cmake
[0.670s] -- Up-to-date: /home/king/Research/Research4/mmwave_ti_ros/ros2_driver/install/ti_mmwave_rospkg_msgs/share/ti_mmwave_rospkg_msgs/cmake/ament_cmake_export_libraries-extras.cmake
[0.670s] -- Up-to-date: /home/king/Research/Research4/mmwave_ti_ros/ros2_driver/install/ti_mmwave_rospkg_msgs/share/ti_mmwave_rospkg_msgs/cmake/ament_cmake_export_targets-extras.cmake
[0.670s] -- Up-to-date: /home/king/Research/Research4/mmwave_ti_ros/ros2_driver/install/ti_mmwave_rospkg_msgs/share/ti_mmwave_rospkg_msgs/cmake/rosidl_cmake_export_typesupport_targets-extras.cmake
[0.670s] -- Up-to-date: /home/king/Research/Research4/mmwave_ti_ros/ros2_driver/install/ti_mmwave_rospkg_msgs/share/ti_mmwave_rospkg_msgs/cmake/rosidl_cmake_export_typesupport_libraries-extras.cmake
[0.670s] -- Up-to-date: /home/king/Research/Research4/mmwave_ti_ros/ros2_driver/install/ti_mmwave_rospkg_msgs/share/ti_mmwave_rospkg_msgs/cmake/ti_mmwave_rospkg_msgsConfig.cmake
[0.670s] -- Up-to-date: /home/king/Research/Research4/mmwave_ti_ros/ros2_driver/install/ti_mmwave_rospkg_msgs/share/ti_mmwave_rospkg_msgs/cmake/ti_mmwave_rospkg_msgsConfig-version.cmake
[0.670s] -- Up-to-date: /home/king/Research/Research4/mmwave_ti_ros/ros2_driver/install/ti_mmwave_rospkg_msgs/share/ti_mmwave_rospkg_msgs/package.xml
[0.672s] Invoked command in '/home/king/Research/Research4/mmwave_ti_ros/ros2_driver/build/ti_mmwave_rospkg_msgs' returned '0': CMAKE_PREFIX_PATH=${CMAKE_PREFIX_PATH}:/opt/ros/humble /usr/bin/cmake --install /home/king/Research/Research4/mmwave_ti_ros/ros2_driver/build/ti_mmwave_rospkg_msgs
