[0.014s] Invoking command in '/home/king/Research/Research4/mmwave_ti_ros/ros2_driver/build/ti_mmwave_rospkg': AMENT_PREFIX_PATH=/home/king/Research/Research4/mmwave_ti_ros/ros2_driver/install/ti_mmwave_rospkg_msgs:/home/king/Research/Research4/mmwave_ti_ros/ros2_driver/install/serial:${AMENT_PREFIX_PATH} CMAKE_PREFIX_PATH=/home/king/Research/Research4/mmwave_ti_ros/ros2_driver/install/ti_mmwave_rospkg_msgs:/home/king/Research/Research4/mmwave_ti_ros/ros2_driver/install/serial:/opt/ros/humble LD_LIBRARY_PATH=/home/king/Research/Research4/mmwave_ti_ros/ros2_driver/install/ti_mmwave_rospkg_msgs/lib:/home/king/Research/Research4/mmwave_ti_ros/ros2_driver/install/serial/lib:${LD_LIBRARY_PATH} PYTHONPATH=/home/king/Research/Research4/mmwave_ti_ros/ros2_driver/install/ti_mmwave_rospkg_msgs/local/lib/python3.10/dist-packages:${PYTHONPATH} /usr/bin/cmake /home/king/Research/Research4/mmwave_ti_ros/ros2_driver/src/ti_mmwave_rospkg -DCMAKE_INSTALL_PREFIX=/home/king/Research/Research4/mmwave_ti_ros/ros2_driver/install/ti_mmwave_rospkg
[0.066s] -- The C compiler identification is GNU 11.4.0
[0.113s] -- The CXX compiler identification is GNU 11.4.0
[0.121s] -- Detecting C compiler ABI info
[0.192s] -- Detecting C compiler ABI info - done
[0.195s] -- Check for working C compiler: /usr/bin/cc - skipped
[0.196s] -- Detecting C compile features
[0.196s] -- Detecting C compile features - done
[0.198s] -- Detecting CXX compiler ABI info
[0.283s] -- Detecting CXX compiler ABI info - done
[0.284s] -- Check for working CXX compiler: /usr/bin/c++ - skipped
[0.285s] -- Detecting CXX compile features
[0.286s] -- Detecting CXX compile features - done
[0.288s] -- Found ament_cmake: 1.3.11 (/opt/ros/humble/share/ament_cmake/cmake)
[0.398s] -- Found Python3: /usr/bin/python3 (found version "3.10.12") found components: Interpreter 
[0.462s] -- Found rclcpp: 16.0.11 (/opt/ros/humble/share/rclcpp/cmake)
[0.489s] -- Found rosidl_generator_c: 3.1.6 (/opt/ros/humble/share/rosidl_generator_c/cmake)
[0.493s] -- Found rosidl_adapter: 3.1.6 (/opt/ros/humble/share/rosidl_adapter/cmake)
[0.499s] -- Found rosidl_generator_cpp: 3.1.6 (/opt/ros/humble/share/rosidl_generator_cpp/cmake)
[0.506s] -- Using all available rosidl_typesupport_c: rosidl_typesupport_fastrtps_c;rosidl_typesupport_introspection_c
[0.517s] -- Using all available rosidl_typesupport_cpp: rosidl_typesupport_fastrtps_cpp;rosidl_typesupport_introspection_cpp
[0.546s] -- Found rmw_implementation_cmake: 6.1.2 (/opt/ros/humble/share/rmw_implementation_cmake/cmake)
[0.548s] -- Found rmw_fastrtps_cpp: 6.2.7 (/opt/ros/humble/share/rmw_fastrtps_cpp/cmake)
[0.628s] -- Found OpenSSL: /usr/lib/x86_64-linux-gnu/libcrypto.so (found version "3.0.2")  
[0.647s] -- Found FastRTPS: /opt/ros/humble/include  
[0.679s] -- Using RMW implementation 'rmw_fastrtps_cpp' as default
[0.686s] -- Looking for pthread.h
[0.760s] -- Looking for pthread.h - found
[0.761s] -- Performing Test CMAKE_HAVE_LIBC_PTHREAD
[0.836s] -- Performing Test CMAKE_HAVE_LIBC_PTHREAD - Success
[0.836s] -- Found Threads: TRUE  
[0.874s] -- Found rclcpp_components: 16.0.11 (/opt/ros/humble/share/rclcpp_components/cmake)
[0.911s] -- Found sensor_msgs: 4.2.4 (/opt/ros/humble/share/sensor_msgs/cmake)
[0.931s] -- Found visualization_msgs: 4.2.4 (/opt/ros/humble/share/visualization_msgs/cmake)
[0.946s] -- Found tf2_geometry_msgs: 0.25.12 (/opt/ros/humble/share/tf2_geometry_msgs/cmake)
[0.964s] -- Found eigen3_cmake_module: 0.1.1 (/opt/ros/humble/share/eigen3_cmake_module/cmake)
[0.965s] -- Found Eigen3: TRUE (found version "3.4.0") 
[0.965s] -- Ensuring Eigen3 include directory is part of orocos-kdl CMake target
[1.056s] -- Found ti_mmwave_rospkg_msgs: 1.0.0 (/home/king/Research/Research4/mmwave_ti_ros/ros2_driver/install/ti_mmwave_rospkg_msgs/share/ti_mmwave_rospkg_msgs/cmake)
[1.068s] -- Found serial: 1.2.1 (/home/king/Research/Research4/mmwave_ti_ros/ros2_driver/install/serial/share/serial/cmake)
[1.069s] -- Found rosidl_default_generators: 1.2.0 (/opt/ros/humble/share/rosidl_default_generators/cmake)
[1.077s] -- Found pluginlib: 5.1.0 (/opt/ros/humble/share/pluginlib/cmake)
[1.100s] -- Found Boost: /usr/lib/x86_64-linux-gnu/cmake/Boost-1.74.0/BoostConfig.cmake (found version "1.74.0")  
[1.116s] -- Checking for module 'eigen3'
[1.133s] --   Found eigen3, version 3.4.0
[1.170s] -- Found Eigen: /usr/include/eigen3 (Required is at least version "3.1") 
[1.170s] -- Eigen found (include: /usr/include/eigen3, version: 3.4.0)
[1.189s] -- Found Boost: /usr/lib/x86_64-linux-gnu/cmake/Boost-1.74.0/BoostConfig.cmake (found suitable version "1.74.0", minimum required is "1.65.0") found components: system filesystem date_time iostreams serialization 
[1.203s] -- Checking for module 'flann'
[1.218s] --   Found flann, version 1.9.1
[1.261s] -- Found FLANN: /usr/lib/x86_64-linux-gnu/libflann_cpp.so  
[1.261s] -- FLANN found (include: /usr/include, lib: /usr/lib/x86_64-linux-gnu/libflann_cpp.so)
[1.292s] -- Found GLEW: /usr/lib/x86_64-linux-gnu/libGLEW.so  
[1.298s] -- Found OpenGL: /usr/lib/x86_64-linux-gnu/libOpenGL.so  found components: OpenGL GLX 
[1.462s] -- Found MPI_C: /usr/lib/x86_64-linux-gnu/libmpi.so (found version "3.1") 
[1.462s] -- Found MPI: TRUE (found version "3.1") found components: C 
[1.465s] -- Found JsonCpp: /usr/lib/x86_64-linux-gnu/libjsoncpp.so (found suitable version "1.9.5", minimum required is "0.7.0") 
[1.473s] -- Found ZLIB: /usr/lib/x86_64-linux-gnu/libz.so (found version "1.2.11") 
[1.485s] -- Found PNG: /usr/lib/x86_64-linux-gnu/libpng.so (found version "1.6.37") 
[1.526s] -- Found Eigen3: /usr/include/eigen3 (found version "3.4.0") 
[1.618s] -- Found X11: /usr/include   
[1.621s] -- Looking for XOpenDisplay in /usr/lib/x86_64-linux-gnu/libX11.so;/usr/lib/x86_64-linux-gnu/libXext.so
[1.699s] -- Looking for XOpenDisplay in /usr/lib/x86_64-linux-gnu/libX11.so;/usr/lib/x86_64-linux-gnu/libXext.so - found
[1.699s] -- Looking for gethostbyname
[1.770s] -- Looking for gethostbyname - found
[1.770s] -- Looking for connect
[1.840s] -- Looking for connect - found
[1.840s] -- Looking for remove
[1.911s] -- Looking for remove - found
[1.911s] -- Looking for shmat
[1.985s] -- Looking for shmat - found
[1.985s] -- Looking for IceConnectionNumber in ICE
[2.057s] -- Looking for IceConnectionNumber in ICE - found
[2.147s] -- Found EXPAT: /usr/lib/x86_64-linux-gnu/libexpat.so (found version "2.4.7") 
[2.149s] -- Found double-conversion: /usr/lib/x86_64-linux-gnu/libdouble-conversion.so  
[2.152s] -- Found LZ4: /usr/lib/x86_64-linux-gnu/liblz4.so (found version "1.9.3") 
[2.154s] -- Found LZMA: /usr/lib/x86_64-linux-gnu/liblzma.so (found version "5.2.5") 
[2.183s] -- Found JPEG: /usr/lib/x86_64-linux-gnu/libjpeg.so (found version "80") 
[2.187s] -- Found TIFF: /usr/lib/x86_64-linux-gnu/libtiff.so (found version "4.3.0")  
[2.190s] -- Found Freetype: /usr/lib/x86_64-linux-gnu/libfreetype.so (found version "2.11.1") 
[2.196s] -- Found utf8cpp: /usr/include/utf8cpp  
[2.295s] -- Checking for module 'libusb-1.0'
[2.312s] --   Found libusb-1.0, version 1.0.25
[2.352s] -- Found libusb: /usr/lib/x86_64-linux-gnu/libusb-1.0.so  
[2.354s] -- Found OpenNI: /usr/lib/libOpenNI.so;libusb::libusb (found version "1.5.4.0") 
[2.354s] -- OpenNI found (version: 1.5.4.0, include: /usr/include/ni, lib: /usr/lib/libOpenNI.so;libusb::libusb)
[2.417s] -- Found OpenNI2: /usr/lib/x86_64-linux-gnu/libOpenNI2.so;libusb::libusb (found version "2.2.0.33") 
[2.418s] -- OpenNI2 found (version: 2.2.0.33, include: /usr/include/openni2, lib: /usr/lib/x86_64-linux-gnu/libOpenNI2.so;libusb::libusb)
[2.418s] [0m** WARNING ** io features related to pcap will be disabled[0m
[2.535s] -- Eigen found (include: /usr/include/eigen3, version: 3.4.0)
[2.541s] -- OpenNI found (version: 1.5.4.0, include: /usr/include/ni, lib: /usr/lib/libOpenNI.so;libusb::libusb)
[2.548s] -- OpenNI2 found (version: 2.2.0.33, include: /usr/include/openni2, lib: /usr/lib/x86_64-linux-gnu/libOpenNI2.so;libusb::libusb)
[2.661s] -- Found Qhull version 8.0.2
[2.772s] -- OpenNI found (version: 1.5.4.0, include: /usr/include/ni, lib: /usr/lib/libOpenNI.so;libusb::libusb)
[2.876s] -- looking for PCL_COMMON
[2.877s] -- Found PCL_COMMON: /usr/lib/x86_64-linux-gnu/libpcl_common.so  
[2.877s] -- looking for PCL_KDTREE
[2.878s] -- Found PCL_KDTREE: /usr/lib/x86_64-linux-gnu/libpcl_kdtree.so  
[2.878s] -- looking for PCL_OCTREE
[2.878s] -- Found PCL_OCTREE: /usr/lib/x86_64-linux-gnu/libpcl_octree.so  
[2.879s] -- looking for PCL_SEARCH
[2.879s] -- Found PCL_SEARCH: /usr/lib/x86_64-linux-gnu/libpcl_search.so  
[2.879s] -- looking for PCL_SAMPLE_CONSENSUS
[2.880s] -- Found PCL_SAMPLE_CONSENSUS: /usr/lib/x86_64-linux-gnu/libpcl_sample_consensus.so  
[2.880s] -- looking for PCL_FILTERS
[2.880s] -- Found PCL_FILTERS: /usr/lib/x86_64-linux-gnu/libpcl_filters.so  
[2.880s] -- looking for PCL_2D
[2.880s] -- Found PCL_2D: /usr/include/pcl-1.12  
[2.880s] -- looking for PCL_GEOMETRY
[2.880s] -- Found PCL_GEOMETRY: /usr/include/pcl-1.12  
[2.882s] -- looking for PCL_IO
[2.882s] -- Found PCL_IO: /usr/lib/x86_64-linux-gnu/libpcl_io.so  
[2.882s] -- looking for PCL_FEATURES
[2.882s] -- Found PCL_FEATURES: /usr/lib/x86_64-linux-gnu/libpcl_features.so  
[2.882s] -- looking for PCL_ML
[2.882s] -- Found PCL_ML: /usr/lib/x86_64-linux-gnu/libpcl_ml.so  
[2.884s] -- looking for PCL_SEGMENTATION
[2.884s] -- Found PCL_SEGMENTATION: /usr/lib/x86_64-linux-gnu/libpcl_segmentation.so  
[2.884s] -- looking for PCL_VISUALIZATION
[2.884s] -- Found PCL_VISUALIZATION: /usr/lib/x86_64-linux-gnu/libpcl_visualization.so  
[2.885s] -- looking for PCL_SURFACE
[2.885s] -- Found PCL_SURFACE: /usr/lib/x86_64-linux-gnu/libpcl_surface.so  
[2.885s] -- looking for PCL_REGISTRATION
[2.886s] -- Found PCL_REGISTRATION: /usr/lib/x86_64-linux-gnu/libpcl_registration.so  
[2.886s] -- looking for PCL_KEYPOINTS
[2.886s] -- Found PCL_KEYPOINTS: /usr/lib/x86_64-linux-gnu/libpcl_keypoints.so  
[2.886s] -- looking for PCL_TRACKING
[2.886s] -- Found PCL_TRACKING: /usr/lib/x86_64-linux-gnu/libpcl_tracking.so  
[2.886s] -- looking for PCL_RECOGNITION
[2.887s] -- Found PCL_RECOGNITION: /usr/lib/x86_64-linux-gnu/libpcl_recognition.so  
[2.887s] -- looking for PCL_STEREO
[2.887s] -- Found PCL_STEREO: /usr/lib/x86_64-linux-gnu/libpcl_stereo.so  
[2.889s] -- looking for PCL_APPS
[2.889s] -- Found PCL_APPS: /usr/lib/x86_64-linux-gnu/libpcl_apps.so  
[2.889s] -- looking for PCL_IN_HAND_SCANNER
[2.889s] -- Found PCL_IN_HAND_SCANNER: /usr/include/pcl-1.12  
[2.889s] -- looking for PCL_MODELER
[2.889s] -- Found PCL_MODELER: /usr/include/pcl-1.12  
[2.889s] -- looking for PCL_POINT_CLOUD_EDITOR
[2.893s] -- Found PCL_POINT_CLOUD_EDITOR: /usr/include/pcl-1.12  
[2.894s] -- looking for PCL_OUTOFCORE
[2.894s] -- Found PCL_OUTOFCORE: /usr/lib/x86_64-linux-gnu/libpcl_outofcore.so  
[2.895s] -- looking for PCL_PEOPLE
[2.895s] -- Found PCL_PEOPLE: /usr/lib/x86_64-linux-gnu/libpcl_people.so  
[2.896s] -- Found PCL: pcl_common;pcl_kdtree;pcl_octree;pcl_search;pcl_sample_consensus;pcl_filters;pcl_io;pcl_features;pcl_ml;pcl_segmentation;pcl_visualization;pcl_surface;pcl_registration;pcl_keypoints;pcl_tracking;pcl_recognition;pcl_stereo;pcl_apps;pcl_outofcore;pcl_people;Boost::system;Boost::filesystem;Boost::date_time;Boost::iostreams;Boost::serialization;/usr/lib/libOpenNI.so;libusb::libusb;/usr/lib/x86_64-linux-gnu/libOpenNI2.so;libusb::libusb;VTK::ChartsCore;VTK::CommonColor;VTK::CommonComputationalGeometry;VTK::CommonCore;VTK::CommonDataModel;VTK::CommonExecutionModel;VTK::CommonMath;VTK::CommonMisc;VTK::CommonTransforms;VTK::FiltersCore;VTK::FiltersExtraction;VTK::FiltersGeneral;VTK::FiltersGeometry;VTK::FiltersModeling;VTK::FiltersSources;VTK::ImagingCore;VTK::ImagingSources;VTK::InteractionImage;VTK::InteractionStyle;VTK::InteractionWidgets;VTK::IOCore;VTK::IOGeometry;VTK::IOImage;VTK::IOLegacy;VTK::IOPLY;VTK::RenderingAnnotation;VTK::RenderingCore;VTK::RenderingContext2D;VTK::RenderingLOD;VTK::RenderingFreeType;VTK::ViewsCore;VTK::ViewsContext2D;VTK::RenderingOpenGL2;VTK::GUISupportQt;FLANN::FLANN;QHULL::QHULL (Required is at least version "1.7.5") 
[2.898s] -- Found pcl_conversions: 2.4.5 (/opt/ros/humble/share/pcl_conversions/cmake)
[2.988s] -- Configuring done
[3.031s] -- Generating done
[3.041s] -- Build files have been written to: /home/king/Research/Research4/mmwave_ti_ros/ros2_driver/build/ti_mmwave_rospkg
[3.057s] Invoked command in '/home/king/Research/Research4/mmwave_ti_ros/ros2_driver/build/ti_mmwave_rospkg' returned '0': AMENT_PREFIX_PATH=/home/king/Research/Research4/mmwave_ti_ros/ros2_driver/install/ti_mmwave_rospkg_msgs:/home/king/Research/Research4/mmwave_ti_ros/ros2_driver/install/serial:${AMENT_PREFIX_PATH} CMAKE_PREFIX_PATH=/home/king/Research/Research4/mmwave_ti_ros/ros2_driver/install/ti_mmwave_rospkg_msgs:/home/king/Research/Research4/mmwave_ti_ros/ros2_driver/install/serial:/opt/ros/humble LD_LIBRARY_PATH=/home/king/Research/Research4/mmwave_ti_ros/ros2_driver/install/ti_mmwave_rospkg_msgs/lib:/home/king/Research/Research4/mmwave_ti_ros/ros2_driver/install/serial/lib:${LD_LIBRARY_PATH} PYTHONPATH=/home/king/Research/Research4/mmwave_ti_ros/ros2_driver/install/ti_mmwave_rospkg_msgs/local/lib/python3.10/dist-packages:${PYTHONPATH} /usr/bin/cmake /home/king/Research/Research4/mmwave_ti_ros/ros2_driver/src/ti_mmwave_rospkg -DCMAKE_INSTALL_PREFIX=/home/king/Research/Research4/mmwave_ti_ros/ros2_driver/install/ti_mmwave_rospkg
[3.058s] Invoking command in '/home/king/Research/Research4/mmwave_ti_ros/ros2_driver/build/ti_mmwave_rospkg': AMENT_PREFIX_PATH=/home/king/Research/Research4/mmwave_ti_ros/ros2_driver/install/ti_mmwave_rospkg_msgs:/home/king/Research/Research4/mmwave_ti_ros/ros2_driver/install/serial:${AMENT_PREFIX_PATH} CMAKE_PREFIX_PATH=/home/king/Research/Research4/mmwave_ti_ros/ros2_driver/install/ti_mmwave_rospkg_msgs:/home/king/Research/Research4/mmwave_ti_ros/ros2_driver/install/serial:/opt/ros/humble LD_LIBRARY_PATH=/home/king/Research/Research4/mmwave_ti_ros/ros2_driver/install/ti_mmwave_rospkg_msgs/lib:/home/king/Research/Research4/mmwave_ti_ros/ros2_driver/install/serial/lib:${LD_LIBRARY_PATH} PYTHONPATH=/home/king/Research/Research4/mmwave_ti_ros/ros2_driver/install/ti_mmwave_rospkg_msgs/local/lib/python3.10/dist-packages:${PYTHONPATH} /usr/bin/cmake --build /home/king/Research/Research4/mmwave_ti_ros/ros2_driver/build/ti_mmwave_rospkg -- -j2 -l2
[3.113s] [  8%] [32mBuilding CXX object CMakeFiles/ConfigParameterServer.dir/src/ConfigParameterServer.cpp.o[0m
[3.115s] [ 16%] [32mBuilding CXX object CMakeFiles/mmwave.dir/src/ParameterParser.cpp.o[0m
[5.547s] [ 25%] [32m[1mLinking CXX executable ConfigParameterServer[0m
[5.655s] [ 25%] Built target ConfigParameterServer
[6.737s] [ 33%] [32m[1mLinking CXX shared library libmmwave.so[0m
[6.891s] [ 33%] Built target mmwave
[6.913s] [ 41%] [32mBuilding CXX object CMakeFiles/mmWaveCommSrv.dir/src/mmWaveCommSrv.cpp.o[0m
[6.915s] [ 50%] [32mBuilding CXX object CMakeFiles/mmWaveQuickConfig.dir/src/mmWaveQuickConfig.cpp.o[0m
[9.548s] [ 58%] [32m[1mLinking CXX executable mmWaveCommSrv[0m
[9.678s] [ 58%] Built target mmWaveCommSrv
[9.701s] [ 66%] [32mBuilding CXX object CMakeFiles/ParameterParser.dir/src/ParameterParser.cpp.o[0m
[11.077s] [ 75%] [32m[1mLinking CXX executable mmWaveQuickConfig[0m
[11.275s] [ 75%] Built target mmWaveQuickConfig
[11.300s] [ 83%] [32mBuilding CXX object CMakeFiles/DataHandlerClass.dir/src/DataHandlerClass.cpp.o[0m
[13.085s] [ 91%] [32m[1mLinking CXX executable ParameterParser[0m
[13.254s] [ 91%] Built target ParameterParser
[23.026s] [100%] [32m[1mLinking CXX executable DataHandlerClass[0m
[23.318s] [100%] Built target DataHandlerClass
[23.330s] Invoked command in '/home/king/Research/Research4/mmwave_ti_ros/ros2_driver/build/ti_mmwave_rospkg' returned '0': AMENT_PREFIX_PATH=/home/king/Research/Research4/mmwave_ti_ros/ros2_driver/install/ti_mmwave_rospkg_msgs:/home/king/Research/Research4/mmwave_ti_ros/ros2_driver/install/serial:${AMENT_PREFIX_PATH} CMAKE_PREFIX_PATH=/home/king/Research/Research4/mmwave_ti_ros/ros2_driver/install/ti_mmwave_rospkg_msgs:/home/king/Research/Research4/mmwave_ti_ros/ros2_driver/install/serial:/opt/ros/humble LD_LIBRARY_PATH=/home/king/Research/Research4/mmwave_ti_ros/ros2_driver/install/ti_mmwave_rospkg_msgs/lib:/home/king/Research/Research4/mmwave_ti_ros/ros2_driver/install/serial/lib:${LD_LIBRARY_PATH} PYTHONPATH=/home/king/Research/Research4/mmwave_ti_ros/ros2_driver/install/ti_mmwave_rospkg_msgs/local/lib/python3.10/dist-packages:${PYTHONPATH} /usr/bin/cmake --build /home/king/Research/Research4/mmwave_ti_ros/ros2_driver/build/ti_mmwave_rospkg -- -j2 -l2
[23.332s] Invoking command in '/home/king/Research/Research4/mmwave_ti_ros/ros2_driver/build/ti_mmwave_rospkg': AMENT_PREFIX_PATH=/home/king/Research/Research4/mmwave_ti_ros/ros2_driver/install/ti_mmwave_rospkg_msgs:/home/king/Research/Research4/mmwave_ti_ros/ros2_driver/install/serial:${AMENT_PREFIX_PATH} CMAKE_PREFIX_PATH=/home/king/Research/Research4/mmwave_ti_ros/ros2_driver/install/ti_mmwave_rospkg_msgs:/home/king/Research/Research4/mmwave_ti_ros/ros2_driver/install/serial:/opt/ros/humble LD_LIBRARY_PATH=/home/king/Research/Research4/mmwave_ti_ros/ros2_driver/install/ti_mmwave_rospkg_msgs/lib:/home/king/Research/Research4/mmwave_ti_ros/ros2_driver/install/serial/lib:${LD_LIBRARY_PATH} PYTHONPATH=/home/king/Research/Research4/mmwave_ti_ros/ros2_driver/install/ti_mmwave_rospkg_msgs/local/lib/python3.10/dist-packages:${PYTHONPATH} /usr/bin/cmake --install /home/king/Research/Research4/mmwave_ti_ros/ros2_driver/build/ti_mmwave_rospkg
[23.339s] -- Install configuration: ""
[23.340s] -- Installing: /home/king/Research/Research4/mmwave_ti_ros/ros2_driver/install/ti_mmwave_rospkg/share/ti_mmwave_rospkg/environment/library_path.sh
[23.341s] -- Installing: /home/king/Research/Research4/mmwave_ti_ros/ros2_driver/install/ti_mmwave_rospkg/share/ti_mmwave_rospkg/environment/library_path.dsv
[23.344s] -- Installing: /home/king/Research/Research4/mmwave_ti_ros/ros2_driver/install/ti_mmwave_rospkg/lib/libmmwave.so
[23.348s] -- Set runtime path of "/home/king/Research/Research4/mmwave_ti_ros/ros2_driver/install/ti_mmwave_rospkg/lib/libmmwave.so" to ""
[23.348s] -- Installing: /home/king/Research/Research4/mmwave_ti_ros/ros2_driver/install/ti_mmwave_rospkg/lib/ti_mmwave_rospkg/ConfigParameterServer
[23.350s] -- Set runtime path of "/home/king/Research/Research4/mmwave_ti_ros/ros2_driver/install/ti_mmwave_rospkg/lib/ti_mmwave_rospkg/ConfigParameterServer" to ""
[23.352s] -- Installing: /home/king/Research/Research4/mmwave_ti_ros/ros2_driver/install/ti_mmwave_rospkg/share/ti_mmwave_rospkg/launch
[23.352s] -- Installing: /home/king/Research/Research4/mmwave_ti_ros/ros2_driver/install/ti_mmwave_rospkg/share/ti_mmwave_rospkg/launch/rviz_old.rviz
[23.352s] -- Installing: /home/king/Research/Research4/mmwave_ti_ros/ros2_driver/install/ti_mmwave_rospkg/share/ti_mmwave_rospkg/launch/rviz.rviz
[23.352s] -- Installing: /home/king/Research/Research4/mmwave_ti_ros/ros2_driver/install/ti_mmwave_rospkg/share/ti_mmwave_rospkg/launch/1443_Standard.py
[23.352s] -- Installing: /home/king/Research/Research4/mmwave_ti_ros/ros2_driver/install/ti_mmwave_rospkg/share/ti_mmwave_rospkg/launch/6843AOP_FineMotion.py
[23.352s] -- Installing: /home/king/Research/Research4/mmwave_ti_ros/ros2_driver/install/ti_mmwave_rospkg/share/ti_mmwave_rospkg/launch/rviz_launch.py
[23.352s] -- Installing: /home/king/Research/Research4/mmwave_ti_ros/ros2_driver/install/ti_mmwave_rospkg/share/ti_mmwave_rospkg/launch/6843AOP_Tracking.py
[23.352s] -- Installing: /home/king/Research/Research4/mmwave_ti_ros/ros2_driver/install/ti_mmwave_rospkg/share/ti_mmwave_rospkg/launch/IWR6843.py
[23.352s] -- Installing: /home/king/Research/Research4/mmwave_ti_ros/ros2_driver/install/ti_mmwave_rospkg/share/ti_mmwave_rospkg/launch/6843ISK_Tracking.py
[23.352s] -- Installing: /home/king/Research/Research4/mmwave_ti_ros/ros2_driver/install/ti_mmwave_rospkg/share/ti_mmwave_rospkg/launch/1642_Standard.py
[23.352s] -- Installing: /home/king/Research/Research4/mmwave_ti_ros/ros2_driver/install/ti_mmwave_rospkg/share/ti_mmwave_rospkg/launch/6432_Classification.py
[23.352s] -- Installing: /home/king/Research/Research4/mmwave_ti_ros/ros2_driver/install/ti_mmwave_rospkg/share/ti_mmwave_rospkg/launch/6843AOP_StaticTracking.py
[23.352s] -- Installing: /home/king/Research/Research4/mmwave_ti_ros/ros2_driver/install/ti_mmwave_rospkg/share/ti_mmwave_rospkg/launch/6432_Standard.py
[23.352s] -- Installing: /home/king/Research/Research4/mmwave_ti_ros/ros2_driver/install/ti_mmwave_rospkg/share/ti_mmwave_rospkg/launch/6843ISK_Standard.py
[23.352s] -- Installing: /home/king/Research/Research4/mmwave_ti_ros/ros2_driver/install/ti_mmwave_rospkg/share/ti_mmwave_rospkg/launch/1843_Standard.py
[23.352s] -- Installing: /home/king/Research/Research4/mmwave_ti_ros/ros2_driver/install/ti_mmwave_rospkg/share/ti_mmwave_rospkg/launch/6843AOP_Standard.py
[23.352s] -- Installing: /home/king/Research/Research4/mmwave_ti_ros/ros2_driver/install/ti_mmwave_rospkg/share/ti_mmwave_rospkg/launch/6843ISK_Occupancy.py
[23.352s] -- Installing: /home/king/Research/Research4/mmwave_ti_ros/ros2_driver/install/ti_mmwave_rospkg/share/ti_mmwave_rospkg/config
[23.352s] -- Installing: /home/king/Research/Research4/mmwave_ti_ros/ros2_driver/install/ti_mmwave_rospkg/share/ti_mmwave_rospkg/config/global_params.yaml
[23.352s] -- Installing: /home/king/Research/Research4/mmwave_ti_ros/ros2_driver/install/ti_mmwave_rospkg/share/ti_mmwave_rospkg/cfg
[23.352s] -- Installing: /home/king/Research/Research4/mmwave_ti_ros/ros2_driver/install/ti_mmwave_rospkg/share/ti_mmwave_rospkg/cfg/6843AOP_StaticTracking.cfg
[23.355s] -- Installing: /home/king/Research/Research4/mmwave_ti_ros/ros2_driver/install/ti_mmwave_rospkg/share/ti_mmwave_rospkg/cfg/6843AOP_Standard.cfg
[23.355s] -- Installing: /home/king/Research/Research4/mmwave_ti_ros/ros2_driver/install/ti_mmwave_rospkg/share/ti_mmwave_rospkg/cfg/6432_Standard_Uncompressed.cfg
[23.355s] -- Installing: /home/king/Research/Research4/mmwave_ti_ros/ros2_driver/install/ti_mmwave_rospkg/share/ti_mmwave_rospkg/cfg/1443_Standard.cfg
[23.355s] -- Installing: /home/king/Research/Research4/mmwave_ti_ros/ros2_driver/install/ti_mmwave_rospkg/share/ti_mmwave_rospkg/cfg/1642_Standard.cfg
[23.357s] -- Installing: /home/king/Research/Research4/mmwave_ti_ros/ros2_driver/install/ti_mmwave_rospkg/share/ti_mmwave_rospkg/cfg/6432_Classification.cfg
[23.358s] -- Installing: /home/king/Research/Research4/mmwave_ti_ros/ros2_driver/install/ti_mmwave_rospkg/share/ti_mmwave_rospkg/cfg/1843_3d_hw_trig.cfg
[23.358s] -- Installing: /home/king/Research/Research4/mmwave_ti_ros/ros2_driver/install/ti_mmwave_rospkg/share/ti_mmwave_rospkg/cfg/6843AOP_FineMotion.cfg
[23.358s] -- Installing: /home/king/Research/Research4/mmwave_ti_ros/ros2_driver/install/ti_mmwave_rospkg/share/ti_mmwave_rospkg/cfg/6843ISK_Occupancy.cfg
[23.358s] -- Installing: /home/king/Research/Research4/mmwave_ti_ros/ros2_driver/install/ti_mmwave_rospkg/share/ti_mmwave_rospkg/cfg/1843_Standard.cfg
[23.358s] -- Installing: /home/king/Research/Research4/mmwave_ti_ros/ros2_driver/install/ti_mmwave_rospkg/share/ti_mmwave_rospkg/cfg/6843ISK_Standard.cfg
[23.358s] -- Installing: /home/king/Research/Research4/mmwave_ti_ros/ros2_driver/install/ti_mmwave_rospkg/share/ti_mmwave_rospkg/cfg/6843ISK_Tracking.cfg
[23.358s] -- Installing: /home/king/Research/Research4/mmwave_ti_ros/ros2_driver/install/ti_mmwave_rospkg/share/ti_mmwave_rospkg/cfg/6843AOP_Tracking.cfg
[23.358s] -- Installing: /home/king/Research/Research4/mmwave_ti_ros/ros2_driver/install/ti_mmwave_rospkg/lib/ti_mmwave_rospkg/mmWaveCommSrv
[23.362s] -- Set runtime path of "/home/king/Research/Research4/mmwave_ti_ros/ros2_driver/install/ti_mmwave_rospkg/lib/ti_mmwave_rospkg/mmWaveCommSrv" to ""
[23.362s] -- Installing: /home/king/Research/Research4/mmwave_ti_ros/ros2_driver/install/ti_mmwave_rospkg/lib/ti_mmwave_rospkg/mmWaveQuickConfig
[23.364s] -- Set runtime path of "/home/king/Research/Research4/mmwave_ti_ros/ros2_driver/install/ti_mmwave_rospkg/lib/ti_mmwave_rospkg/mmWaveQuickConfig" to ""
[23.367s] -- Installing: /home/king/Research/Research4/mmwave_ti_ros/ros2_driver/install/ti_mmwave_rospkg/lib/ti_mmwave_rospkg/ParameterParser
[23.367s] -- Set runtime path of "/home/king/Research/Research4/mmwave_ti_ros/ros2_driver/install/ti_mmwave_rospkg/lib/ti_mmwave_rospkg/ParameterParser" to ""
[23.367s] -- Installing: /home/king/Research/Research4/mmwave_ti_ros/ros2_driver/install/ti_mmwave_rospkg/lib/ti_mmwave_rospkg/DataHandlerClass
[23.370s] -- Set runtime path of "/home/king/Research/Research4/mmwave_ti_ros/ros2_driver/install/ti_mmwave_rospkg/lib/ti_mmwave_rospkg/DataHandlerClass" to ""
[23.370s] -- Installing: /home/king/Research/Research4/mmwave_ti_ros/ros2_driver/install/ti_mmwave_rospkg/include/
[23.370s] -- Installing: /home/king/Research/Research4/mmwave_ti_ros/ros2_driver/install/ti_mmwave_rospkg/include//mmWave.h
[23.370s] -- Installing: /home/king/Research/Research4/mmwave_ti_ros/ros2_driver/install/ti_mmwave_rospkg/include//DataHandlerClass.h
[23.370s] -- Installing: /home/king/Research/Research4/mmwave_ti_ros/ros2_driver/install/ti_mmwave_rospkg/share/ament_index/resource_index/package_run_dependencies/ti_mmwave_rospkg
[23.370s] -- Installing: /home/king/Research/Research4/mmwave_ti_ros/ros2_driver/install/ti_mmwave_rospkg/share/ament_index/resource_index/parent_prefix_path/ti_mmwave_rospkg
[23.371s] -- Installing: /home/king/Research/Research4/mmwave_ti_ros/ros2_driver/install/ti_mmwave_rospkg/share/ti_mmwave_rospkg/environment/ament_prefix_path.sh
[23.371s] -- Installing: /home/king/Research/Research4/mmwave_ti_ros/ros2_driver/install/ti_mmwave_rospkg/share/ti_mmwave_rospkg/environment/ament_prefix_path.dsv
[23.371s] -- Installing: /home/king/Research/Research4/mmwave_ti_ros/ros2_driver/install/ti_mmwave_rospkg/share/ti_mmwave_rospkg/environment/path.sh
[23.371s] -- Installing: /home/king/Research/Research4/mmwave_ti_ros/ros2_driver/install/ti_mmwave_rospkg/share/ti_mmwave_rospkg/environment/path.dsv
[23.371s] -- Installing: /home/king/Research/Research4/mmwave_ti_ros/ros2_driver/install/ti_mmwave_rospkg/share/ti_mmwave_rospkg/local_setup.bash
[23.372s] -- Installing: /home/king/Research/Research4/mmwave_ti_ros/ros2_driver/install/ti_mmwave_rospkg/share/ti_mmwave_rospkg/local_setup.sh
[23.372s] -- Installing: /home/king/Research/Research4/mmwave_ti_ros/ros2_driver/install/ti_mmwave_rospkg/share/ti_mmwave_rospkg/local_setup.zsh
[23.372s] -- Installing: /home/king/Research/Research4/mmwave_ti_ros/ros2_driver/install/ti_mmwave_rospkg/share/ti_mmwave_rospkg/local_setup.dsv
[23.373s] -- Installing: /home/king/Research/Research4/mmwave_ti_ros/ros2_driver/install/ti_mmwave_rospkg/share/ti_mmwave_rospkg/package.dsv
[23.373s] -- Installing: /home/king/Research/Research4/mmwave_ti_ros/ros2_driver/install/ti_mmwave_rospkg/share/ament_index/resource_index/packages/ti_mmwave_rospkg
[23.373s] -- Installing: /home/king/Research/Research4/mmwave_ti_ros/ros2_driver/install/ti_mmwave_rospkg/share/ti_mmwave_rospkg/cmake/ament_cmake_export_dependencies-extras.cmake
[23.373s] -- Installing: /home/king/Research/Research4/mmwave_ti_ros/ros2_driver/install/ti_mmwave_rospkg/share/ti_mmwave_rospkg/cmake/ament_cmake_export_include_directories-extras.cmake
[23.373s] -- Installing: /home/king/Research/Research4/mmwave_ti_ros/ros2_driver/install/ti_mmwave_rospkg/share/ti_mmwave_rospkg/cmake/ament_cmake_export_libraries-extras.cmake
[23.373s] -- Installing: /home/king/Research/Research4/mmwave_ti_ros/ros2_driver/install/ti_mmwave_rospkg/share/ti_mmwave_rospkg/cmake/ti_mmwave_rospkgConfig.cmake
[23.373s] -- Installing: /home/king/Research/Research4/mmwave_ti_ros/ros2_driver/install/ti_mmwave_rospkg/share/ti_mmwave_rospkg/cmake/ti_mmwave_rospkgConfig-version.cmake
[23.373s] -- Installing: /home/king/Research/Research4/mmwave_ti_ros/ros2_driver/install/ti_mmwave_rospkg/share/ti_mmwave_rospkg/package.xml
[23.379s] Invoked command in '/home/king/Research/Research4/mmwave_ti_ros/ros2_driver/build/ti_mmwave_rospkg' returned '0': AMENT_PREFIX_PATH=/home/king/Research/Research4/mmwave_ti_ros/ros2_driver/install/ti_mmwave_rospkg_msgs:/home/king/Research/Research4/mmwave_ti_ros/ros2_driver/install/serial:${AMENT_PREFIX_PATH} CMAKE_PREFIX_PATH=/home/king/Research/Research4/mmwave_ti_ros/ros2_driver/install/ti_mmwave_rospkg_msgs:/home/king/Research/Research4/mmwave_ti_ros/ros2_driver/install/serial:/opt/ros/humble LD_LIBRARY_PATH=/home/king/Research/Research4/mmwave_ti_ros/ros2_driver/install/ti_mmwave_rospkg_msgs/lib:/home/king/Research/Research4/mmwave_ti_ros/ros2_driver/install/serial/lib:${LD_LIBRARY_PATH} PYTHONPATH=/home/king/Research/Research4/mmwave_ti_ros/ros2_driver/install/ti_mmwave_rospkg_msgs/local/lib/python3.10/dist-packages:${PYTHONPATH} /usr/bin/cmake --install /home/king/Research/Research4/mmwave_ti_ros/ros2_driver/build/ti_mmwave_rospkg
