[0.073s] DEBUG:colcon:Command line arguments: ['/usr/bin/colcon', 'build']
[0.073s] DEBUG:colcon:Parsed command line arguments: Namespace(log_base=None, log_level=None, verb_name='build', build_base='build', install_base='install', merge_install=False, symlink_install=False, test_result_base=None, continue_on_error=False, executor='parallel', parallel_workers=2, event_handlers=None, ignore_user_meta=False, metas=['./colcon.meta'], base_paths=['.'], packages_ignore=None, packages_ignore_regex=None, paths=None, packages_up_to=None, packages_up_to_regex=None, packages_above=None, packages_above_and_dependencies=None, packages_above_depth=None, packages_select_by_dep=None, packages_skip_by_dep=None, packages_skip_up_to=None, packages_select_build_failed=False, packages_skip_build_finished=False, packages_select_test_failures=False, packages_skip_test_passed=False, packages_select=None, packages_skip=None, packages_select_regex=None, packages_skip_regex=None, packages_start=None, packages_end=None, allow_overriding=[], cmake_args=None, cmake_target=None, cmake_target_skip_unavailable=False, cmake_clean_cache=False, cmake_clean_first=False, cmake_force_configure=False, ament_cmake_args=None, catkin_cmake_args=None, catkin_skip_building_tests=False, mixin_files=None, mixin=None, verb_parser=<colcon_mixin.mixin.mixin_argument.MixinArgumentDecorator object at 0x715b9e2fd0f0>, verb_extension=<colcon_core.verb.build.BuildVerb object at 0x715b9e3f1ff0>, main=<bound method BuildVerb.main of <colcon_core.verb.build.BuildVerb object at 0x715b9e3f1ff0>>, mixin_verb=('build',))
[0.180s] Level 1:colcon.colcon_core.package_discovery:discover_packages(colcon_meta) check parameters
[0.180s] Level 1:colcon.colcon_core.package_discovery:discover_packages(recursive) check parameters
[0.180s] Level 1:colcon.colcon_core.package_discovery:discover_packages(ignore) check parameters
[0.180s] Level 1:colcon.colcon_core.package_discovery:discover_packages(path) check parameters
[0.180s] Level 1:colcon.colcon_core.package_discovery:discover_packages(colcon_meta) discover
[0.180s] Level 1:colcon.colcon_core.package_discovery:discover_packages(recursive) discover
[0.180s] INFO:colcon.colcon_core.package_discovery:Crawling recursively for packages in '/home/king/Research/Research4/mmwave_ti_ros/ros2_driver'
[0.180s] Level 1:colcon.colcon_core.package_identification:_identify(.) by extensions ['ignore', 'ignore_ament_install']
[0.181s] Level 1:colcon.colcon_core.package_identification:_identify(.) by extension 'ignore'
[0.181s] Level 1:colcon.colcon_core.package_identification:_identify(.) by extension 'ignore_ament_install'
[0.181s] Level 1:colcon.colcon_core.package_identification:_identify(.) by extensions ['colcon_pkg']
[0.181s] Level 1:colcon.colcon_core.package_identification:_identify(.) by extension 'colcon_pkg'
[0.181s] Level 1:colcon.colcon_core.package_identification:_identify(.) by extensions ['colcon_meta']
[0.181s] Level 1:colcon.colcon_core.package_identification:_identify(.) by extension 'colcon_meta'
[0.181s] Level 1:colcon.colcon_core.package_identification:_identify(.) by extensions ['ros']
[0.181s] Level 1:colcon.colcon_core.package_identification:_identify(.) by extension 'ros'
[0.188s] Level 1:colcon.colcon_core.package_identification:_identify(.) by extensions ['cmake', 'python']
[0.188s] Level 1:colcon.colcon_core.package_identification:_identify(.) by extension 'cmake'
[0.188s] Level 1:colcon.colcon_core.package_identification:_identify(.) by extension 'python'
[0.188s] Level 1:colcon.colcon_core.package_identification:_identify(.) by extensions ['python_setup_py']
[0.188s] Level 1:colcon.colcon_core.package_identification:_identify(.) by extension 'python_setup_py'
[0.188s] Level 1:colcon.colcon_core.package_identification:_identify(build) by extensions ['ignore', 'ignore_ament_install']
[0.189s] Level 1:colcon.colcon_core.package_identification:_identify(build) by extension 'ignore'
[0.189s] Level 1:colcon.colcon_core.package_identification:_identify(build) ignored
[0.189s] Level 1:colcon.colcon_core.package_identification:_identify(install) by extensions ['ignore', 'ignore_ament_install']
[0.189s] Level 1:colcon.colcon_core.package_identification:_identify(install) by extension 'ignore'
[0.189s] Level 1:colcon.colcon_core.package_identification:_identify(install) ignored
[0.189s] Level 1:colcon.colcon_core.package_identification:_identify(log) by extensions ['ignore', 'ignore_ament_install']
[0.189s] Level 1:colcon.colcon_core.package_identification:_identify(log) by extension 'ignore'
[0.189s] Level 1:colcon.colcon_core.package_identification:_identify(log) ignored
[0.189s] Level 1:colcon.colcon_core.package_identification:_identify(src) by extensions ['ignore', 'ignore_ament_install']
[0.189s] Level 1:colcon.colcon_core.package_identification:_identify(src) by extension 'ignore'
[0.189s] Level 1:colcon.colcon_core.package_identification:_identify(src) by extension 'ignore_ament_install'
[0.189s] Level 1:colcon.colcon_core.package_identification:_identify(src) by extensions ['colcon_pkg']
[0.189s] Level 1:colcon.colcon_core.package_identification:_identify(src) by extension 'colcon_pkg'
[0.189s] Level 1:colcon.colcon_core.package_identification:_identify(src) by extensions ['colcon_meta']
[0.189s] Level 1:colcon.colcon_core.package_identification:_identify(src) by extension 'colcon_meta'
[0.189s] Level 1:colcon.colcon_core.package_identification:_identify(src) by extensions ['ros']
[0.189s] Level 1:colcon.colcon_core.package_identification:_identify(src) by extension 'ros'
[0.189s] Level 1:colcon.colcon_core.package_identification:_identify(src) by extensions ['cmake', 'python']
[0.189s] Level 1:colcon.colcon_core.package_identification:_identify(src) by extension 'cmake'
[0.189s] Level 1:colcon.colcon_core.package_identification:_identify(src) by extension 'python'
[0.189s] Level 1:colcon.colcon_core.package_identification:_identify(src) by extensions ['python_setup_py']
[0.189s] Level 1:colcon.colcon_core.package_identification:_identify(src) by extension 'python_setup_py'
[0.189s] Level 1:colcon.colcon_core.package_identification:_identify(src/serial-ros2-master) by extensions ['ignore', 'ignore_ament_install']
[0.190s] Level 1:colcon.colcon_core.package_identification:_identify(src/serial-ros2-master) by extension 'ignore'
[0.190s] Level 1:colcon.colcon_core.package_identification:_identify(src/serial-ros2-master) by extension 'ignore_ament_install'
[0.190s] Level 1:colcon.colcon_core.package_identification:_identify(src/serial-ros2-master) by extensions ['colcon_pkg']
[0.190s] Level 1:colcon.colcon_core.package_identification:_identify(src/serial-ros2-master) by extension 'colcon_pkg'
[0.190s] Level 1:colcon.colcon_core.package_identification:_identify(src/serial-ros2-master) by extensions ['colcon_meta']
[0.190s] Level 1:colcon.colcon_core.package_identification:_identify(src/serial-ros2-master) by extension 'colcon_meta'
[0.190s] Level 1:colcon.colcon_core.package_identification:_identify(src/serial-ros2-master) by extensions ['ros']
[0.190s] Level 1:colcon.colcon_core.package_identification:_identify(src/serial-ros2-master) by extension 'ros'
[0.191s] DEBUG:colcon.colcon_core.package_identification:Package 'src/serial-ros2-master' with type 'ros.ament_cmake' and name 'serial'
[0.192s] Level 1:colcon.colcon_core.package_identification:_identify(src/ti_mmwave_rospkg) by extensions ['ignore', 'ignore_ament_install']
[0.192s] Level 1:colcon.colcon_core.package_identification:_identify(src/ti_mmwave_rospkg) by extension 'ignore'
[0.192s] Level 1:colcon.colcon_core.package_identification:_identify(src/ti_mmwave_rospkg) by extension 'ignore_ament_install'
[0.192s] Level 1:colcon.colcon_core.package_identification:_identify(src/ti_mmwave_rospkg) by extensions ['colcon_pkg']
[0.192s] Level 1:colcon.colcon_core.package_identification:_identify(src/ti_mmwave_rospkg) by extension 'colcon_pkg'
[0.192s] Level 1:colcon.colcon_core.package_identification:_identify(src/ti_mmwave_rospkg) by extensions ['colcon_meta']
[0.192s] Level 1:colcon.colcon_core.package_identification:_identify(src/ti_mmwave_rospkg) by extension 'colcon_meta'
[0.192s] Level 1:colcon.colcon_core.package_identification:_identify(src/ti_mmwave_rospkg) by extensions ['ros']
[0.192s] Level 1:colcon.colcon_core.package_identification:_identify(src/ti_mmwave_rospkg) by extension 'ros'
[0.193s] DEBUG:colcon.colcon_core.package_identification:Package 'src/ti_mmwave_rospkg' with type 'ros.ament_cmake' and name 'ti_mmwave_rospkg'
[0.193s] Level 1:colcon.colcon_core.package_identification:_identify(src/ti_mmwave_rospkg_msgs) by extensions ['ignore', 'ignore_ament_install']
[0.193s] Level 1:colcon.colcon_core.package_identification:_identify(src/ti_mmwave_rospkg_msgs) by extension 'ignore'
[0.193s] Level 1:colcon.colcon_core.package_identification:_identify(src/ti_mmwave_rospkg_msgs) by extension 'ignore_ament_install'
[0.193s] Level 1:colcon.colcon_core.package_identification:_identify(src/ti_mmwave_rospkg_msgs) by extensions ['colcon_pkg']
[0.193s] Level 1:colcon.colcon_core.package_identification:_identify(src/ti_mmwave_rospkg_msgs) by extension 'colcon_pkg'
[0.193s] Level 1:colcon.colcon_core.package_identification:_identify(src/ti_mmwave_rospkg_msgs) by extensions ['colcon_meta']
[0.193s] Level 1:colcon.colcon_core.package_identification:_identify(src/ti_mmwave_rospkg_msgs) by extension 'colcon_meta'
[0.193s] Level 1:colcon.colcon_core.package_identification:_identify(src/ti_mmwave_rospkg_msgs) by extensions ['ros']
[0.193s] Level 1:colcon.colcon_core.package_identification:_identify(src/ti_mmwave_rospkg_msgs) by extension 'ros'
[0.193s] DEBUG:colcon.colcon_core.package_identification:Package 'src/ti_mmwave_rospkg_msgs' with type 'ros.ament_cmake' and name 'ti_mmwave_rospkg_msgs'
[0.194s] Level 1:colcon.colcon_core.package_discovery:discover_packages(recursive) using defaults
[0.194s] Level 1:colcon.colcon_core.package_discovery:discover_packages(ignore) discover
[0.194s] Level 1:colcon.colcon_core.package_discovery:discover_packages(ignore) using defaults
[0.194s] Level 1:colcon.colcon_core.package_discovery:discover_packages(path) discover
[0.194s] Level 1:colcon.colcon_core.package_discovery:discover_packages(path) using defaults
[0.214s] Level 1:colcon.colcon_core.package_discovery:discover_packages(prefix_path) check parameters
[0.214s] Level 1:colcon.colcon_core.package_discovery:discover_packages(prefix_path) discover
[0.216s] DEBUG:colcon.colcon_installed_package_information.package_discovery:Found 273 installed packages in /opt/ros/humble
[0.216s] Level 1:colcon.colcon_core.package_discovery:discover_packages(prefix_path) using defaults
[0.240s] Level 5:colcon.colcon_core.verb:set package 'serial' build argument 'cmake_args' from command line to 'None'
[0.241s] Level 5:colcon.colcon_core.verb:set package 'serial' build argument 'cmake_target' from command line to 'None'
[0.241s] Level 5:colcon.colcon_core.verb:set package 'serial' build argument 'cmake_target_skip_unavailable' from command line to 'False'
[0.241s] Level 5:colcon.colcon_core.verb:set package 'serial' build argument 'cmake_clean_cache' from command line to 'False'
[0.241s] Level 5:colcon.colcon_core.verb:set package 'serial' build argument 'cmake_clean_first' from command line to 'False'
[0.241s] Level 5:colcon.colcon_core.verb:set package 'serial' build argument 'cmake_force_configure' from command line to 'False'
[0.241s] Level 5:colcon.colcon_core.verb:set package 'serial' build argument 'ament_cmake_args' from command line to 'None'
[0.241s] Level 5:colcon.colcon_core.verb:set package 'serial' build argument 'catkin_cmake_args' from command line to 'None'
[0.241s] Level 5:colcon.colcon_core.verb:set package 'serial' build argument 'catkin_skip_building_tests' from command line to 'False'
[0.241s] DEBUG:colcon.colcon_core.verb:Building package 'serial' with the following arguments: {'ament_cmake_args': None, 'build_base': '/home/king/Research/Research4/mmwave_ti_ros/ros2_driver/build/serial', 'catkin_cmake_args': None, 'catkin_skip_building_tests': False, 'cmake_args': None, 'cmake_clean_cache': False, 'cmake_clean_first': False, 'cmake_force_configure': False, 'cmake_target': None, 'cmake_target_skip_unavailable': False, 'install_base': '/home/king/Research/Research4/mmwave_ti_ros/ros2_driver/install/serial', 'merge_install': False, 'path': '/home/king/Research/Research4/mmwave_ti_ros/ros2_driver/src/serial-ros2-master', 'symlink_install': False, 'test_result_base': None}
[0.241s] Level 5:colcon.colcon_core.verb:set package 'ti_mmwave_rospkg_msgs' build argument 'cmake_args' from command line to 'None'
[0.241s] Level 5:colcon.colcon_core.verb:set package 'ti_mmwave_rospkg_msgs' build argument 'cmake_target' from command line to 'None'
[0.241s] Level 5:colcon.colcon_core.verb:set package 'ti_mmwave_rospkg_msgs' build argument 'cmake_target_skip_unavailable' from command line to 'False'
[0.241s] Level 5:colcon.colcon_core.verb:set package 'ti_mmwave_rospkg_msgs' build argument 'cmake_clean_cache' from command line to 'False'
[0.241s] Level 5:colcon.colcon_core.verb:set package 'ti_mmwave_rospkg_msgs' build argument 'cmake_clean_first' from command line to 'False'
[0.241s] Level 5:colcon.colcon_core.verb:set package 'ti_mmwave_rospkg_msgs' build argument 'cmake_force_configure' from command line to 'False'
[0.241s] Level 5:colcon.colcon_core.verb:set package 'ti_mmwave_rospkg_msgs' build argument 'ament_cmake_args' from command line to 'None'
[0.241s] Level 5:colcon.colcon_core.verb:set package 'ti_mmwave_rospkg_msgs' build argument 'catkin_cmake_args' from command line to 'None'
[0.241s] Level 5:colcon.colcon_core.verb:set package 'ti_mmwave_rospkg_msgs' build argument 'catkin_skip_building_tests' from command line to 'False'
[0.241s] DEBUG:colcon.colcon_core.verb:Building package 'ti_mmwave_rospkg_msgs' with the following arguments: {'ament_cmake_args': None, 'build_base': '/home/king/Research/Research4/mmwave_ti_ros/ros2_driver/build/ti_mmwave_rospkg_msgs', 'catkin_cmake_args': None, 'catkin_skip_building_tests': False, 'cmake_args': None, 'cmake_clean_cache': False, 'cmake_clean_first': False, 'cmake_force_configure': False, 'cmake_target': None, 'cmake_target_skip_unavailable': False, 'install_base': '/home/king/Research/Research4/mmwave_ti_ros/ros2_driver/install/ti_mmwave_rospkg_msgs', 'merge_install': False, 'path': '/home/king/Research/Research4/mmwave_ti_ros/ros2_driver/src/ti_mmwave_rospkg_msgs', 'symlink_install': False, 'test_result_base': None}
[0.241s] Level 5:colcon.colcon_core.verb:set package 'ti_mmwave_rospkg' build argument 'cmake_args' from command line to 'None'
[0.241s] Level 5:colcon.colcon_core.verb:set package 'ti_mmwave_rospkg' build argument 'cmake_target' from command line to 'None'
[0.241s] Level 5:colcon.colcon_core.verb:set package 'ti_mmwave_rospkg' build argument 'cmake_target_skip_unavailable' from command line to 'False'
[0.241s] Level 5:colcon.colcon_core.verb:set package 'ti_mmwave_rospkg' build argument 'cmake_clean_cache' from command line to 'False'
[0.241s] Level 5:colcon.colcon_core.verb:set package 'ti_mmwave_rospkg' build argument 'cmake_clean_first' from command line to 'False'
[0.241s] Level 5:colcon.colcon_core.verb:set package 'ti_mmwave_rospkg' build argument 'cmake_force_configure' from command line to 'False'
[0.241s] Level 5:colcon.colcon_core.verb:set package 'ti_mmwave_rospkg' build argument 'ament_cmake_args' from command line to 'None'
[0.241s] Level 5:colcon.colcon_core.verb:set package 'ti_mmwave_rospkg' build argument 'catkin_cmake_args' from command line to 'None'
[0.241s] Level 5:colcon.colcon_core.verb:set package 'ti_mmwave_rospkg' build argument 'catkin_skip_building_tests' from command line to 'False'
[0.241s] DEBUG:colcon.colcon_core.verb:Building package 'ti_mmwave_rospkg' with the following arguments: {'ament_cmake_args': None, 'build_base': '/home/king/Research/Research4/mmwave_ti_ros/ros2_driver/build/ti_mmwave_rospkg', 'catkin_cmake_args': None, 'catkin_skip_building_tests': False, 'cmake_args': None, 'cmake_clean_cache': False, 'cmake_clean_first': False, 'cmake_force_configure': False, 'cmake_target': None, 'cmake_target_skip_unavailable': False, 'install_base': '/home/king/Research/Research4/mmwave_ti_ros/ros2_driver/install/ti_mmwave_rospkg', 'merge_install': False, 'path': '/home/king/Research/Research4/mmwave_ti_ros/ros2_driver/src/ti_mmwave_rospkg', 'symlink_install': False, 'test_result_base': None}
[0.242s] INFO:colcon.colcon_core.executor:Executing jobs using 'parallel' executor
[0.242s] DEBUG:colcon.colcon_parallel_executor.executor.parallel:run_until_complete
[0.243s] INFO:colcon.colcon_ros.task.ament_cmake.build:Building ROS package in '/home/king/Research/Research4/mmwave_ti_ros/ros2_driver/src/serial-ros2-master' with build type 'ament_cmake'
[0.243s] INFO:colcon.colcon_cmake.task.cmake.build:Building CMake package in '/home/king/Research/Research4/mmwave_ti_ros/ros2_driver/src/serial-ros2-master'
[0.244s] INFO:colcon.colcon_core.plugin_system:Skipping extension 'colcon_core.shell.bat': Not used on non-Windows systems
[0.244s] INFO:colcon.colcon_core.shell:Skip shell extension 'powershell' for command environment: Not usable outside of PowerShell
[0.244s] DEBUG:colcon.colcon_core.shell:Skip shell extension 'dsv' for command environment
[0.247s] INFO:colcon.colcon_ros.task.ament_cmake.build:Building ROS package in '/home/king/Research/Research4/mmwave_ti_ros/ros2_driver/src/ti_mmwave_rospkg_msgs' with build type 'ament_cmake'
[0.247s] INFO:colcon.colcon_cmake.task.cmake.build:Building CMake package in '/home/king/Research/Research4/mmwave_ti_ros/ros2_driver/src/ti_mmwave_rospkg_msgs'
[0.247s] INFO:colcon.colcon_core.shell:Skip shell extension 'powershell' for command environment: Not usable outside of PowerShell
[0.247s] DEBUG:colcon.colcon_core.shell:Skip shell extension 'dsv' for command environment
[0.255s] DEBUG:colcon.colcon_core.event_handler.log_command:Invoking command in '/home/king/Research/Research4/mmwave_ti_ros/ros2_driver/build/serial': CMAKE_PREFIX_PATH=/opt/ros/humble /usr/bin/cmake /home/king/Research/Research4/mmwave_ti_ros/ros2_driver/src/serial-ros2-master -DCMAKE_INSTALL_PREFIX=/home/king/Research/Research4/mmwave_ti_ros/ros2_driver/install/serial
[0.262s] DEBUG:colcon.colcon_core.event_handler.log_command:Invoking command in '/home/king/Research/Research4/mmwave_ti_ros/ros2_driver/build/ti_mmwave_rospkg_msgs': CMAKE_PREFIX_PATH=/opt/ros/humble /usr/bin/cmake /home/king/Research/Research4/mmwave_ti_ros/ros2_driver/src/ti_mmwave_rospkg_msgs -DCMAKE_INSTALL_PREFIX=/home/king/Research/Research4/mmwave_ti_ros/ros2_driver/install/ti_mmwave_rospkg_msgs
[0.829s] DEBUG:colcon.colcon_core.event_handler.log_command:Invoked command in '/home/king/Research/Research4/mmwave_ti_ros/ros2_driver/build/serial' returned '0': CMAKE_PREFIX_PATH=/opt/ros/humble /usr/bin/cmake /home/king/Research/Research4/mmwave_ti_ros/ros2_driver/src/serial-ros2-master -DCMAKE_INSTALL_PREFIX=/home/king/Research/Research4/mmwave_ti_ros/ros2_driver/install/serial
[0.833s] DEBUG:colcon.colcon_core.event_handler.log_command:Invoking command in '/home/king/Research/Research4/mmwave_ti_ros/ros2_driver/build/serial': CMAKE_PREFIX_PATH=/opt/ros/humble /usr/bin/cmake --build /home/king/Research/Research4/mmwave_ti_ros/ros2_driver/build/serial -- -j2 -l2
[1.916s] DEBUG:colcon.colcon_core.event_handler.log_command:Invoked command in '/home/king/Research/Research4/mmwave_ti_ros/ros2_driver/build/serial' returned '0': CMAKE_PREFIX_PATH=/opt/ros/humble /usr/bin/cmake --build /home/king/Research/Research4/mmwave_ti_ros/ros2_driver/build/serial -- -j2 -l2
[1.928s] DEBUG:colcon.colcon_core.event_handler.log_command:Invoking command in '/home/king/Research/Research4/mmwave_ti_ros/ros2_driver/build/serial': CMAKE_PREFIX_PATH=/opt/ros/humble /usr/bin/cmake --install /home/king/Research/Research4/mmwave_ti_ros/ros2_driver/build/serial
[1.952s] Level 1:colcon.colcon_core.environment:create_environment_scripts_only(serial)
[1.953s] DEBUG:colcon.colcon_core.event_handler.log_command:Invoked command in '/home/king/Research/Research4/mmwave_ti_ros/ros2_driver/build/serial' returned '0': CMAKE_PREFIX_PATH=/opt/ros/humble /usr/bin/cmake --install /home/king/Research/Research4/mmwave_ti_ros/ros2_driver/build/serial
[1.955s] Level 1:colcon.colcon_core.environment:checking '/home/king/Research/Research4/mmwave_ti_ros/ros2_driver/install/serial' for CMake module files
[1.955s] Level 1:colcon.colcon_core.environment:checking '/home/king/Research/Research4/mmwave_ti_ros/ros2_driver/install/serial' for CMake config files
[1.955s] Level 1:colcon.colcon_core.shell:create_environment_hook('serial', 'cmake_prefix_path')
[1.957s] INFO:colcon.colcon_core.shell:Creating environment hook '/home/king/Research/Research4/mmwave_ti_ros/ros2_driver/install/serial/share/serial/hook/cmake_prefix_path.ps1'
[1.958s] INFO:colcon.colcon_core.shell:Creating environment descriptor '/home/king/Research/Research4/mmwave_ti_ros/ros2_driver/install/serial/share/serial/hook/cmake_prefix_path.dsv'
[1.958s] INFO:colcon.colcon_core.shell:Creating environment hook '/home/king/Research/Research4/mmwave_ti_ros/ros2_driver/install/serial/share/serial/hook/cmake_prefix_path.sh'
[1.959s] Level 1:colcon.colcon_core.environment:checking '/home/king/Research/Research4/mmwave_ti_ros/ros2_driver/install/serial/lib'
[1.959s] Level 1:colcon.colcon_core.shell:create_environment_hook('serial', 'ld_library_path_lib')
[1.959s] INFO:colcon.colcon_core.shell:Creating environment hook '/home/king/Research/Research4/mmwave_ti_ros/ros2_driver/install/serial/share/serial/hook/ld_library_path_lib.ps1'
[1.959s] INFO:colcon.colcon_core.shell:Creating environment descriptor '/home/king/Research/Research4/mmwave_ti_ros/ros2_driver/install/serial/share/serial/hook/ld_library_path_lib.dsv'
[1.959s] INFO:colcon.colcon_core.shell:Creating environment hook '/home/king/Research/Research4/mmwave_ti_ros/ros2_driver/install/serial/share/serial/hook/ld_library_path_lib.sh'
[1.960s] Level 1:colcon.colcon_core.environment:checking '/home/king/Research/Research4/mmwave_ti_ros/ros2_driver/install/serial/bin'
[1.960s] Level 1:colcon.colcon_core.environment:checking '/home/king/Research/Research4/mmwave_ti_ros/ros2_driver/install/serial/lib/pkgconfig/serial.pc'
[1.960s] Level 1:colcon.colcon_core.environment:checking '/home/king/Research/Research4/mmwave_ti_ros/ros2_driver/install/serial/lib/python3.10/site-packages'
[1.960s] Level 1:colcon.colcon_core.environment:checking '/home/king/Research/Research4/mmwave_ti_ros/ros2_driver/install/serial/bin'
[1.960s] INFO:colcon.colcon_core.shell:Creating package script '/home/king/Research/Research4/mmwave_ti_ros/ros2_driver/install/serial/share/serial/package.ps1'
[1.962s] INFO:colcon.colcon_core.shell:Creating package descriptor '/home/king/Research/Research4/mmwave_ti_ros/ros2_driver/install/serial/share/serial/package.dsv'
[1.963s] INFO:colcon.colcon_core.shell:Creating package script '/home/king/Research/Research4/mmwave_ti_ros/ros2_driver/install/serial/share/serial/package.sh'
[1.964s] INFO:colcon.colcon_core.shell:Creating package script '/home/king/Research/Research4/mmwave_ti_ros/ros2_driver/install/serial/share/serial/package.bash'
[1.965s] INFO:colcon.colcon_core.shell:Creating package script '/home/king/Research/Research4/mmwave_ti_ros/ros2_driver/install/serial/share/serial/package.zsh'
[1.966s] Level 1:colcon.colcon_core.environment:create_file_with_runtime_dependencies(/home/king/Research/Research4/mmwave_ti_ros/ros2_driver/install/serial/share/colcon-core/packages/serial)
[1.966s] Level 1:colcon.colcon_core.environment:create_environment_scripts_only(serial)
[1.967s] Level 1:colcon.colcon_core.environment:checking '/home/king/Research/Research4/mmwave_ti_ros/ros2_driver/install/serial' for CMake module files
[1.967s] Level 1:colcon.colcon_core.environment:checking '/home/king/Research/Research4/mmwave_ti_ros/ros2_driver/install/serial' for CMake config files
[1.967s] Level 1:colcon.colcon_core.shell:create_environment_hook('serial', 'cmake_prefix_path')
[1.968s] INFO:colcon.colcon_core.shell:Creating environment hook '/home/king/Research/Research4/mmwave_ti_ros/ros2_driver/install/serial/share/serial/hook/cmake_prefix_path.ps1'
[1.969s] INFO:colcon.colcon_core.shell:Creating environment descriptor '/home/king/Research/Research4/mmwave_ti_ros/ros2_driver/install/serial/share/serial/hook/cmake_prefix_path.dsv'
[1.969s] INFO:colcon.colcon_core.shell:Creating environment hook '/home/king/Research/Research4/mmwave_ti_ros/ros2_driver/install/serial/share/serial/hook/cmake_prefix_path.sh'
[1.970s] Level 1:colcon.colcon_core.environment:checking '/home/king/Research/Research4/mmwave_ti_ros/ros2_driver/install/serial/lib'
[1.970s] Level 1:colcon.colcon_core.shell:create_environment_hook('serial', 'ld_library_path_lib')
[1.971s] INFO:colcon.colcon_core.shell:Creating environment hook '/home/king/Research/Research4/mmwave_ti_ros/ros2_driver/install/serial/share/serial/hook/ld_library_path_lib.ps1'
[1.971s] INFO:colcon.colcon_core.shell:Creating environment descriptor '/home/king/Research/Research4/mmwave_ti_ros/ros2_driver/install/serial/share/serial/hook/ld_library_path_lib.dsv'
[1.972s] INFO:colcon.colcon_core.shell:Creating environment hook '/home/king/Research/Research4/mmwave_ti_ros/ros2_driver/install/serial/share/serial/hook/ld_library_path_lib.sh'
[1.973s] Level 1:colcon.colcon_core.environment:checking '/home/king/Research/Research4/mmwave_ti_ros/ros2_driver/install/serial/bin'
[1.973s] Level 1:colcon.colcon_core.environment:checking '/home/king/Research/Research4/mmwave_ti_ros/ros2_driver/install/serial/lib/pkgconfig/serial.pc'
[1.974s] Level 1:colcon.colcon_core.environment:checking '/home/king/Research/Research4/mmwave_ti_ros/ros2_driver/install/serial/lib/python3.10/site-packages'
[1.974s] Level 1:colcon.colcon_core.environment:checking '/home/king/Research/Research4/mmwave_ti_ros/ros2_driver/install/serial/bin'
[1.974s] INFO:colcon.colcon_core.shell:Creating package script '/home/king/Research/Research4/mmwave_ti_ros/ros2_driver/install/serial/share/serial/package.ps1'
[1.975s] INFO:colcon.colcon_core.shell:Creating package descriptor '/home/king/Research/Research4/mmwave_ti_ros/ros2_driver/install/serial/share/serial/package.dsv'
[1.976s] INFO:colcon.colcon_core.shell:Creating package script '/home/king/Research/Research4/mmwave_ti_ros/ros2_driver/install/serial/share/serial/package.sh'
[1.976s] INFO:colcon.colcon_core.shell:Creating package script '/home/king/Research/Research4/mmwave_ti_ros/ros2_driver/install/serial/share/serial/package.bash'
[1.977s] INFO:colcon.colcon_core.shell:Creating package script '/home/king/Research/Research4/mmwave_ti_ros/ros2_driver/install/serial/share/serial/package.zsh'
[1.978s] Level 1:colcon.colcon_core.environment:create_file_with_runtime_dependencies(/home/king/Research/Research4/mmwave_ti_ros/ros2_driver/install/serial/share/colcon-core/packages/serial)
[2.406s] DEBUG:colcon.colcon_core.event_handler.log_command:Invoked command in '/home/king/Research/Research4/mmwave_ti_ros/ros2_driver/build/ti_mmwave_rospkg_msgs' returned '0': CMAKE_PREFIX_PATH=/opt/ros/humble /usr/bin/cmake /home/king/Research/Research4/mmwave_ti_ros/ros2_driver/src/ti_mmwave_rospkg_msgs -DCMAKE_INSTALL_PREFIX=/home/king/Research/Research4/mmwave_ti_ros/ros2_driver/install/ti_mmwave_rospkg_msgs
[2.407s] DEBUG:colcon.colcon_core.event_handler.log_command:Invoking command in '/home/king/Research/Research4/mmwave_ti_ros/ros2_driver/build/ti_mmwave_rospkg_msgs': CMAKE_PREFIX_PATH=/opt/ros/humble /usr/bin/cmake --build /home/king/Research/Research4/mmwave_ti_ros/ros2_driver/build/ti_mmwave_rospkg_msgs -- -j2 -l2
[12.991s] DEBUG:colcon.colcon_core.event_handler.log_command:Invoked command in '/home/king/Research/Research4/mmwave_ti_ros/ros2_driver/build/ti_mmwave_rospkg_msgs' returned '0': CMAKE_PREFIX_PATH=/opt/ros/humble /usr/bin/cmake --build /home/king/Research/Research4/mmwave_ti_ros/ros2_driver/build/ti_mmwave_rospkg_msgs -- -j2 -l2
[12.994s] DEBUG:colcon.colcon_core.event_handler.log_command:Invoking command in '/home/king/Research/Research4/mmwave_ti_ros/ros2_driver/build/ti_mmwave_rospkg_msgs': CMAKE_PREFIX_PATH=/opt/ros/humble /usr/bin/cmake --install /home/king/Research/Research4/mmwave_ti_ros/ros2_driver/build/ti_mmwave_rospkg_msgs
[13.128s] Level 1:colcon.colcon_core.environment:create_environment_scripts_only(ti_mmwave_rospkg_msgs)
[13.128s] Level 1:colcon.colcon_core.environment:checking '/home/king/Research/Research4/mmwave_ti_ros/ros2_driver/install/ti_mmwave_rospkg_msgs' for CMake module files
[13.129s] DEBUG:colcon.colcon_core.event_handler.log_command:Invoked command in '/home/king/Research/Research4/mmwave_ti_ros/ros2_driver/build/ti_mmwave_rospkg_msgs' returned '0': CMAKE_PREFIX_PATH=/opt/ros/humble /usr/bin/cmake --install /home/king/Research/Research4/mmwave_ti_ros/ros2_driver/build/ti_mmwave_rospkg_msgs
[13.130s] Level 1:colcon.colcon_core.environment:checking '/home/king/Research/Research4/mmwave_ti_ros/ros2_driver/install/ti_mmwave_rospkg_msgs' for CMake config files
[13.130s] Level 1:colcon.colcon_core.shell:create_environment_hook('ti_mmwave_rospkg_msgs', 'cmake_prefix_path')
[13.131s] INFO:colcon.colcon_core.shell:Creating environment hook '/home/king/Research/Research4/mmwave_ti_ros/ros2_driver/install/ti_mmwave_rospkg_msgs/share/ti_mmwave_rospkg_msgs/hook/cmake_prefix_path.ps1'
[13.131s] INFO:colcon.colcon_core.shell:Creating environment descriptor '/home/king/Research/Research4/mmwave_ti_ros/ros2_driver/install/ti_mmwave_rospkg_msgs/share/ti_mmwave_rospkg_msgs/hook/cmake_prefix_path.dsv'
[13.131s] INFO:colcon.colcon_core.shell:Creating environment hook '/home/king/Research/Research4/mmwave_ti_ros/ros2_driver/install/ti_mmwave_rospkg_msgs/share/ti_mmwave_rospkg_msgs/hook/cmake_prefix_path.sh'
[13.132s] Level 1:colcon.colcon_core.environment:checking '/home/king/Research/Research4/mmwave_ti_ros/ros2_driver/install/ti_mmwave_rospkg_msgs/lib'
[13.132s] Level 1:colcon.colcon_core.shell:create_environment_hook('ti_mmwave_rospkg_msgs', 'ld_library_path_lib')
[13.132s] INFO:colcon.colcon_core.shell:Creating environment hook '/home/king/Research/Research4/mmwave_ti_ros/ros2_driver/install/ti_mmwave_rospkg_msgs/share/ti_mmwave_rospkg_msgs/hook/ld_library_path_lib.ps1'
[13.132s] INFO:colcon.colcon_core.shell:Creating environment descriptor '/home/king/Research/Research4/mmwave_ti_ros/ros2_driver/install/ti_mmwave_rospkg_msgs/share/ti_mmwave_rospkg_msgs/hook/ld_library_path_lib.dsv'
[13.132s] INFO:colcon.colcon_core.shell:Creating environment hook '/home/king/Research/Research4/mmwave_ti_ros/ros2_driver/install/ti_mmwave_rospkg_msgs/share/ti_mmwave_rospkg_msgs/hook/ld_library_path_lib.sh'
[13.133s] Level 1:colcon.colcon_core.environment:checking '/home/king/Research/Research4/mmwave_ti_ros/ros2_driver/install/ti_mmwave_rospkg_msgs/bin'
[13.133s] Level 1:colcon.colcon_core.environment:checking '/home/king/Research/Research4/mmwave_ti_ros/ros2_driver/install/ti_mmwave_rospkg_msgs/lib/pkgconfig/ti_mmwave_rospkg_msgs.pc'
[13.133s] Level 1:colcon.colcon_core.environment:checking '/home/king/Research/Research4/mmwave_ti_ros/ros2_driver/install/ti_mmwave_rospkg_msgs/lib/python3.10/site-packages'
[13.133s] Level 1:colcon.colcon_core.environment:checking '/home/king/Research/Research4/mmwave_ti_ros/ros2_driver/install/ti_mmwave_rospkg_msgs/bin'
[13.133s] INFO:colcon.colcon_core.shell:Creating package script '/home/king/Research/Research4/mmwave_ti_ros/ros2_driver/install/ti_mmwave_rospkg_msgs/share/ti_mmwave_rospkg_msgs/package.ps1'
[13.133s] INFO:colcon.colcon_core.shell:Creating package descriptor '/home/king/Research/Research4/mmwave_ti_ros/ros2_driver/install/ti_mmwave_rospkg_msgs/share/ti_mmwave_rospkg_msgs/package.dsv'
[13.134s] INFO:colcon.colcon_core.shell:Creating package script '/home/king/Research/Research4/mmwave_ti_ros/ros2_driver/install/ti_mmwave_rospkg_msgs/share/ti_mmwave_rospkg_msgs/package.sh'
[13.134s] INFO:colcon.colcon_core.shell:Creating package script '/home/king/Research/Research4/mmwave_ti_ros/ros2_driver/install/ti_mmwave_rospkg_msgs/share/ti_mmwave_rospkg_msgs/package.bash'
[13.134s] INFO:colcon.colcon_core.shell:Creating package script '/home/king/Research/Research4/mmwave_ti_ros/ros2_driver/install/ti_mmwave_rospkg_msgs/share/ti_mmwave_rospkg_msgs/package.zsh'
[13.135s] Level 1:colcon.colcon_core.environment:create_file_with_runtime_dependencies(/home/king/Research/Research4/mmwave_ti_ros/ros2_driver/install/ti_mmwave_rospkg_msgs/share/colcon-core/packages/ti_mmwave_rospkg_msgs)
[13.135s] Level 1:colcon.colcon_core.environment:create_environment_scripts_only(ti_mmwave_rospkg_msgs)
[13.135s] Level 1:colcon.colcon_core.environment:checking '/home/king/Research/Research4/mmwave_ti_ros/ros2_driver/install/ti_mmwave_rospkg_msgs' for CMake module files
[13.136s] Level 1:colcon.colcon_core.environment:checking '/home/king/Research/Research4/mmwave_ti_ros/ros2_driver/install/ti_mmwave_rospkg_msgs' for CMake config files
[13.136s] Level 1:colcon.colcon_core.shell:create_environment_hook('ti_mmwave_rospkg_msgs', 'cmake_prefix_path')
[13.136s] INFO:colcon.colcon_core.shell:Creating environment hook '/home/king/Research/Research4/mmwave_ti_ros/ros2_driver/install/ti_mmwave_rospkg_msgs/share/ti_mmwave_rospkg_msgs/hook/cmake_prefix_path.ps1'
[13.137s] INFO:colcon.colcon_core.shell:Creating environment descriptor '/home/king/Research/Research4/mmwave_ti_ros/ros2_driver/install/ti_mmwave_rospkg_msgs/share/ti_mmwave_rospkg_msgs/hook/cmake_prefix_path.dsv'
[13.137s] INFO:colcon.colcon_core.shell:Creating environment hook '/home/king/Research/Research4/mmwave_ti_ros/ros2_driver/install/ti_mmwave_rospkg_msgs/share/ti_mmwave_rospkg_msgs/hook/cmake_prefix_path.sh'
[13.138s] Level 1:colcon.colcon_core.environment:checking '/home/king/Research/Research4/mmwave_ti_ros/ros2_driver/install/ti_mmwave_rospkg_msgs/lib'
[13.138s] Level 1:colcon.colcon_core.shell:create_environment_hook('ti_mmwave_rospkg_msgs', 'ld_library_path_lib')
[13.138s] INFO:colcon.colcon_core.shell:Creating environment hook '/home/king/Research/Research4/mmwave_ti_ros/ros2_driver/install/ti_mmwave_rospkg_msgs/share/ti_mmwave_rospkg_msgs/hook/ld_library_path_lib.ps1'
[13.138s] INFO:colcon.colcon_core.shell:Creating environment descriptor '/home/king/Research/Research4/mmwave_ti_ros/ros2_driver/install/ti_mmwave_rospkg_msgs/share/ti_mmwave_rospkg_msgs/hook/ld_library_path_lib.dsv'
[13.139s] INFO:colcon.colcon_core.shell:Creating environment hook '/home/king/Research/Research4/mmwave_ti_ros/ros2_driver/install/ti_mmwave_rospkg_msgs/share/ti_mmwave_rospkg_msgs/hook/ld_library_path_lib.sh'
[13.139s] Level 1:colcon.colcon_core.environment:checking '/home/king/Research/Research4/mmwave_ti_ros/ros2_driver/install/ti_mmwave_rospkg_msgs/bin'
[13.139s] Level 1:colcon.colcon_core.environment:checking '/home/king/Research/Research4/mmwave_ti_ros/ros2_driver/install/ti_mmwave_rospkg_msgs/lib/pkgconfig/ti_mmwave_rospkg_msgs.pc'
[13.139s] Level 1:colcon.colcon_core.environment:checking '/home/king/Research/Research4/mmwave_ti_ros/ros2_driver/install/ti_mmwave_rospkg_msgs/lib/python3.10/site-packages'
[13.139s] Level 1:colcon.colcon_core.environment:checking '/home/king/Research/Research4/mmwave_ti_ros/ros2_driver/install/ti_mmwave_rospkg_msgs/bin'
[13.140s] INFO:colcon.colcon_core.shell:Creating package script '/home/king/Research/Research4/mmwave_ti_ros/ros2_driver/install/ti_mmwave_rospkg_msgs/share/ti_mmwave_rospkg_msgs/package.ps1'
[13.140s] INFO:colcon.colcon_core.shell:Creating package descriptor '/home/king/Research/Research4/mmwave_ti_ros/ros2_driver/install/ti_mmwave_rospkg_msgs/share/ti_mmwave_rospkg_msgs/package.dsv'
[13.140s] INFO:colcon.colcon_core.shell:Creating package script '/home/king/Research/Research4/mmwave_ti_ros/ros2_driver/install/ti_mmwave_rospkg_msgs/share/ti_mmwave_rospkg_msgs/package.sh'
[13.141s] INFO:colcon.colcon_core.shell:Creating package script '/home/king/Research/Research4/mmwave_ti_ros/ros2_driver/install/ti_mmwave_rospkg_msgs/share/ti_mmwave_rospkg_msgs/package.bash'
[13.141s] INFO:colcon.colcon_core.shell:Creating package script '/home/king/Research/Research4/mmwave_ti_ros/ros2_driver/install/ti_mmwave_rospkg_msgs/share/ti_mmwave_rospkg_msgs/package.zsh'
[13.142s] Level 1:colcon.colcon_core.environment:create_file_with_runtime_dependencies(/home/king/Research/Research4/mmwave_ti_ros/ros2_driver/install/ti_mmwave_rospkg_msgs/share/colcon-core/packages/ti_mmwave_rospkg_msgs)
[13.142s] INFO:colcon.colcon_ros.task.ament_cmake.build:Building ROS package in '/home/king/Research/Research4/mmwave_ti_ros/ros2_driver/src/ti_mmwave_rospkg' with build type 'ament_cmake'
[13.142s] INFO:colcon.colcon_cmake.task.cmake.build:Building CMake package in '/home/king/Research/Research4/mmwave_ti_ros/ros2_driver/src/ti_mmwave_rospkg'
[13.143s] INFO:colcon.colcon_core.shell:Skip shell extension 'powershell' for command environment: Not usable outside of PowerShell
[13.143s] DEBUG:colcon.colcon_core.shell:Skip shell extension 'dsv' for command environment
[13.157s] DEBUG:colcon.colcon_core.event_handler.log_command:Invoking command in '/home/king/Research/Research4/mmwave_ti_ros/ros2_driver/build/ti_mmwave_rospkg': AMENT_PREFIX_PATH=/home/king/Research/Research4/mmwave_ti_ros/ros2_driver/install/ti_mmwave_rospkg_msgs:/home/king/Research/Research4/mmwave_ti_ros/ros2_driver/install/serial:${AMENT_PREFIX_PATH} CMAKE_PREFIX_PATH=/home/king/Research/Research4/mmwave_ti_ros/ros2_driver/install/ti_mmwave_rospkg_msgs:/home/king/Research/Research4/mmwave_ti_ros/ros2_driver/install/serial:/opt/ros/humble LD_LIBRARY_PATH=/home/king/Research/Research4/mmwave_ti_ros/ros2_driver/install/ti_mmwave_rospkg_msgs/lib:/home/king/Research/Research4/mmwave_ti_ros/ros2_driver/install/serial/lib:${LD_LIBRARY_PATH} PYTHONPATH=/home/king/Research/Research4/mmwave_ti_ros/ros2_driver/install/ti_mmwave_rospkg_msgs/local/lib/python3.10/dist-packages:${PYTHONPATH} /usr/bin/cmake /home/king/Research/Research4/mmwave_ti_ros/ros2_driver/src/ti_mmwave_rospkg -DCMAKE_INSTALL_PREFIX=/home/king/Research/Research4/mmwave_ti_ros/ros2_driver/install/ti_mmwave_rospkg
[16.200s] DEBUG:colcon.colcon_core.event_handler.log_command:Invoked command in '/home/king/Research/Research4/mmwave_ti_ros/ros2_driver/build/ti_mmwave_rospkg' returned '0': AMENT_PREFIX_PATH=/home/king/Research/Research4/mmwave_ti_ros/ros2_driver/install/ti_mmwave_rospkg_msgs:/home/king/Research/Research4/mmwave_ti_ros/ros2_driver/install/serial:${AMENT_PREFIX_PATH} CMAKE_PREFIX_PATH=/home/king/Research/Research4/mmwave_ti_ros/ros2_driver/install/ti_mmwave_rospkg_msgs:/home/king/Research/Research4/mmwave_ti_ros/ros2_driver/install/serial:/opt/ros/humble LD_LIBRARY_PATH=/home/king/Research/Research4/mmwave_ti_ros/ros2_driver/install/ti_mmwave_rospkg_msgs/lib:/home/king/Research/Research4/mmwave_ti_ros/ros2_driver/install/serial/lib:${LD_LIBRARY_PATH} PYTHONPATH=/home/king/Research/Research4/mmwave_ti_ros/ros2_driver/install/ti_mmwave_rospkg_msgs/local/lib/python3.10/dist-packages:${PYTHONPATH} /usr/bin/cmake /home/king/Research/Research4/mmwave_ti_ros/ros2_driver/src/ti_mmwave_rospkg -DCMAKE_INSTALL_PREFIX=/home/king/Research/Research4/mmwave_ti_ros/ros2_driver/install/ti_mmwave_rospkg
[16.201s] DEBUG:colcon.colcon_core.event_handler.log_command:Invoking command in '/home/king/Research/Research4/mmwave_ti_ros/ros2_driver/build/ti_mmwave_rospkg': AMENT_PREFIX_PATH=/home/king/Research/Research4/mmwave_ti_ros/ros2_driver/install/ti_mmwave_rospkg_msgs:/home/king/Research/Research4/mmwave_ti_ros/ros2_driver/install/serial:${AMENT_PREFIX_PATH} CMAKE_PREFIX_PATH=/home/king/Research/Research4/mmwave_ti_ros/ros2_driver/install/ti_mmwave_rospkg_msgs:/home/king/Research/Research4/mmwave_ti_ros/ros2_driver/install/serial:/opt/ros/humble LD_LIBRARY_PATH=/home/king/Research/Research4/mmwave_ti_ros/ros2_driver/install/ti_mmwave_rospkg_msgs/lib:/home/king/Research/Research4/mmwave_ti_ros/ros2_driver/install/serial/lib:${LD_LIBRARY_PATH} PYTHONPATH=/home/king/Research/Research4/mmwave_ti_ros/ros2_driver/install/ti_mmwave_rospkg_msgs/local/lib/python3.10/dist-packages:${PYTHONPATH} /usr/bin/cmake --build /home/king/Research/Research4/mmwave_ti_ros/ros2_driver/build/ti_mmwave_rospkg -- -j2 -l2
[36.474s] DEBUG:colcon.colcon_core.event_handler.log_command:Invoked command in '/home/king/Research/Research4/mmwave_ti_ros/ros2_driver/build/ti_mmwave_rospkg' returned '0': AMENT_PREFIX_PATH=/home/king/Research/Research4/mmwave_ti_ros/ros2_driver/install/ti_mmwave_rospkg_msgs:/home/king/Research/Research4/mmwave_ti_ros/ros2_driver/install/serial:${AMENT_PREFIX_PATH} CMAKE_PREFIX_PATH=/home/king/Research/Research4/mmwave_ti_ros/ros2_driver/install/ti_mmwave_rospkg_msgs:/home/king/Research/Research4/mmwave_ti_ros/ros2_driver/install/serial:/opt/ros/humble LD_LIBRARY_PATH=/home/king/Research/Research4/mmwave_ti_ros/ros2_driver/install/ti_mmwave_rospkg_msgs/lib:/home/king/Research/Research4/mmwave_ti_ros/ros2_driver/install/serial/lib:${LD_LIBRARY_PATH} PYTHONPATH=/home/king/Research/Research4/mmwave_ti_ros/ros2_driver/install/ti_mmwave_rospkg_msgs/local/lib/python3.10/dist-packages:${PYTHONPATH} /usr/bin/cmake --build /home/king/Research/Research4/mmwave_ti_ros/ros2_driver/build/ti_mmwave_rospkg -- -j2 -l2
[36.475s] DEBUG:colcon.colcon_core.event_handler.log_command:Invoking command in '/home/king/Research/Research4/mmwave_ti_ros/ros2_driver/build/ti_mmwave_rospkg': AMENT_PREFIX_PATH=/home/king/Research/Research4/mmwave_ti_ros/ros2_driver/install/ti_mmwave_rospkg_msgs:/home/king/Research/Research4/mmwave_ti_ros/ros2_driver/install/serial:${AMENT_PREFIX_PATH} CMAKE_PREFIX_PATH=/home/king/Research/Research4/mmwave_ti_ros/ros2_driver/install/ti_mmwave_rospkg_msgs:/home/king/Research/Research4/mmwave_ti_ros/ros2_driver/install/serial:/opt/ros/humble LD_LIBRARY_PATH=/home/king/Research/Research4/mmwave_ti_ros/ros2_driver/install/ti_mmwave_rospkg_msgs/lib:/home/king/Research/Research4/mmwave_ti_ros/ros2_driver/install/serial/lib:${LD_LIBRARY_PATH} PYTHONPATH=/home/king/Research/Research4/mmwave_ti_ros/ros2_driver/install/ti_mmwave_rospkg_msgs/local/lib/python3.10/dist-packages:${PYTHONPATH} /usr/bin/cmake --install /home/king/Research/Research4/mmwave_ti_ros/ros2_driver/build/ti_mmwave_rospkg
[36.519s] Level 1:colcon.colcon_core.environment:create_environment_scripts_only(ti_mmwave_rospkg)
[36.519s] Level 1:colcon.colcon_core.environment:checking '/home/king/Research/Research4/mmwave_ti_ros/ros2_driver/install/ti_mmwave_rospkg' for CMake module files
[36.520s] Level 1:colcon.colcon_core.environment:checking '/home/king/Research/Research4/mmwave_ti_ros/ros2_driver/install/ti_mmwave_rospkg' for CMake config files
[36.520s] Level 1:colcon.colcon_core.shell:create_environment_hook('ti_mmwave_rospkg', 'cmake_prefix_path')
[36.520s] INFO:colcon.colcon_core.shell:Creating environment hook '/home/king/Research/Research4/mmwave_ti_ros/ros2_driver/install/ti_mmwave_rospkg/share/ti_mmwave_rospkg/hook/cmake_prefix_path.ps1'
[36.521s] INFO:colcon.colcon_core.shell:Creating environment descriptor '/home/king/Research/Research4/mmwave_ti_ros/ros2_driver/install/ti_mmwave_rospkg/share/ti_mmwave_rospkg/hook/cmake_prefix_path.dsv'
[36.521s] INFO:colcon.colcon_core.shell:Creating environment hook '/home/king/Research/Research4/mmwave_ti_ros/ros2_driver/install/ti_mmwave_rospkg/share/ti_mmwave_rospkg/hook/cmake_prefix_path.sh'
[36.521s] Level 1:colcon.colcon_core.environment:checking '/home/king/Research/Research4/mmwave_ti_ros/ros2_driver/install/ti_mmwave_rospkg/lib'
[36.521s] Level 1:colcon.colcon_core.shell:create_environment_hook('ti_mmwave_rospkg', 'ld_library_path_lib')
[36.521s] INFO:colcon.colcon_core.shell:Creating environment hook '/home/king/Research/Research4/mmwave_ti_ros/ros2_driver/install/ti_mmwave_rospkg/share/ti_mmwave_rospkg/hook/ld_library_path_lib.ps1'
[36.522s] DEBUG:colcon.colcon_core.event_handler.log_command:Invoked command in '/home/king/Research/Research4/mmwave_ti_ros/ros2_driver/build/ti_mmwave_rospkg' returned '0': AMENT_PREFIX_PATH=/home/king/Research/Research4/mmwave_ti_ros/ros2_driver/install/ti_mmwave_rospkg_msgs:/home/king/Research/Research4/mmwave_ti_ros/ros2_driver/install/serial:${AMENT_PREFIX_PATH} CMAKE_PREFIX_PATH=/home/king/Research/Research4/mmwave_ti_ros/ros2_driver/install/ti_mmwave_rospkg_msgs:/home/king/Research/Research4/mmwave_ti_ros/ros2_driver/install/serial:/opt/ros/humble LD_LIBRARY_PATH=/home/king/Research/Research4/mmwave_ti_ros/ros2_driver/install/ti_mmwave_rospkg_msgs/lib:/home/king/Research/Research4/mmwave_ti_ros/ros2_driver/install/serial/lib:${LD_LIBRARY_PATH} PYTHONPATH=/home/king/Research/Research4/mmwave_ti_ros/ros2_driver/install/ti_mmwave_rospkg_msgs/local/lib/python3.10/dist-packages:${PYTHONPATH} /usr/bin/cmake --install /home/king/Research/Research4/mmwave_ti_ros/ros2_driver/build/ti_mmwave_rospkg
[36.522s] INFO:colcon.colcon_core.shell:Creating environment descriptor '/home/king/Research/Research4/mmwave_ti_ros/ros2_driver/install/ti_mmwave_rospkg/share/ti_mmwave_rospkg/hook/ld_library_path_lib.dsv'
[36.523s] INFO:colcon.colcon_core.shell:Creating environment hook '/home/king/Research/Research4/mmwave_ti_ros/ros2_driver/install/ti_mmwave_rospkg/share/ti_mmwave_rospkg/hook/ld_library_path_lib.sh'
[36.523s] Level 1:colcon.colcon_core.environment:checking '/home/king/Research/Research4/mmwave_ti_ros/ros2_driver/install/ti_mmwave_rospkg/bin'
[36.523s] Level 1:colcon.colcon_core.environment:checking '/home/king/Research/Research4/mmwave_ti_ros/ros2_driver/install/ti_mmwave_rospkg/lib/pkgconfig/ti_mmwave_rospkg.pc'
[36.523s] Level 1:colcon.colcon_core.environment:checking '/home/king/Research/Research4/mmwave_ti_ros/ros2_driver/install/ti_mmwave_rospkg/lib/python3.10/site-packages'
[36.524s] Level 1:colcon.colcon_core.environment:checking '/home/king/Research/Research4/mmwave_ti_ros/ros2_driver/install/ti_mmwave_rospkg/bin'
[36.524s] INFO:colcon.colcon_core.shell:Creating package script '/home/king/Research/Research4/mmwave_ti_ros/ros2_driver/install/ti_mmwave_rospkg/share/ti_mmwave_rospkg/package.ps1'
[36.524s] INFO:colcon.colcon_core.shell:Creating package descriptor '/home/king/Research/Research4/mmwave_ti_ros/ros2_driver/install/ti_mmwave_rospkg/share/ti_mmwave_rospkg/package.dsv'
[36.525s] INFO:colcon.colcon_core.shell:Creating package script '/home/king/Research/Research4/mmwave_ti_ros/ros2_driver/install/ti_mmwave_rospkg/share/ti_mmwave_rospkg/package.sh'
[36.525s] INFO:colcon.colcon_core.shell:Creating package script '/home/king/Research/Research4/mmwave_ti_ros/ros2_driver/install/ti_mmwave_rospkg/share/ti_mmwave_rospkg/package.bash'
[36.525s] INFO:colcon.colcon_core.shell:Creating package script '/home/king/Research/Research4/mmwave_ti_ros/ros2_driver/install/ti_mmwave_rospkg/share/ti_mmwave_rospkg/package.zsh'
[36.525s] Level 1:colcon.colcon_core.environment:create_file_with_runtime_dependencies(/home/king/Research/Research4/mmwave_ti_ros/ros2_driver/install/ti_mmwave_rospkg/share/colcon-core/packages/ti_mmwave_rospkg)
[36.526s] Level 1:colcon.colcon_core.environment:create_environment_scripts_only(ti_mmwave_rospkg)
[36.526s] Level 1:colcon.colcon_core.environment:checking '/home/king/Research/Research4/mmwave_ti_ros/ros2_driver/install/ti_mmwave_rospkg' for CMake module files
[36.526s] Level 1:colcon.colcon_core.environment:checking '/home/king/Research/Research4/mmwave_ti_ros/ros2_driver/install/ti_mmwave_rospkg' for CMake config files
[36.526s] Level 1:colcon.colcon_core.shell:create_environment_hook('ti_mmwave_rospkg', 'cmake_prefix_path')
[36.527s] INFO:colcon.colcon_core.shell:Creating environment hook '/home/king/Research/Research4/mmwave_ti_ros/ros2_driver/install/ti_mmwave_rospkg/share/ti_mmwave_rospkg/hook/cmake_prefix_path.ps1'
[36.527s] INFO:colcon.colcon_core.shell:Creating environment descriptor '/home/king/Research/Research4/mmwave_ti_ros/ros2_driver/install/ti_mmwave_rospkg/share/ti_mmwave_rospkg/hook/cmake_prefix_path.dsv'
[36.527s] INFO:colcon.colcon_core.shell:Creating environment hook '/home/king/Research/Research4/mmwave_ti_ros/ros2_driver/install/ti_mmwave_rospkg/share/ti_mmwave_rospkg/hook/cmake_prefix_path.sh'
[36.528s] Level 1:colcon.colcon_core.environment:checking '/home/king/Research/Research4/mmwave_ti_ros/ros2_driver/install/ti_mmwave_rospkg/lib'
[36.528s] Level 1:colcon.colcon_core.shell:create_environment_hook('ti_mmwave_rospkg', 'ld_library_path_lib')
[36.528s] INFO:colcon.colcon_core.shell:Creating environment hook '/home/king/Research/Research4/mmwave_ti_ros/ros2_driver/install/ti_mmwave_rospkg/share/ti_mmwave_rospkg/hook/ld_library_path_lib.ps1'
[36.528s] INFO:colcon.colcon_core.shell:Creating environment descriptor '/home/king/Research/Research4/mmwave_ti_ros/ros2_driver/install/ti_mmwave_rospkg/share/ti_mmwave_rospkg/hook/ld_library_path_lib.dsv'
[36.528s] INFO:colcon.colcon_core.shell:Creating environment hook '/home/king/Research/Research4/mmwave_ti_ros/ros2_driver/install/ti_mmwave_rospkg/share/ti_mmwave_rospkg/hook/ld_library_path_lib.sh'
[36.529s] Level 1:colcon.colcon_core.environment:checking '/home/king/Research/Research4/mmwave_ti_ros/ros2_driver/install/ti_mmwave_rospkg/bin'
[36.529s] Level 1:colcon.colcon_core.environment:checking '/home/king/Research/Research4/mmwave_ti_ros/ros2_driver/install/ti_mmwave_rospkg/lib/pkgconfig/ti_mmwave_rospkg.pc'
[36.529s] Level 1:colcon.colcon_core.environment:checking '/home/king/Research/Research4/mmwave_ti_ros/ros2_driver/install/ti_mmwave_rospkg/lib/python3.10/site-packages'
[36.529s] Level 1:colcon.colcon_core.environment:checking '/home/king/Research/Research4/mmwave_ti_ros/ros2_driver/install/ti_mmwave_rospkg/bin'
[36.529s] INFO:colcon.colcon_core.shell:Creating package script '/home/king/Research/Research4/mmwave_ti_ros/ros2_driver/install/ti_mmwave_rospkg/share/ti_mmwave_rospkg/package.ps1'
[36.530s] INFO:colcon.colcon_core.shell:Creating package descriptor '/home/king/Research/Research4/mmwave_ti_ros/ros2_driver/install/ti_mmwave_rospkg/share/ti_mmwave_rospkg/package.dsv'
[36.530s] INFO:colcon.colcon_core.shell:Creating package script '/home/king/Research/Research4/mmwave_ti_ros/ros2_driver/install/ti_mmwave_rospkg/share/ti_mmwave_rospkg/package.sh'
[36.531s] INFO:colcon.colcon_core.shell:Creating package script '/home/king/Research/Research4/mmwave_ti_ros/ros2_driver/install/ti_mmwave_rospkg/share/ti_mmwave_rospkg/package.bash'
[36.531s] INFO:colcon.colcon_core.shell:Creating package script '/home/king/Research/Research4/mmwave_ti_ros/ros2_driver/install/ti_mmwave_rospkg/share/ti_mmwave_rospkg/package.zsh'
[36.532s] Level 1:colcon.colcon_core.environment:create_file_with_runtime_dependencies(/home/king/Research/Research4/mmwave_ti_ros/ros2_driver/install/ti_mmwave_rospkg/share/colcon-core/packages/ti_mmwave_rospkg)
[36.533s] DEBUG:colcon.colcon_parallel_executor.executor.parallel:closing loop
[36.533s] DEBUG:colcon.colcon_parallel_executor.executor.parallel:loop closed
[36.533s] DEBUG:colcon.colcon_parallel_executor.executor.parallel:run_until_complete finished with '0'
[36.533s] DEBUG:colcon.colcon_core.event_reactor:joining thread
[36.537s] INFO:colcon.colcon_core.plugin_system:Skipping extension 'colcon_notification.desktop_notification.terminal_notifier': Not used on non-Darwin systems
[36.538s] INFO:colcon.colcon_core.plugin_system:Skipping extension 'colcon_notification.desktop_notification.win32': Not used on non-Windows systems
[36.538s] INFO:colcon.colcon_notification.desktop_notification:Sending desktop notification using 'notify2'
[36.551s] DEBUG:colcon.colcon_core.event_reactor:joined thread
[36.551s] INFO:colcon.colcon_core.shell:Creating prefix script '/home/king/Research/Research4/mmwave_ti_ros/ros2_driver/install/local_setup.ps1'
[36.552s] INFO:colcon.colcon_core.shell:Creating prefix util module '/home/king/Research/Research4/mmwave_ti_ros/ros2_driver/install/_local_setup_util_ps1.py'
[36.553s] INFO:colcon.colcon_core.shell:Creating prefix chain script '/home/king/Research/Research4/mmwave_ti_ros/ros2_driver/install/setup.ps1'
[36.554s] INFO:colcon.colcon_core.shell:Creating prefix script '/home/king/Research/Research4/mmwave_ti_ros/ros2_driver/install/local_setup.sh'
[36.554s] INFO:colcon.colcon_core.shell:Creating prefix util module '/home/king/Research/Research4/mmwave_ti_ros/ros2_driver/install/_local_setup_util_sh.py'
[36.555s] INFO:colcon.colcon_core.shell:Creating prefix chain script '/home/king/Research/Research4/mmwave_ti_ros/ros2_driver/install/setup.sh'
[36.555s] INFO:colcon.colcon_core.shell:Creating prefix script '/home/king/Research/Research4/mmwave_ti_ros/ros2_driver/install/local_setup.bash'
[36.556s] INFO:colcon.colcon_core.shell:Creating prefix chain script '/home/king/Research/Research4/mmwave_ti_ros/ros2_driver/install/setup.bash'
[36.556s] INFO:colcon.colcon_core.shell:Creating prefix script '/home/king/Research/Research4/mmwave_ti_ros/ros2_driver/install/local_setup.zsh'
[36.557s] INFO:colcon.colcon_core.shell:Creating prefix chain script '/home/king/Research/Research4/mmwave_ti_ros/ros2_driver/install/setup.zsh'
