[35m[1mConsolidate compiler generated dependencies of target mmwave[0m
[35m[1mConsolidate compiler generated dependencies of target ConfigParameterServer[0m
[ 25%] Built target ConfigParameterServer
[ 33%] Built target mmwave
[35m[1mConsolidate compiler generated dependencies of target mmWaveCommSrv[0m
[35m[1mConsolidate compiler generated dependencies of target mmWaveQuickConfig[0m
[ 50%] Built target mmWaveCommSrv
[ 66%] Built target mmWaveQuickConfig
[35m[1mConsolidate compiler generated dependencies of target ParameterParser[0m
[35m[1mConsolidate compiler generated dependencies of target DataHandlerClass[0m
[ 83%] Built target ParameterParser
[100%] Built target DataHandlerClass
-- Install configuration: ""
-- Up-to-date: /home/king/Research/Research4/mmwave_ti_ros/ros2_driver/install/ti_mmwave_rospkg/share/ti_mmwave_rospkg/environment/library_path.sh
-- Up-to-date: /home/king/Research/Research4/mmwave_ti_ros/ros2_driver/install/ti_mmwave_rospkg/share/ti_mmwave_rospkg/environment/library_path.dsv
-- Up-to-date: /home/king/Research/Research4/mmwave_ti_ros/ros2_driver/install/ti_mmwave_rospkg/lib/libmmwave.so
-- Up-to-date: /home/king/Research/Research4/mmwave_ti_ros/ros2_driver/install/ti_mmwave_rospkg/lib/ti_mmwave_rospkg/ConfigParameterServer
-- Up-to-date: /home/king/Research/Research4/mmwave_ti_ros/ros2_driver/install/ti_mmwave_rospkg/share/ti_mmwave_rospkg/launch
-- Up-to-date: /home/king/Research/Research4/mmwave_ti_ros/ros2_driver/install/ti_mmwave_rospkg/share/ti_mmwave_rospkg/launch/rviz_old.rviz
-- Up-to-date: /home/king/Research/Research4/mmwave_ti_ros/ros2_driver/install/ti_mmwave_rospkg/share/ti_mmwave_rospkg/launch/rviz.rviz
-- Up-to-date: /home/king/Research/Research4/mmwave_ti_ros/ros2_driver/install/ti_mmwave_rospkg/share/ti_mmwave_rospkg/launch/1443_Standard.py
-- Up-to-date: /home/king/Research/Research4/mmwave_ti_ros/ros2_driver/install/ti_mmwave_rospkg/share/ti_mmwave_rospkg/launch/6843AOP_FineMotion.py
-- Up-to-date: /home/king/Research/Research4/mmwave_ti_ros/ros2_driver/install/ti_mmwave_rospkg/share/ti_mmwave_rospkg/launch/rviz_launch.py
-- Up-to-date: /home/king/Research/Research4/mmwave_ti_ros/ros2_driver/install/ti_mmwave_rospkg/share/ti_mmwave_rospkg/launch/6843AOP_Tracking.py
-- Up-to-date: /home/king/Research/Research4/mmwave_ti_ros/ros2_driver/install/ti_mmwave_rospkg/share/ti_mmwave_rospkg/launch/IWR6843.py
-- Up-to-date: /home/king/Research/Research4/mmwave_ti_ros/ros2_driver/install/ti_mmwave_rospkg/share/ti_mmwave_rospkg/launch/6843ISK_Tracking.py
-- Up-to-date: /home/king/Research/Research4/mmwave_ti_ros/ros2_driver/install/ti_mmwave_rospkg/share/ti_mmwave_rospkg/launch/__pycache__
-- Installing: /home/king/Research/Research4/mmwave_ti_ros/ros2_driver/install/ti_mmwave_rospkg/share/ti_mmwave_rospkg/launch/__pycache__/6843AOP_Standard.cpython-310.pyc
-- Up-to-date: /home/king/Research/Research4/mmwave_ti_ros/ros2_driver/install/ti_mmwave_rospkg/share/ti_mmwave_rospkg/launch/1642_Standard.py
-- Up-to-date: /home/king/Research/Research4/mmwave_ti_ros/ros2_driver/install/ti_mmwave_rospkg/share/ti_mmwave_rospkg/launch/6432_Classification.py
-- Up-to-date: /home/king/Research/Research4/mmwave_ti_ros/ros2_driver/install/ti_mmwave_rospkg/share/ti_mmwave_rospkg/launch/6843AOP_StaticTracking.py
-- Up-to-date: /home/king/Research/Research4/mmwave_ti_ros/ros2_driver/install/ti_mmwave_rospkg/share/ti_mmwave_rospkg/launch/6432_Standard.py
-- Up-to-date: /home/king/Research/Research4/mmwave_ti_ros/ros2_driver/install/ti_mmwave_rospkg/share/ti_mmwave_rospkg/launch/6843ISK_Standard.py
-- Up-to-date: /home/king/Research/Research4/mmwave_ti_ros/ros2_driver/install/ti_mmwave_rospkg/share/ti_mmwave_rospkg/launch/1843_Standard.py
-- Up-to-date: /home/king/Research/Research4/mmwave_ti_ros/ros2_driver/install/ti_mmwave_rospkg/share/ti_mmwave_rospkg/launch/6843AOP_Standard.py
-- Up-to-date: /home/king/Research/Research4/mmwave_ti_ros/ros2_driver/install/ti_mmwave_rospkg/share/ti_mmwave_rospkg/launch/6843ISK_Occupancy.py
-- Up-to-date: /home/king/Research/Research4/mmwave_ti_ros/ros2_driver/install/ti_mmwave_rospkg/share/ti_mmwave_rospkg/config
-- Up-to-date: /home/king/Research/Research4/mmwave_ti_ros/ros2_driver/install/ti_mmwave_rospkg/share/ti_mmwave_rospkg/config/global_params.yaml
-- Up-to-date: /home/king/Research/Research4/mmwave_ti_ros/ros2_driver/install/ti_mmwave_rospkg/share/ti_mmwave_rospkg/cfg
-- Up-to-date: /home/king/Research/Research4/mmwave_ti_ros/ros2_driver/install/ti_mmwave_rospkg/share/ti_mmwave_rospkg/cfg/6843AOP_StaticTracking.cfg
-- Up-to-date: /home/king/Research/Research4/mmwave_ti_ros/ros2_driver/install/ti_mmwave_rospkg/share/ti_mmwave_rospkg/cfg/6843AOP_Standard.cfg
-- Up-to-date: /home/king/Research/Research4/mmwave_ti_ros/ros2_driver/install/ti_mmwave_rospkg/share/ti_mmwave_rospkg/cfg/6432_Standard_Uncompressed.cfg
-- Up-to-date: /home/king/Research/Research4/mmwave_ti_ros/ros2_driver/install/ti_mmwave_rospkg/share/ti_mmwave_rospkg/cfg/1443_Standard.cfg
-- Up-to-date: /home/king/Research/Research4/mmwave_ti_ros/ros2_driver/install/ti_mmwave_rospkg/share/ti_mmwave_rospkg/cfg/1642_Standard.cfg
-- Up-to-date: /home/king/Research/Research4/mmwave_ti_ros/ros2_driver/install/ti_mmwave_rospkg/share/ti_mmwave_rospkg/cfg/6432_Classification.cfg
-- Up-to-date: /home/king/Research/Research4/mmwave_ti_ros/ros2_driver/install/ti_mmwave_rospkg/share/ti_mmwave_rospkg/cfg/1843_3d_hw_trig.cfg
-- Up-to-date: /home/king/Research/Research4/mmwave_ti_ros/ros2_driver/install/ti_mmwave_rospkg/share/ti_mmwave_rospkg/cfg/6843AOP_FineMotion.cfg
-- Up-to-date: /home/king/Research/Research4/mmwave_ti_ros/ros2_driver/install/ti_mmwave_rospkg/share/ti_mmwave_rospkg/cfg/6843ISK_Occupancy.cfg
-- Up-to-date: /home/king/Research/Research4/mmwave_ti_ros/ros2_driver/install/ti_mmwave_rospkg/share/ti_mmwave_rospkg/cfg/1843_Standard.cfg
-- Up-to-date: /home/king/Research/Research4/mmwave_ti_ros/ros2_driver/install/ti_mmwave_rospkg/share/ti_mmwave_rospkg/cfg/6843ISK_Standard.cfg
-- Up-to-date: /home/king/Research/Research4/mmwave_ti_ros/ros2_driver/install/ti_mmwave_rospkg/share/ti_mmwave_rospkg/cfg/6843ISK_Tracking.cfg
-- Up-to-date: /home/king/Research/Research4/mmwave_ti_ros/ros2_driver/install/ti_mmwave_rospkg/share/ti_mmwave_rospkg/cfg/6843AOP_Tracking.cfg
-- Up-to-date: /home/king/Research/Research4/mmwave_ti_ros/ros2_driver/install/ti_mmwave_rospkg/lib/ti_mmwave_rospkg/mmWaveCommSrv
-- Up-to-date: /home/king/Research/Research4/mmwave_ti_ros/ros2_driver/install/ti_mmwave_rospkg/lib/ti_mmwave_rospkg/mmWaveQuickConfig
-- Up-to-date: /home/king/Research/Research4/mmwave_ti_ros/ros2_driver/install/ti_mmwave_rospkg/lib/ti_mmwave_rospkg/ParameterParser
-- Up-to-date: /home/king/Research/Research4/mmwave_ti_ros/ros2_driver/install/ti_mmwave_rospkg/lib/ti_mmwave_rospkg/DataHandlerClass
-- Up-to-date: /home/king/Research/Research4/mmwave_ti_ros/ros2_driver/install/ti_mmwave_rospkg/include/
-- Up-to-date: /home/king/Research/Research4/mmwave_ti_ros/ros2_driver/install/ti_mmwave_rospkg/include//mmWave.h
-- Up-to-date: /home/king/Research/Research4/mmwave_ti_ros/ros2_driver/install/ti_mmwave_rospkg/include//DataHandlerClass.h
-- Up-to-date: /home/king/Research/Research4/mmwave_ti_ros/ros2_driver/install/ti_mmwave_rospkg/share/ament_index/resource_index/package_run_dependencies/ti_mmwave_rospkg
-- Up-to-date: /home/king/Research/Research4/mmwave_ti_ros/ros2_driver/install/ti_mmwave_rospkg/share/ament_index/resource_index/parent_prefix_path/ti_mmwave_rospkg
-- Up-to-date: /home/king/Research/Research4/mmwave_ti_ros/ros2_driver/install/ti_mmwave_rospkg/share/ti_mmwave_rospkg/environment/ament_prefix_path.sh
-- Up-to-date: /home/king/Research/Research4/mmwave_ti_ros/ros2_driver/install/ti_mmwave_rospkg/share/ti_mmwave_rospkg/environment/ament_prefix_path.dsv
-- Up-to-date: /home/king/Research/Research4/mmwave_ti_ros/ros2_driver/install/ti_mmwave_rospkg/share/ti_mmwave_rospkg/environment/path.sh
-- Up-to-date: /home/king/Research/Research4/mmwave_ti_ros/ros2_driver/install/ti_mmwave_rospkg/share/ti_mmwave_rospkg/environment/path.dsv
-- Up-to-date: /home/king/Research/Research4/mmwave_ti_ros/ros2_driver/install/ti_mmwave_rospkg/share/ti_mmwave_rospkg/local_setup.bash
-- Up-to-date: /home/king/Research/Research4/mmwave_ti_ros/ros2_driver/install/ti_mmwave_rospkg/share/ti_mmwave_rospkg/local_setup.sh
-- Up-to-date: /home/king/Research/Research4/mmwave_ti_ros/ros2_driver/install/ti_mmwave_rospkg/share/ti_mmwave_rospkg/local_setup.zsh
-- Up-to-date: /home/king/Research/Research4/mmwave_ti_ros/ros2_driver/install/ti_mmwave_rospkg/share/ti_mmwave_rospkg/local_setup.dsv
-- Installing: /home/king/Research/Research4/mmwave_ti_ros/ros2_driver/install/ti_mmwave_rospkg/share/ti_mmwave_rospkg/package.dsv
-- Up-to-date: /home/king/Research/Research4/mmwave_ti_ros/ros2_driver/install/ti_mmwave_rospkg/share/ament_index/resource_index/packages/ti_mmwave_rospkg
-- Up-to-date: /home/king/Research/Research4/mmwave_ti_ros/ros2_driver/install/ti_mmwave_rospkg/share/ti_mmwave_rospkg/cmake/ament_cmake_export_dependencies-extras.cmake
-- Up-to-date: /home/king/Research/Research4/mmwave_ti_ros/ros2_driver/install/ti_mmwave_rospkg/share/ti_mmwave_rospkg/cmake/ament_cmake_export_include_directories-extras.cmake
-- Up-to-date: /home/king/Research/Research4/mmwave_ti_ros/ros2_driver/install/ti_mmwave_rospkg/share/ti_mmwave_rospkg/cmake/ament_cmake_export_libraries-extras.cmake
-- Up-to-date: /home/king/Research/Research4/mmwave_ti_ros/ros2_driver/install/ti_mmwave_rospkg/share/ti_mmwave_rospkg/cmake/ti_mmwave_rospkgConfig.cmake
-- Up-to-date: /home/king/Research/Research4/mmwave_ti_ros/ros2_driver/install/ti_mmwave_rospkg/share/ti_mmwave_rospkg/cmake/ti_mmwave_rospkgConfig-version.cmake
-- Up-to-date: /home/king/Research/Research4/mmwave_ti_ros/ros2_driver/install/ti_mmwave_rospkg/share/ti_mmwave_rospkg/package.xml
