[0.012s] Invoking command in '/home/king/Research/Research4/mmwave_ti_ros/ros2_driver/build/serial': CMAKE_PREFIX_PATH=/opt/ros/humble /usr/bin/cmake /home/king/Research/Research4/mmwave_ti_ros/ros2_driver/src/serial-ros2-master -DCMAKE_INSTALL_PREFIX=/home/king/Research/Research4/mmwave_ti_ros/ros2_driver/install/serial
[0.097s] -- The C compiler identification is GNU 11.4.0
[0.160s] -- The CXX compiler identification is GNU 11.4.0
[0.168s] -- Detecting C compiler ABI info
[0.243s] -- Detecting C compiler ABI info - done
[0.248s] -- Check for working C compiler: /usr/bin/cc - skipped
[0.251s] -- Detecting C compile features
[0.254s] -- Detecting C compile features - done
[0.257s] -- Detecting CXX compiler ABI info
[0.339s] -- Detecting CXX compiler ABI info - done
[0.350s] -- Check for working CXX compiler: /usr/bin/c++ - skipped
[0.350s] -- Detecting CXX compile features
[0.350s] -- Detecting CXX compile features - done
[0.354s] -- Found ament_cmake: 1.3.11 (/opt/ros/humble/share/ament_cmake/cmake)
[0.461s] -- Found Python3: /usr/bin/python3 (found version "3.10.12") found components: Interpreter 
[0.527s] [33mCMake Warning (dev) at CMakeLists.txt:26 (target_sources):
[0.528s]   Policy CMP0076 is not set: target_sources() command converts relative paths
[0.528s]   to absolute.  Run "cmake --help-policy CMP0076" for policy details.  Use
[0.528s]   the cmake_policy command to set the policy and suppress this warning.
[0.529s] 
[0.529s]   An interface source of target "serial" has a relative path.
[0.529s] This warning is for project developers.  Use -Wno-dev to suppress it.
[0.529s] [0m
[0.579s] -- Configuring done
[0.582s] -- Generating done
[0.583s] -- Build files have been written to: /home/king/Research/Research4/mmwave_ti_ros/ros2_driver/build/serial
[0.586s] Invoked command in '/home/king/Research/Research4/mmwave_ti_ros/ros2_driver/build/serial' returned '0': CMAKE_PREFIX_PATH=/opt/ros/humble /usr/bin/cmake /home/king/Research/Research4/mmwave_ti_ros/ros2_driver/src/serial-ros2-master -DCMAKE_INSTALL_PREFIX=/home/king/Research/Research4/mmwave_ti_ros/ros2_driver/install/serial
[0.590s] Invoking command in '/home/king/Research/Research4/mmwave_ti_ros/ros2_driver/build/serial': CMAKE_PREFIX_PATH=/opt/ros/humble /usr/bin/cmake --build /home/king/Research/Research4/mmwave_ti_ros/ros2_driver/build/serial -- -j2 -l2
[0.642s] [ 25%] [32mBuilding CXX object CMakeFiles/serial.dir/src/impl/unix.cc.o[0m
[0.647s] [ 50%] [32mBuilding CXX object CMakeFiles/serial.dir/src/serial.cc.o[0m
[1.203s] [ 75%] [32mBuilding CXX object CMakeFiles/serial.dir/src/impl/list_ports/list_ports_linux.cc.o[0m
[1.577s] [100%] [32m[1mLinking CXX shared library libserial.so[0m
[1.656s] [100%] Built target serial
[1.673s] Invoked command in '/home/king/Research/Research4/mmwave_ti_ros/ros2_driver/build/serial' returned '0': CMAKE_PREFIX_PATH=/opt/ros/humble /usr/bin/cmake --build /home/king/Research/Research4/mmwave_ti_ros/ros2_driver/build/serial -- -j2 -l2
[1.685s] Invoking command in '/home/king/Research/Research4/mmwave_ti_ros/ros2_driver/build/serial': CMAKE_PREFIX_PATH=/opt/ros/humble /usr/bin/cmake --install /home/king/Research/Research4/mmwave_ti_ros/ros2_driver/build/serial
[1.694s] -- Install configuration: ""
[1.695s] -- Installing: /home/king/Research/Research4/mmwave_ti_ros/ros2_driver/install/serial/share/serial/environment/library_path.sh
[1.696s] -- Installing: /home/king/Research/Research4/mmwave_ti_ros/ros2_driver/install/serial/share/serial/environment/library_path.dsv
[1.699s] -- Installing: /home/king/Research/Research4/mmwave_ti_ros/ros2_driver/install/serial/lib/libserial.so
[1.699s] -- Installing: /home/king/Research/Research4/mmwave_ti_ros/ros2_driver/install/serial/include/serial/serial.h
[1.699s] -- Installing: /home/king/Research/Research4/mmwave_ti_ros/ros2_driver/install/serial/include/serial/v8stdint.h
[1.699s] -- Installing: /home/king/Research/Research4/mmwave_ti_ros/ros2_driver/install/serial/share/ament_index/resource_index/package_run_dependencies/serial
[1.700s] -- Installing: /home/king/Research/Research4/mmwave_ti_ros/ros2_driver/install/serial/share/ament_index/resource_index/parent_prefix_path/serial
[1.701s] -- Installing: /home/king/Research/Research4/mmwave_ti_ros/ros2_driver/install/serial/share/serial/environment/ament_prefix_path.sh
[1.701s] -- Installing: /home/king/Research/Research4/mmwave_ti_ros/ros2_driver/install/serial/share/serial/environment/ament_prefix_path.dsv
[1.701s] -- Installing: /home/king/Research/Research4/mmwave_ti_ros/ros2_driver/install/serial/share/serial/environment/path.sh
[1.706s] -- Installing: /home/king/Research/Research4/mmwave_ti_ros/ros2_driver/install/serial/share/serial/environment/path.dsv
[1.706s] -- Installing: /home/king/Research/Research4/mmwave_ti_ros/ros2_driver/install/serial/share/serial/local_setup.bash
[1.706s] -- Installing: /home/king/Research/Research4/mmwave_ti_ros/ros2_driver/install/serial/share/serial/local_setup.sh
[1.706s] -- Installing: /home/king/Research/Research4/mmwave_ti_ros/ros2_driver/install/serial/share/serial/local_setup.zsh
[1.706s] -- Installing: /home/king/Research/Research4/mmwave_ti_ros/ros2_driver/install/serial/share/serial/local_setup.dsv
[1.707s] -- Installing: /home/king/Research/Research4/mmwave_ti_ros/ros2_driver/install/serial/share/serial/package.dsv
[1.707s] -- Installing: /home/king/Research/Research4/mmwave_ti_ros/ros2_driver/install/serial/share/ament_index/resource_index/packages/serial
[1.707s] -- Installing: /home/king/Research/Research4/mmwave_ti_ros/ros2_driver/install/serial/share/serial/cmake/ament_cmake_export_include_directories-extras.cmake
[1.707s] -- Installing: /home/king/Research/Research4/mmwave_ti_ros/ros2_driver/install/serial/share/serial/cmake/ament_cmake_export_libraries-extras.cmake
[1.707s] -- Installing: /home/king/Research/Research4/mmwave_ti_ros/ros2_driver/install/serial/share/serial/cmake/serialConfig.cmake
[1.707s] -- Installing: /home/king/Research/Research4/mmwave_ti_ros/ros2_driver/install/serial/share/serial/cmake/serialConfig-version.cmake
[1.707s] -- Installing: /home/king/Research/Research4/mmwave_ti_ros/ros2_driver/install/serial/share/serial/package.xml
[1.710s] Invoked command in '/home/king/Research/Research4/mmwave_ti_ros/ros2_driver/build/serial' returned '0': CMAKE_PREFIX_PATH=/opt/ros/humble /usr/bin/cmake --install /home/king/Research/Research4/mmwave_ti_ros/ros2_driver/build/serial
