[0.021s] Invoking command in '/home/king/Research/Research4/mmwave_ti_ros/ros2_driver/build/serial': CMAKE_PREFIX_PATH=${CMAKE_PREFIX_PATH}:/opt/ros/humble /usr/bin/cmake --build /home/king/Research/Research4/mmwave_ti_ros/ros2_driver/build/serial -- -j2 -l2
[0.064s] [35m[1mConsolidate compiler generated dependencies of target serial[0m
[0.096s] [100%] Built target serial
[0.123s] Invoked command in '/home/king/Research/Research4/mmwave_ti_ros/ros2_driver/build/serial' returned '0': CMAKE_PREFIX_PATH=${CMAKE_PREFIX_PATH}:/opt/ros/humble /usr/bin/cmake --build /home/king/Research/Research4/mmwave_ti_ros/ros2_driver/build/serial -- -j2 -l2
[0.142s] Invoking command in '/home/king/Research/Research4/mmwave_ti_ros/ros2_driver/build/serial': CMAKE_PREFIX_PATH=${CMAKE_PREFIX_PATH}:/opt/ros/humble /usr/bin/cmake --install /home/king/Research/Research4/mmwave_ti_ros/ros2_driver/build/serial
[0.161s] -- Install configuration: ""
[0.162s] -- Up-to-date: /home/king/Research/Research4/mmwave_ti_ros/ros2_driver/install/serial/share/serial/environment/library_path.sh
[0.162s] -- Up-to-date: /home/king/Research/Research4/mmwave_ti_ros/ros2_driver/install/serial/share/serial/environment/library_path.dsv
[0.163s] -- Up-to-date: /home/king/Research/Research4/mmwave_ti_ros/ros2_driver/install/serial/lib/libserial.so
[0.163s] -- Up-to-date: /home/king/Research/Research4/mmwave_ti_ros/ros2_driver/install/serial/include/serial/serial.h
[0.163s] -- Up-to-date: /home/king/Research/Research4/mmwave_ti_ros/ros2_driver/install/serial/include/serial/v8stdint.h
[0.163s] -- Up-to-date: /home/king/Research/Research4/mmwave_ti_ros/ros2_driver/install/serial/share/ament_index/resource_index/package_run_dependencies/serial
[0.163s] -- Up-to-date: /home/king/Research/Research4/mmwave_ti_ros/ros2_driver/install/serial/share/ament_index/resource_index/parent_prefix_path/serial
[0.163s] -- Up-to-date: /home/king/Research/Research4/mmwave_ti_ros/ros2_driver/install/serial/share/serial/environment/ament_prefix_path.sh
[0.163s] -- Up-to-date: /home/king/Research/Research4/mmwave_ti_ros/ros2_driver/install/serial/share/serial/environment/ament_prefix_path.dsv
[0.166s] -- Up-to-date: /home/king/Research/Research4/mmwave_ti_ros/ros2_driver/install/serial/share/serial/environment/path.sh
[0.166s] -- Up-to-date: /home/king/Research/Research4/mmwave_ti_ros/ros2_driver/install/serial/share/serial/environment/path.dsv
[0.166s] -- Up-to-date: /home/king/Research/Research4/mmwave_ti_ros/ros2_driver/install/serial/share/serial/local_setup.bash
[0.166s] -- Up-to-date: /home/king/Research/Research4/mmwave_ti_ros/ros2_driver/install/serial/share/serial/local_setup.sh
[0.166s] -- Up-to-date: /home/king/Research/Research4/mmwave_ti_ros/ros2_driver/install/serial/share/serial/local_setup.zsh
[0.167s] -- Up-to-date: /home/king/Research/Research4/mmwave_ti_ros/ros2_driver/install/serial/share/serial/local_setup.dsv
[0.167s] -- Installing: /home/king/Research/Research4/mmwave_ti_ros/ros2_driver/install/serial/share/serial/package.dsv
[0.167s] -- Up-to-date: /home/king/Research/Research4/mmwave_ti_ros/ros2_driver/install/serial/share/ament_index/resource_index/packages/serial
[0.174s] -- Up-to-date: /home/king/Research/Research4/mmwave_ti_ros/ros2_driver/install/serial/share/serial/cmake/ament_cmake_export_include_directories-extras.cmake
[0.175s] -- Up-to-date: /home/king/Research/Research4/mmwave_ti_ros/ros2_driver/install/serial/share/serial/cmake/ament_cmake_export_libraries-extras.cmake
[0.176s] -- Up-to-date: /home/king/Research/Research4/mmwave_ti_ros/ros2_driver/install/serial/share/serial/cmake/serialConfig.cmake
[0.176s] -- Up-to-date: /home/king/Research/Research4/mmwave_ti_ros/ros2_driver/install/serial/share/serial/cmake/serialConfig-version.cmake
[0.176s] -- Up-to-date: /home/king/Research/Research4/mmwave_ti_ros/ros2_driver/install/serial/share/serial/package.xml
[0.176s] Invoked command in '/home/king/Research/Research4/mmwave_ti_ros/ros2_driver/build/serial' returned '0': CMAKE_PREFIX_PATH=${CMAKE_PREFIX_PATH}:/opt/ros/humble /usr/bin/cmake --install /home/king/Research/Research4/mmwave_ti_ros/ros2_driver/build/serial
